22:42:37.891 [main                     ] DEBUG Logger               - Configured Logger
22:42:37.907 [main                     ] DEBUG GameApplication      - Logging settings
Title: RougeVolley — 地牢探险
Version: 0.1.0
Width: 1280
Height: 720
Fullscreen: false
Intro: false
Profiling: false
Single step:false
App Mode: DEVELOPER
Menu Key: ESCAPE
Stage Style: DECORATED
Scene Factory: class com.almasb.fxgl.app.scene.SceneFactory

22:42:38.280 [JavaFX Application Thread] DEBUG FXGLApplication      - Initializing FXGL
22:42:38.282 [JavaFX Application Thread] INFO  Engine               - FXGL-21.1 (27.03.2024 07.52) on WINDOWS (J:21.0.8 FX:21)
22:42:38.282 [JavaFX Application Thread] DEBUG Engine               - JRE Vendor Name: Microsoft
22:42:38.282 [JavaFX Application Thread] DEBUG Engine               - Running on OS: Windows 11 version 10.0
22:42:38.282 [JavaFX Application Thread] DEBUG Engine               - Architecture: amd64
22:42:38.282 [JavaFX Application Thread] INFO  Engine               - Source code and latest versions at: https://github.com/AlmasB/FXGL
22:42:38.282 [JavaFX Application Thread] INFO  Engine               -       Ask questions and discuss at: https://github.com/AlmasB/FXGL/discussions
22:42:38.282 [JavaFX Application Thread] INFO  Engine               -              Join the FXGL chat at: https://gitter.im/AlmasB/FXGL
22:42:38.346 [JavaFX Application Thread] DEBUG PrimaryStageWindow   - Creating a JavaFX scene
22:42:38.377 [JavaFX Application Thread] DEBUG PrimaryStageWindow   - Target settings size: 1280.0 x 720.0
22:42:38.377 [JavaFX Application Thread] DEBUG PrimaryStageWindow   - Scaled scene size:    1280.0 x 720.0
22:42:38.377 [JavaFX Application Thread] DEBUG PrimaryStageWindow   - Scaled ratio: (1.0, 1.0)
22:42:38.378 [JavaFX Application Thread] DEBUG PrimaryStageWindow   - Set initial scene to FXGLStartupScene
22:42:38.379 [JavaFX Application Thread] DEBUG PrimaryStageWindow   - Opening main window
22:42:38.455 [JavaFX Application Thread] DEBUG PrimaryStageWindow   - Window border size: (14.6666259765625, 37.33331298828125)
22:42:38.455 [JavaFX Application Thread] DEBUG PrimaryStageWindow   - Scaled size: 1280.0 x 720.0
22:42:38.455 [JavaFX Application Thread] DEBUG PrimaryStageWindow   - Scaled ratio: (1.0, 1.0)
22:42:38.456 [JavaFX Application Thread] DEBUG PrimaryStageWindow   - Scene size: 1280.0 x 720.0
22:42:38.456 [JavaFX Application Thread] DEBUG PrimaryStageWindow   - Stage size: 1294.6666259765625 x 757.3333129882812
22:42:38.460 [FXGL Background Thread 1 ] DEBUG Engine               - Initializing environment variables
22:42:38.498 [FXGL Background Thread 1 ] DEBUG FXGLAssetLoaderServi - User app class for loading assets: class org.example.rougevolley.RougeVolleyFXGL
22:42:38.498 [FXGL Background Thread 1 ] DEBUG GameApplicationServi - Applying CSS: fxgl_dark.css
22:42:38.499 [FXGL Background Thread 1 ] DEBUG FXGLAssetLoaderServi - Loading from file system: jar:file:/C:/Users/19559/.m2/repository/com/github/almasb/fxgl/21.1/fxgl-21.1.jar!/fxglassets/ui/css/fxgl_dark.css
22:42:38.525 [FXGL Background Thread 1 ] DEBUG GameApplicationServi - Initializing application scenes
22:42:38.590 [FXGL Background Thread 1 ] DEBUG GameWorld            - Game world initialized
22:42:38.638 [FXGL Background Thread 1 ] DEBUG PhysicsWorld         - Physics world initialized: appHeight=720, physics.ppm=50.0
22:42:38.638 [FXGL Background Thread 1 ] DEBUG PhysicsWorld         - Using strategy: BRUTE_FORCE
22:42:38.640 [FXGL Background Thread 1 ] DEBUG GameScene            - Game scene initialized: 1280x720
22:42:38.640 [FXGL Background Thread 1 ] DEBUG GameApplicationServi - Application scenes initialized
22:42:38.651 [FXGL Background Thread 1 ] DEBUG SystemBundleService  - Loading FXGL system data
22:42:38.656 [FXGL Background Thread 1 ] DEBUG FileSystemAccess     - Reading from: C:\Users\19559\IdeaProjects\RougeVolley\system\fxgl.bundle
22:42:38.663 [FXGL Background Thread 1 ] DEBUG SystemBundleService  - Bundle FXGL: {}
22:42:38.663 [FXGL Background Thread 1 ] DEBUG UpdaterService       - Checking for updates
22:42:38.666 [FXGL Background Thread 4 ] DEBUG FXGLApplication      - Loading fonts
22:42:38.666 [FXGL Background Thread 4 ] DEBUG FXGLAssetLoaderServi - Loading from file system: jar:file:/C:/Users/19559/.m2/repository/com/github/almasb/fxgl/21.1/fxgl-21.1.jar!/fxglassets/ui/fonts/VarelaRound-Regular.ttf
22:42:38.667 [FXGL Background Thread 1 ] DEBUG FXGLApplication      - Loading default localization
22:42:38.667 [FXGL Background Thread 1 ] DEBUG FXGLAssetLoaderServi - Loading from file system: jar:file:/C:/Users/19559/.m2/repository/com/github/almasb/fxgl/21.1/fxgl-21.1.jar!/fxglassets/languages/english.lang
22:42:38.692 [FXGL Background Thread 4 ] DEBUG FXGLAssetLoaderServi - Loading from file system: jar:file:/C:/Users/19559/.m2/repository/com/github/almasb/fxgl/21.1/fxgl-21.1.jar!/fxglassets/ui/fonts/Abel-Regular.ttf
22:42:38.695 [FXGL Background Thread 4 ] DEBUG FXGLAssetLoaderServi - Loading from file system: jar:file:/C:/Users/19559/.m2/repository/com/github/almasb/fxgl/21.1/fxgl-21.1.jar!/fxglassets/ui/fonts/TerminalLandMono-Regular.otf
22:42:38.697 [FXGL Background Thread 4 ] DEBUG FXGLAssetLoaderServi - Loading from file system: jar:file:/C:/Users/19559/.m2/repository/com/github/almasb/fxgl/21.1/fxgl-21.1.jar!/fxglassets/ui/fonts/Courier-Prime.ttf
22:42:38.703 [JavaFX Application Thread] DEBUG FXGLApplication      - Registering font factories with UI factory
22:42:38.705 [FXGL Background Thread 1 ] INFO  FXGLApplication      - FXGL initialization took: 0.245 sec
22:42:38.712 [JavaFX Application Thread] DEBUG Input                - Registered new binding: Move Up - W
22:42:38.712 [JavaFX Application Thread] DEBUG Input                - Registered new binding: Move Up Arrow - Up
22:42:38.712 [JavaFX Application Thread] DEBUG Input                - Registered new binding: Move Down - S
22:42:38.712 [JavaFX Application Thread] DEBUG Input                - Registered new binding: Move Down Arrow - Down
22:42:38.713 [JavaFX Application Thread] DEBUG Input                - Registered new binding: Move Left - A
22:42:38.713 [JavaFX Application Thread] DEBUG Input                - Registered new binding: Move Left Arrow - Left
22:42:38.713 [JavaFX Application Thread] DEBUG Input                - Registered new binding: Move Right - D
22:42:38.713 [JavaFX Application Thread] DEBUG Input                - Registered new binding: Move Right Arrow - Right
22:42:38.715 [JavaFX Application Thread] DEBUG Input                - Registered new binding: Fire - LMB
22:42:38.716 [JavaFX Application Thread] DEBUG FXGLAssetLoaderServi - Loading from file system: jar:file:/C:/Users/19559/.m2/repository/com/github/almasb/fxgl/21.1/fxgl-21.1.jar!/fxglassets/textures/fxgl_icon.png
22:42:38.750 [JavaFX Application Thread] DEBUG FXGLAssetLoaderServi - Loading from file system: jar:file:/C:/Users/19559/.m2/repository/com/github/almasb/fxgl/21.1/fxgl-21.1.jar!/fxglassets/textures/fxgl_default_cursor.png
22:42:38.756 [JavaFX Application Thread] DEBUG Input                - Registered new binding: Screenshot - CTRL+8
22:42:38.757 [JavaFX Application Thread] DEBUG Input                - Registered new binding: System info dump - CTRL+9
22:42:38.757 [JavaFX Application Thread] DEBUG Input                - Registered new binding: Restart - CTRL+R
22:42:38.759 [JavaFX Application Thread] DEBUG Input                - Registered new binding: Toggle Debug Camera - CTRL+7
22:42:38.767 [JavaFX Application Thread] DEBUG LoopRunner           - Starting loop
22:42:38.768 [JavaFX Application Thread] DEBUG LoopRunner           - Initializing JavaFX AnimationTimerLoop
22:42:38.772 [JavaFX Application Thread] DEBUG GameApplicationServi - Starting new game
22:42:38.772 [JavaFX Application Thread] DEBUG Input                - Clearing active input actions
22:42:38.784 [JavaFX Application Thread] DEBUG GameApplicationServi - Removing overlay from FXGLStartupScene and adding to FXGLLoadingScene
22:42:38.784 [JavaFX Application Thread] DEBUG PrimaryStageWindow   - FXGLStartupScene -> FXGLLoadingScene
22:42:38.784 [JavaFX Application Thread] DEBUG GameApplicationServi - Clearing previous game
22:42:38.784 [JavaFX Application Thread] DEBUG GameScene            - Clearing game scene
22:42:38.784 [JavaFX Application Thread] DEBUG GameWorld            - Clearing game world
22:42:38.784 [JavaFX Application Thread] DEBUG PhysicsWorld         - Clearing physics world
22:42:38.787 [FXGL Background Thread 1 ] DEBUG FXGLApplication      - Initializing game
22:42:38.791 [FXGL Background Thread 1 ] INFO  RougeVolleyFXGL      - RougeVolley initializing... seed=-5273172360014736455
22:42:38.804 [FXGL Background Thread 1 ] INFO  RougeVolleyFXGL      - Spawned 8 test enemies
22:42:38.806 [FXGL Background Thread 1 ] INFO  RougeVolleyFXGL      - RougeVolley initialized. Player at (1500.0, 1500.0)
22:42:38.806 [FXGL Background Thread 1 ] INFO  FXGLApplication      - Game initialization took: 0.019 sec
22:42:38.876 [JavaFX Application Thread] DEBUG Input                - Clearing active input actions
22:42:38.880 [JavaFX Application Thread] DEBUG GameApplicationServi - Removing overlay from FXGLLoadingScene and adding to GameScene
22:42:38.880 [JavaFX Application Thread] DEBUG PrimaryStageWindow   - FXGLLoadingScene -> GameScene
22:42:39.573 [JavaFX Application Thread] DEBUG EventBus             - Firing event: javafx.event.Event[source=javafx.event.Event$$Lambda/0x000001878117a7e8@68afe22]
22:42:39.696 [JavaFX Application Thread] DEBUG EventBus             - Firing event: javafx.event.Event[source=javafx.event.Event$$Lambda/0x000001878117a7e8@68afe22]
22:42:40.991 [JavaFX Application Thread] DEBUG FXGLApplication      - Exiting FXGL
22:42:40.991 [JavaFX Application Thread] DEBUG LoopRunner           - Stopping loop
22:42:40.991 [JavaFX Application Thread] DEBUG SystemBundleService  - Saving FXGL system data
22:42:40.992 [JavaFX Application Thread] DEBUG FileSystemAccess     - Writing to: C:\Users\19559\IdeaProjects\RougeVolley\system\fxgl.bundle
22:42:40.994 [JavaFX Application Thread] DEBUG Async                - Shutting down background threads
22:42:40.994 [JavaFX Application Thread] DEBUG PrimaryStageWindow   - Closing main window
22:42:41.032 [JavaFX Application Thread] DEBUG Logger               - Closing Logger
