22:39:26.600 [main                     ] DEBUG Logger               - Configured Logger
22:39:26.627 [main                     ] DEBUG GameApplication      - Logging settings
Title: RougeVolley — 地牢探险
Version: 0.1.0
Width: 1280
Height: 720
Fullscreen: false
Intro: false
Profiling: false
Single step:false
App Mode: DEVELOPER
Menu Key: ESCAPE
Stage Style: DECORATED
Scene Factory: class com.almasb.fxgl.app.scene.SceneFactory

22:39:27.093 [JavaFX Application Thread] DEBUG FXGLApplication      - Initializing FXGL
22:39:27.095 [JavaFX Application Thread] INFO  Engine               - FXGL-21.1 (27.03.2024 07.52) on WINDOWS (J:21.0.8 FX:21)
22:39:27.095 [JavaFX Application Thread] DEBUG Engine               - JRE Vendor Name: Microsoft
22:39:27.095 [JavaFX Application Thread] DEBUG Engine               - Running on OS: Windows 11 version 10.0
22:39:27.095 [JavaFX Application Thread] DEBUG Engine               - Architecture: amd64
22:39:27.096 [JavaFX Application Thread] INFO  Engine               - Source code and latest versions at: https://github.com/AlmasB/FXGL
22:39:27.096 [JavaFX Application Thread] INFO  Engine               -       Ask questions and discuss at: https://github.com/AlmasB/FXGL/discussions
22:39:27.096 [JavaFX Application Thread] INFO  Engine               -              Join the FXGL chat at: https://gitter.im/AlmasB/FXGL
22:39:27.179 [JavaFX Application Thread] DEBUG PrimaryStageWindow   - Creating a JavaFX scene
22:39:27.216 [JavaFX Application Thread] DEBUG PrimaryStageWindow   - Target settings size: 1280.0 x 720.0
22:39:27.216 [JavaFX Application Thread] DEBUG PrimaryStageWindow   - Scaled scene size:    1280.0 x 720.0
22:39:27.216 [JavaFX Application Thread] DEBUG PrimaryStageWindow   - Scaled ratio: (1.0, 1.0)
22:39:27.219 [JavaFX Application Thread] DEBUG PrimaryStageWindow   - Set initial scene to FXGLStartupScene
22:39:27.221 [JavaFX Application Thread] DEBUG PrimaryStageWindow   - Opening main window
22:39:27.327 [JavaFX Application Thread] DEBUG PrimaryStageWindow   - Window border size: (14.6666259765625, 37.33331298828125)
22:39:27.327 [JavaFX Application Thread] DEBUG PrimaryStageWindow   - Scaled size: 1280.0 x 720.0
22:39:27.327 [JavaFX Application Thread] DEBUG PrimaryStageWindow   - Scaled ratio: (1.0, 1.0)
22:39:27.327 [JavaFX Application Thread] DEBUG PrimaryStageWindow   - Scene size: 1280.0 x 720.0
22:39:27.327 [JavaFX Application Thread] DEBUG PrimaryStageWindow   - Stage size: 1294.6666259765625 x 757.3333129882812
22:39:27.336 [FXGL Background Thread 1 ] DEBUG Engine               - Initializing environment variables
22:39:27.400 [FXGL Background Thread 1 ] DEBUG FXGLAssetLoaderServi - User app class for loading assets: class org.example.rougevolley.RougeVolleyFXGL
22:39:27.400 [FXGL Background Thread 1 ] DEBUG GameApplicationServi - Applying CSS: fxgl_dark.css
22:39:27.400 [FXGL Background Thread 1 ] DEBUG FXGLAssetLoaderServi - Loading from file system: jar:file:/C:/Users/19559/.m2/repository/com/github/almasb/fxgl/21.1/fxgl-21.1.jar!/fxglassets/ui/css/fxgl_dark.css
22:39:27.433 [FXGL Background Thread 1 ] DEBUG GameApplicationServi - Initializing application scenes
22:39:27.536 [FXGL Background Thread 1 ] DEBUG GameWorld            - Game world initialized
22:39:27.582 [FXGL Background Thread 1 ] DEBUG PhysicsWorld         - Physics world initialized: appHeight=720, physics.ppm=50.0
22:39:27.584 [FXGL Background Thread 1 ] DEBUG PhysicsWorld         - Using strategy: BRUTE_FORCE
22:39:27.585 [FXGL Background Thread 1 ] DEBUG GameScene            - Game scene initialized: 1280x720
22:39:27.586 [FXGL Background Thread 1 ] DEBUG GameApplicationServi - Application scenes initialized
22:39:27.605 [FXGL Background Thread 1 ] DEBUG SystemBundleService  - Loading FXGL system data
22:39:27.610 [FXGL Background Thread 1 ] DEBUG FileSystemAccess     - Reading from: C:\Users\19559\IdeaProjects\RougeVolley\system\fxgl.bundle
22:39:27.619 [FXGL Background Thread 1 ] DEBUG SystemBundleService  - Bundle FXGL: {}
22:39:27.619 [FXGL Background Thread 1 ] DEBUG UpdaterService       - Checking for updates
22:39:27.623 [FXGL Background Thread 4 ] DEBUG FXGLApplication      - Loading fonts
22:39:27.623 [FXGL Background Thread 1 ] DEBUG FXGLApplication      - Loading default localization
22:39:27.623 [FXGL Background Thread 4 ] DEBUG FXGLAssetLoaderServi - Loading from file system: jar:file:/C:/Users/19559/.m2/repository/com/github/almasb/fxgl/21.1/fxgl-21.1.jar!/fxglassets/ui/fonts/VarelaRound-Regular.ttf
22:39:27.624 [FXGL Background Thread 1 ] DEBUG FXGLAssetLoaderServi - Loading from file system: jar:file:/C:/Users/19559/.m2/repository/com/github/almasb/fxgl/21.1/fxgl-21.1.jar!/fxglassets/languages/english.lang
22:39:27.655 [FXGL Background Thread 4 ] DEBUG FXGLAssetLoaderServi - Loading from file system: jar:file:/C:/Users/19559/.m2/repository/com/github/almasb/fxgl/21.1/fxgl-21.1.jar!/fxglassets/ui/fonts/Abel-Regular.ttf
22:39:27.658 [FXGL Background Thread 4 ] DEBUG FXGLAssetLoaderServi - Loading from file system: jar:file:/C:/Users/19559/.m2/repository/com/github/almasb/fxgl/21.1/fxgl-21.1.jar!/fxglassets/ui/fonts/TerminalLandMono-Regular.otf
22:39:27.660 [FXGL Background Thread 4 ] DEBUG FXGLAssetLoaderServi - Loading from file system: jar:file:/C:/Users/19559/.m2/repository/com/github/almasb/fxgl/21.1/fxgl-21.1.jar!/fxglassets/ui/fonts/Courier-Prime.ttf
22:39:27.666 [JavaFX Application Thread] DEBUG FXGLApplication      - Registering font factories with UI factory
22:39:27.675 [FXGL Background Thread 1 ] INFO  FXGLApplication      - FXGL initialization took: 0.339 sec
22:39:27.681 [JavaFX Application Thread] DEBUG Input                - Registered new binding: Move Up - W
22:39:27.681 [JavaFX Application Thread] DEBUG Input                - Registered new binding: Move Up Arrow - Up
22:39:27.681 [JavaFX Application Thread] DEBUG Input                - Registered new binding: Move Down - S
22:39:27.681 [JavaFX Application Thread] DEBUG Input                - Registered new binding: Move Down Arrow - Down
22:39:27.681 [JavaFX Application Thread] DEBUG Input                - Registered new binding: Move Left - A
22:39:27.681 [JavaFX Application Thread] DEBUG Input                - Registered new binding: Move Left Arrow - Left
22:39:27.681 [JavaFX Application Thread] DEBUG Input                - Registered new binding: Move Right - D
22:39:27.682 [JavaFX Application Thread] DEBUG Input                - Registered new binding: Move Right Arrow - Right
22:39:27.686 [JavaFX Application Thread] DEBUG Input                - Registered new binding: Fire - LMB
22:39:27.686 [JavaFX Application Thread] DEBUG FXGLAssetLoaderServi - Loading from file system: jar:file:/C:/Users/19559/.m2/repository/com/github/almasb/fxgl/21.1/fxgl-21.1.jar!/fxglassets/textures/fxgl_icon.png
22:39:27.720 [JavaFX Application Thread] DEBUG FXGLAssetLoaderServi - Loading from file system: jar:file:/C:/Users/19559/.m2/repository/com/github/almasb/fxgl/21.1/fxgl-21.1.jar!/fxglassets/textures/fxgl_default_cursor.png
22:39:27.725 [JavaFX Application Thread] DEBUG Input                - Registered new binding: Screenshot - CTRL+8
22:39:27.726 [JavaFX Application Thread] DEBUG Input                - Registered new binding: System info dump - CTRL+9
22:39:27.727 [JavaFX Application Thread] DEBUG Input                - Registered new binding: Restart - CTRL+R
22:39:27.729 [JavaFX Application Thread] DEBUG Input                - Registered new binding: Toggle Debug Camera - CTRL+7
22:39:27.735 [JavaFX Application Thread] DEBUG LoopRunner           - Starting loop
22:39:27.735 [JavaFX Application Thread] DEBUG LoopRunner           - Initializing JavaFX AnimationTimerLoop
22:39:27.738 [JavaFX Application Thread] DEBUG GameApplicationServi - Starting new game
22:39:27.738 [JavaFX Application Thread] DEBUG Input                - Clearing active input actions
22:39:27.754 [JavaFX Application Thread] DEBUG GameApplicationServi - Removing overlay from FXGLStartupScene and adding to FXGLLoadingScene
22:39:27.754 [JavaFX Application Thread] DEBUG PrimaryStageWindow   - FXGLStartupScene -> FXGLLoadingScene
22:39:27.754 [JavaFX Application Thread] DEBUG GameApplicationServi - Clearing previous game
22:39:27.754 [JavaFX Application Thread] DEBUG GameScene            - Clearing game scene
22:39:27.755 [JavaFX Application Thread] DEBUG GameWorld            - Clearing game world
22:39:27.755 [JavaFX Application Thread] DEBUG PhysicsWorld         - Clearing physics world
22:39:27.760 [FXGL Background Thread 1 ] DEBUG FXGLApplication      - Initializing game
22:39:27.767 [FXGL Background Thread 1 ] INFO  RougeVolleyFXGL      - RougeVolley initializing... seed=-535661186334280000
22:39:27.798 [FXGL Background Thread 1 ] INFO  RougeVolleyFXGL      - Spawned 8 test enemies
22:39:27.802 [FXGL Background Thread 1 ] INFO  RougeVolleyFXGL      - RougeVolley initialized. Player at (1500.0, 1500.0)
22:39:27.802 [FXGL Background Thread 1 ] INFO  FXGLApplication      - Game initialization took: 0.042 sec
22:39:27.861 [JavaFX Application Thread] DEBUG Input                - Clearing active input actions
22:39:27.869 [JavaFX Application Thread] DEBUG GameApplicationServi - Removing overlay from FXGLLoadingScene and adding to GameScene
22:39:27.869 [JavaFX Application Thread] DEBUG PrimaryStageWindow   - FXGLLoadingScene -> GameScene
22:39:28.669 [JavaFX Application Thread] DEBUG EventBus             - Firing event: javafx.event.Event[source=javafx.event.Event$$Lambda/0x0000027b1817a630@762716c4]
22:39:28.789 [JavaFX Application Thread] DEBUG EventBus             - Firing event: javafx.event.Event[source=javafx.event.Event$$Lambda/0x0000027b1817a630@762716c4]
22:39:28.919 [JavaFX Application Thread] DEBUG EventBus             - Firing event: javafx.event.Event[source=javafx.event.Event$$Lambda/0x0000027b1817a630@762716c4]
22:39:29.049 [JavaFX Application Thread] DEBUG EventBus             - Firing event: javafx.event.Event[source=javafx.event.Event$$Lambda/0x0000027b1817a630@762716c4]
22:39:29.178 [JavaFX Application Thread] DEBUG EventBus             - Firing event: javafx.event.Event[source=javafx.event.Event$$Lambda/0x0000027b1817a630@762716c4]
22:39:29.307 [JavaFX Application Thread] DEBUG EventBus             - Firing event: javafx.event.Event[source=javafx.event.Event$$Lambda/0x0000027b1817a630@762716c4]
22:39:29.435 [JavaFX Application Thread] DEBUG EventBus             - Firing event: javafx.event.Event[source=javafx.event.Event$$Lambda/0x0000027b1817a630@762716c4]
22:39:29.564 [JavaFX Application Thread] DEBUG EventBus             - Firing event: javafx.event.Event[source=javafx.event.Event$$Lambda/0x0000027b1817a630@762716c4]
22:39:29.692 [JavaFX Application Thread] DEBUG EventBus             - Firing event: javafx.event.Event[source=javafx.event.Event$$Lambda/0x0000027b1817a630@762716c4]
22:39:29.900 [JavaFX Application Thread] DEBUG EventBus             - Firing event: javafx.event.Event[source=javafx.event.Event$$Lambda/0x0000027b1817a630@762716c4]
22:39:30.231 [JavaFX Application Thread] DEBUG EventBus             - Firing event: javafx.event.Event[source=javafx.event.Event$$Lambda/0x0000027b1817a630@762716c4]
22:39:30.561 [JavaFX Application Thread] DEBUG EventBus             - Firing event: javafx.event.Event[source=javafx.event.Event$$Lambda/0x0000027b1817a630@762716c4]
22:39:30.623 [FXGL Background Thread 3 ] DEBUG Engine               - Logging environment variables
22:39:30.623 [FXGL Background Thread 3 ] DEBUG Engine               - achievements: []
22:39:30.624 [FXGL Background Thread 3 ] DEBUG Engine               - actualHeight: 720.0
22:39:30.624 [FXGL Background Thread 3 ] DEBUG Engine               - actualHeightProperty: ReadOnlyDoubleProperty [value: 720.0]
22:39:30.624 [FXGL Background Thread 3 ] DEBUG Engine               - actualWidth: 1280.0
22:39:30.624 [FXGL Background Thread 3 ] DEBUG Engine               - actualWidthProperty: ReadOnlyDoubleProperty [value: 1280.0]
22:39:30.624 [FXGL Background Thread 3 ] DEBUG Engine               - appIcon: fxgl_icon.png
22:39:30.624 [FXGL Background Thread 3 ] DEBUG Engine               - applicationMode: DEVELOPER
22:39:30.624 [FXGL Background Thread 3 ] DEBUG Engine               - cSSList: [fxgl_dark.css]
22:39:30.624 [FXGL Background Thread 3 ] DEBUG Engine               - collisionDetectionStrategy: BRUTE_FORCE
22:39:30.624 [FXGL Background Thread 3 ] DEBUG Engine               - configClass: Optional.empty
22:39:30.624 [FXGL Background Thread 3 ] DEBUG Engine               - credits: []
22:39:30.625 [FXGL Background Thread 3 ] DEBUG Engine               - defaultCursor: CursorInfo(imageName=fxgl_default_cursor.png, hotspotX=7.0, hotspotY=6.0)
22:39:30.625 [FXGL Background Thread 3 ] DEBUG Engine               - devBBoxColorProperty: ObjectProperty [value: 0xff0000ff]
22:39:30.625 [FXGL Background Thread 3 ] DEBUG Engine               - devEnableDebugCameraProperty: BooleanProperty [value: false]
22:39:30.625 [FXGL Background Thread 3 ] DEBUG Engine               - devSensorColorProperty: ObjectProperty [value: 0xffff00ff]
22:39:30.625 [FXGL Background Thread 3 ] DEBUG Engine               - devShowBBoxProperty: BooleanProperty [value: false]
22:39:30.625 [FXGL Background Thread 3 ] DEBUG Engine               - devShowPositionProperty: BooleanProperty [value: false]
22:39:30.625 [FXGL Background Thread 3 ] DEBUG Engine               - enabledMenuItems: []
22:39:30.625 [FXGL Background Thread 3 ] DEBUG Engine               - engineServices: [class com.almasb.fxgl.app.services.FXGLAssetLoaderService, class com.almasb.fxgl.app.FXGLApplication$GameApplicationService, class com.almasb.fxgl.app.services.FXGLDialogService, class com.almasb.fxgl.app.services.IOTaskExecutorService, class com.almasb.fxgl.io.FileSystemService, class com.almasb.fxgl.localization.LocalizationService, class com.almasb.fxgl.app.services.SystemBundleService, class com.almasb.fxgl.profile.SaveLoadService, class com.almasb.fxgl.ui.FXGLUIFactoryServiceProvider, class com.almasb.fxgl.ui.FXGLDialogFactoryServiceProvider, class com.almasb.fxgl.audio.AudioPlayer, class com.almasb.fxgl.notification.impl.NotificationServiceProvider, class com.almasb.fxgl.achievement.AchievementService, class com.almasb.fxgl.cutscene.CutsceneService, class com.almasb.fxgl.minigames.MiniGameService, class com.almasb.fxgl.net.NetService, class com.almasb.fxgl.app.services.UpdaterService, class com.almasb.fxgl.dev.DevService]
22:39:30.625 [FXGL Background Thread 3 ] DEBUG Engine               - fontGame: Abel-Regular.ttf
22:39:30.625 [FXGL Background Thread 3 ] DEBUG Engine               - fontMono: TerminalLandMono-Regular.otf
22:39:30.625 [FXGL Background Thread 3 ] DEBUG Engine               - fontSizeScaleUI: 1.0
22:39:30.625 [FXGL Background Thread 3 ] DEBUG Engine               - fontText: Courier-Prime.ttf
22:39:30.625 [FXGL Background Thread 3 ] DEBUG Engine               - fontUI: VarelaRound-Regular.ttf
22:39:30.625 [FXGL Background Thread 3 ] DEBUG Engine               - fullScreen: BooleanProperty [value: false]
22:39:30.625 [FXGL Background Thread 3 ] DEBUG Engine               - gameDifficulty: MEDIUM
22:39:30.625 [FXGL Background Thread 3 ] DEBUG Engine               - gameDifficultyProperty: ObjectProperty [value: MEDIUM]
22:39:30.625 [FXGL Background Thread 3 ] DEBUG Engine               - globalMusicVolume: 0.5
22:39:30.625 [FXGL Background Thread 3 ] DEBUG Engine               - globalMusicVolumeProperty: DoubleProperty [value: 0.5]
22:39:30.625 [FXGL Background Thread 3 ] DEBUG Engine               - globalSoundVolume: 0.5
22:39:30.625 [FXGL Background Thread 3 ] DEBUG Engine               - globalSoundVolumeProperty: DoubleProperty [value: 0.5]
22:39:30.625 [FXGL Background Thread 3 ] DEBUG Engine               - height: 720
22:39:30.625 [FXGL Background Thread 3 ] DEBUG Engine               - is3D: false
22:39:30.626 [FXGL Background Thread 3 ] DEBUG Engine               - isAndroid: false
22:39:30.626 [FXGL Background Thread 3 ] DEBUG Engine               - isBrowser: false
22:39:30.626 [FXGL Background Thread 3 ] DEBUG Engine               - isClickFeedbackEnabled: false
22:39:30.626 [FXGL Background Thread 3 ] DEBUG Engine               - isCloseConfirmation: false
22:39:30.626 [FXGL Background Thread 3 ] DEBUG Engine               - isDesktop: true
22:39:30.626 [FXGL Background Thread 3 ] DEBUG Engine               - isDeveloperMenuEnabled: false
22:39:30.626 [FXGL Background Thread 3 ] DEBUG Engine               - isEmbedded: false
22:39:30.626 [FXGL Background Thread 3 ] DEBUG Engine               - isEntityPreloadEnabled: true
22:39:30.626 [FXGL Background Thread 3 ] DEBUG Engine               - isExperimentalTiledLargeMap: false
22:39:30.626 [FXGL Background Thread 3 ] DEBUG Engine               - isFileSystemWriteAllowed: true
22:39:30.626 [FXGL Background Thread 3 ] DEBUG Engine               - isFullScreenAllowed: false
22:39:30.626 [FXGL Background Thread 3 ] DEBUG Engine               - isFullScreenFromStart: false
22:39:30.626 [FXGL Background Thread 3 ] DEBUG Engine               - isGameMenuEnabled: false
22:39:30.626 [FXGL Background Thread 3 ] DEBUG Engine               - isIOS: false
22:39:30.626 [FXGL Background Thread 3 ] DEBUG Engine               - isIntroEnabled: false
22:39:30.626 [FXGL Background Thread 3 ] DEBUG Engine               - isLinux: false
22:39:30.626 [FXGL Background Thread 3 ] DEBUG Engine               - isMac: false
22:39:30.626 [FXGL Background Thread 3 ] DEBUG Engine               - isMainMenuEnabled: false
22:39:30.626 [FXGL Background Thread 3 ] DEBUG Engine               - isManualResizeEnabled: false
22:39:30.626 [FXGL Background Thread 3 ] DEBUG Engine               - isMobile: false
22:39:30.626 [FXGL Background Thread 3 ] DEBUG Engine               - isNative: false
22:39:30.626 [FXGL Background Thread 3 ] DEBUG Engine               - isPauseMusicWhenMinimized: true
22:39:30.626 [FXGL Background Thread 3 ] DEBUG Engine               - isPreserveResizeRatio: true
22:39:30.626 [FXGL Background Thread 3 ] DEBUG Engine               - isProfilingEnabled: false
22:39:30.626 [FXGL Background Thread 3 ] DEBUG Engine               - isScaleAffectedOnResize: true
22:39:30.626 [FXGL Background Thread 3 ] DEBUG Engine               - isSingleStep: false
22:39:30.626 [FXGL Background Thread 3 ] DEBUG Engine               - isUserProfileEnabled: false
22:39:30.626 [FXGL Background Thread 3 ] DEBUG Engine               - isWindows: true
22:39:30.626 [FXGL Background Thread 3 ] DEBUG Engine               - language: ObjectProperty [value: ENGLISH]
22:39:30.626 [FXGL Background Thread 3 ] DEBUG Engine               - menuKey: ESCAPE
22:39:30.626 [FXGL Background Thread 3 ] DEBUG Engine               - mouseSensitivity: 0.2
22:39:30.626 [FXGL Background Thread 3 ] DEBUG Engine               - notificationViewClass: class com.almasb.fxgl.notification.view.XboxNotificationView
22:39:30.626 [FXGL Background Thread 3 ] DEBUG Engine               - pixelsPerMeter: 50.0
22:39:30.626 [FXGL Background Thread 3 ] DEBUG Engine               - platform: WINDOWS
22:39:30.626 [FXGL Background Thread 3 ] DEBUG Engine               - prefHeightProperty: ReadOnlyDoubleProperty [value: 720.0]
22:39:30.626 [FXGL Background Thread 3 ] DEBUG Engine               - prefWidthProperty: ReadOnlyDoubleProperty [value: 1280.0]
22:39:30.626 [FXGL Background Thread 3 ] DEBUG Engine               - profileDir: profiles/
22:39:30.626 [FXGL Background Thread 3 ] DEBUG Engine               - profileName: StringProperty [value: DEFAULT]
22:39:30.626 [FXGL Background Thread 3 ] DEBUG Engine               - randomSeed: -1
22:39:30.626 [FXGL Background Thread 3 ] DEBUG Engine               - runtimeInfo: RuntimeInfo(platform=WINDOWS, version=21.1, build=27.03.2024 07.52)
22:39:30.626 [FXGL Background Thread 3 ] DEBUG Engine               - saveFileExt: sav
22:39:30.626 [FXGL Background Thread 3 ] DEBUG Engine               - scaledHeightProp$fxgl: DoubleProperty [bound, value: 720.0]
22:39:30.626 [FXGL Background Thread 3 ] DEBUG Engine               - scaledWidthProp$fxgl: DoubleProperty [bound, value: 1280.0]
22:39:30.626 [FXGL Background Thread 3 ] DEBUG Engine               - sceneFactory: com.almasb.fxgl.app.scene.SceneFactory@59dcaf4
22:39:30.626 [FXGL Background Thread 3 ] DEBUG Engine               - secondsIn24h: 60
22:39:30.626 [FXGL Background Thread 3 ] DEBUG Engine               - soundMenuBack: menu/back.wav
22:39:30.626 [FXGL Background Thread 3 ] DEBUG Engine               - soundMenuPress: menu/press.wav
22:39:30.626 [FXGL Background Thread 3 ] DEBUG Engine               - soundMenuSelect: menu/select.wav
22:39:30.626 [FXGL Background Thread 3 ] DEBUG Engine               - soundNotification: core/notification.wav
22:39:30.626 [FXGL Background Thread 3 ] DEBUG Engine               - stageStyle: DECORATED
22:39:30.626 [FXGL Background Thread 3 ] DEBUG Engine               - supportedLanguages: [ENGLISH, FRENCH, GERMAN, HUNGARIAN, RUSSIAN]
22:39:30.626 [FXGL Background Thread 3 ] DEBUG Engine               - ticksPerSecond: -1
22:39:30.626 [FXGL Background Thread 3 ] DEBUG Engine               - title: RougeVolley — 地牢探险
22:39:30.626 [FXGL Background Thread 3 ] DEBUG Engine               - urlGithub: https://github.com/AlmasB/FXGL
22:39:30.626 [FXGL Background Thread 3 ] DEBUG Engine               - urlLeaderboard: http://fxgl-top.herokuapp.com/
22:39:30.626 [FXGL Background Thread 3 ] DEBUG Engine               - urlPOM: https://raw.githubusercontent.com/AlmasB/FXGL/release/README.md
22:39:30.626 [FXGL Background Thread 3 ] DEBUG Engine               - userAppClass: class org.example.rougevolley.RougeVolleyFXGL
22:39:30.626 [FXGL Background Thread 3 ] DEBUG Engine               - version: 0.1.0
22:39:30.626 [FXGL Background Thread 3 ] DEBUG Engine               - versionCheckDays: 7
22:39:30.626 [FXGL Background Thread 3 ] DEBUG Engine               - width: 1280
22:39:30.626 [FXGL Background Thread 3 ] DEBUG Engine               - Logging services
22:39:30.626 [FXGL Background Thread 3 ] DEBUG Engine               - class com.almasb.fxgl.app.services.FXGLAssetLoaderService
22:39:30.626 [FXGL Background Thread 3 ] DEBUG Engine               - class com.almasb.fxgl.app.FXGLApplication$GameApplicationService
22:39:30.626 [FXGL Background Thread 3 ] DEBUG Engine               - class com.almasb.fxgl.app.services.FXGLDialogService
22:39:30.626 [FXGL Background Thread 3 ] DEBUG Engine               - class com.almasb.fxgl.app.services.IOTaskExecutorService
22:39:30.626 [FXGL Background Thread 3 ] DEBUG Engine               - class com.almasb.fxgl.io.FileSystemService
22:39:30.626 [FXGL Background Thread 3 ] DEBUG Engine               - class com.almasb.fxgl.localization.LocalizationService
22:39:30.626 [FXGL Background Thread 3 ] DEBUG Engine               - class com.almasb.fxgl.app.services.SystemBundleService
22:39:30.626 [FXGL Background Thread 3 ] DEBUG Engine               - class com.almasb.fxgl.profile.SaveLoadService
22:39:30.626 [FXGL Background Thread 3 ] DEBUG Engine               - class com.almasb.fxgl.ui.FXGLUIFactoryServiceProvider
22:39:30.626 [FXGL Background Thread 3 ] DEBUG Engine               - class com.almasb.fxgl.ui.FXGLDialogFactoryServiceProvider
22:39:30.626 [FXGL Background Thread 3 ] DEBUG Engine               - class com.almasb.fxgl.audio.AudioPlayer
22:39:30.627 [FXGL Background Thread 3 ] DEBUG Engine               - class com.almasb.fxgl.notification.impl.NotificationServiceProvider
22:39:30.627 [FXGL Background Thread 3 ] DEBUG Engine               - class com.almasb.fxgl.achievement.AchievementService
22:39:30.627 [FXGL Background Thread 3 ] DEBUG Engine               - class com.almasb.fxgl.cutscene.CutsceneService
22:39:30.627 [FXGL Background Thread 3 ] DEBUG Engine               - class com.almasb.fxgl.minigames.MiniGameService
22:39:30.627 [FXGL Background Thread 3 ] DEBUG Engine               - class com.almasb.fxgl.net.NetService
22:39:30.627 [FXGL Background Thread 3 ] DEBUG Engine               - class com.almasb.fxgl.app.services.UpdaterService
22:39:30.627 [FXGL Background Thread 3 ] DEBUG Engine               - class com.almasb.fxgl.dev.DevService
22:39:30.890 [JavaFX Application Thread] DEBUG EventBus             - Firing event: javafx.event.Event[source=javafx.event.Event$$Lambda/0x0000027b1817a630@762716c4]
22:39:31.218 [JavaFX Application Thread] DEBUG EventBus             - Firing event: javafx.event.Event[source=javafx.event.Event$$Lambda/0x0000027b1817a630@762716c4]
22:39:31.539 [JavaFX Application Thread] DEBUG EventBus             - Firing event: javafx.event.Event[source=javafx.event.Event$$Lambda/0x0000027b1817a630@762716c4]
22:39:31.923 [JavaFX Application Thread] DEBUG EventBus             - Firing event: javafx.event.Event[source=javafx.event.Event$$Lambda/0x0000027b1817a630@762716c4]
22:39:32.444 [JavaFX Application Thread] DEBUG EventBus             - Firing event: javafx.event.Event[source=javafx.event.Event$$Lambda/0x0000027b1817a630@762716c4]
22:39:32.948 [JavaFX Application Thread] DEBUG EventBus             - Firing event: javafx.event.Event[source=javafx.event.Event$$Lambda/0x0000027b1817a630@762716c4]
22:39:36.428 [JavaFX Application Thread] DEBUG LoopRunner           - Pausing loop
22:40:22.064 [FXGL Background Thread 2 ] WARN  UpdaterService       - Failed to find updates: java.net.ConnectException: Connection timed out: connect
22:40:24.226 [JavaFX Application Thread] DEBUG LoopRunner           - Resuming loop
22:40:25.098 [JavaFX Application Thread] DEBUG EventBus             - Firing event: javafx.event.Event[source=javafx.event.Event$$Lambda/0x0000027b1817a630@762716c4]
22:40:25.328 [JavaFX Application Thread] DEBUG EventBus             - Firing event: javafx.event.Event[source=javafx.event.Event$$Lambda/0x0000027b1817a630@762716c4]
22:40:25.577 [JavaFX Application Thread] DEBUG EventBus             - Firing event: javafx.event.Event[source=javafx.event.Event$$Lambda/0x0000027b1817a630@762716c4]
22:40:25.817 [JavaFX Application Thread] DEBUG EventBus             - Firing event: javafx.event.Event[source=javafx.event.Event$$Lambda/0x0000027b1817a630@762716c4]
22:40:26.045 [JavaFX Application Thread] DEBUG EventBus             - Firing event: javafx.event.Event[source=javafx.event.Event$$Lambda/0x0000027b1817a630@762716c4]
22:40:26.307 [JavaFX Application Thread] DEBUG EventBus             - Firing event: javafx.event.Event[source=javafx.event.Event$$Lambda/0x0000027b1817a630@762716c4]
22:40:26.630 [JavaFX Application Thread] DEBUG EventBus             - Firing event: javafx.event.Event[source=javafx.event.Event$$Lambda/0x0000027b1817a630@762716c4]
22:40:26.971 [JavaFX Application Thread] DEBUG EventBus             - Firing event: javafx.event.Event[source=javafx.event.Event$$Lambda/0x0000027b1817a630@762716c4]
22:40:27.311 [JavaFX Application Thread] DEBUG EventBus             - Firing event: javafx.event.Event[source=javafx.event.Event$$Lambda/0x0000027b1817a630@762716c4]
22:40:27.430 [JavaFX Application Thread] DEBUG EventBus             - Firing event: javafx.event.Event[source=javafx.event.Event$$Lambda/0x0000027b1817a630@762716c4]
22:40:27.642 [JavaFX Application Thread] DEBUG EventBus             - Firing event: javafx.event.Event[source=javafx.event.Event$$Lambda/0x0000027b1817a630@762716c4]
22:40:27.992 [JavaFX Application Thread] DEBUG EventBus             - Firing event: javafx.event.Event[source=javafx.event.Event$$Lambda/0x0000027b1817a630@762716c4]
22:40:35.481 [JavaFX Application Thread] DEBUG EventBus             - Firing event: javafx.event.Event[source=javafx.event.Event$$Lambda/0x0000027b1817a630@762716c4]
22:40:35.971 [JavaFX Application Thread] DEBUG EventBus             - Firing event: javafx.event.Event[source=javafx.event.Event$$Lambda/0x0000027b1817a630@762716c4]
22:40:36.484 [JavaFX Application Thread] DEBUG EventBus             - Firing event: javafx.event.Event[source=javafx.event.Event$$Lambda/0x0000027b1817a630@762716c4]
22:40:36.996 [JavaFX Application Thread] DEBUG EventBus             - Firing event: javafx.event.Event[source=javafx.event.Event$$Lambda/0x0000027b1817a630@762716c4]
22:40:40.029 [JavaFX Application Thread] DEBUG EventBus             - Firing event: javafx.event.Event[source=javafx.event.Event$$Lambda/0x0000027b1817a630@762716c4]
22:40:40.547 [JavaFX Application Thread] DEBUG EventBus             - Firing event: javafx.event.Event[source=javafx.event.Event$$Lambda/0x0000027b1817a630@762716c4]
22:40:45.148 [JavaFX Application Thread] DEBUG LoopRunner           - Pausing loop
22:40:46.840 [JavaFX Application Thread] DEBUG LoopRunner           - Resuming loop
22:40:47.718 [JavaFX Application Thread] DEBUG FXGLApplication      - Exiting FXGL
22:40:47.718 [JavaFX Application Thread] DEBUG LoopRunner           - Stopping loop
22:40:47.718 [JavaFX Application Thread] DEBUG SystemBundleService  - Saving FXGL system data
22:40:47.723 [JavaFX Application Thread] DEBUG FileSystemAccess     - Writing to: C:\Users\19559\IdeaProjects\RougeVolley\system\fxgl.bundle
22:40:47.724 [JavaFX Application Thread] DEBUG Async                - Shutting down background threads
22:40:47.724 [JavaFX Application Thread] DEBUG PrimaryStageWindow   - Closing main window
22:40:47.753 [JavaFX Application Thread] DEBUG Logger               - Closing Logger
