15:43:21.825 [main                     ] DEBUG Logger               - Configured Logger
15:43:21.845 [main                     ] DEBUG GameApplication      - Logging settings
Title: RougeVolley — 地牢探险
Version: 0.1
Width: 1280
Height: 720
Fullscreen: false
Intro: false
Profiling: false
Single step:false
App Mode: DEVELOPER
Menu Key: ESCAPE
Stage Style: DECORATED
Scene Factory: class com.almasb.fxgl.app.scene.SceneFactory

15:43:22.225 [JavaFX Application Thread] DEBUG FXGLApplication      - Initializing FXGL
15:43:22.227 [JavaFX Application Thread] INFO  Engine               - FXGL-21.1 (27.03.2024 07.52) on WINDOWS (J:21.0.8 FX:21)
15:43:22.229 [JavaFX Application Thread] DEBUG Engine               - JRE Vendor Name: Microsoft
15:43:22.229 [JavaFX Application Thread] DEBUG Engine               - Running on OS: Windows 11 version 10.0
15:43:22.229 [JavaFX Application Thread] DEBUG Engine               - Architecture: amd64
15:43:22.229 [JavaFX Application Thread] INFO  Engine               - Source code and latest versions at: https://github.com/AlmasB/FXGL
15:43:22.229 [JavaFX Application Thread] INFO  Engine               -       Ask questions and discuss at: https://github.com/AlmasB/FXGL/discussions
15:43:22.229 [JavaFX Application Thread] INFO  Engine               -              Join the FXGL chat at: https://gitter.im/AlmasB/FXGL
15:43:22.294 [JavaFX Application Thread] DEBUG PrimaryStageWindow   - Creating a JavaFX scene
15:43:22.323 [JavaFX Application Thread] DEBUG PrimaryStageWindow   - Target settings size: 1280.0 x 720.0
15:43:22.325 [JavaFX Application Thread] DEBUG PrimaryStageWindow   - Scaled scene size:    1280.0 x 720.0
15:43:22.325 [JavaFX Application Thread] DEBUG PrimaryStageWindow   - Scaled ratio: (1.0, 1.0)
15:43:22.326 [JavaFX Application Thread] DEBUG PrimaryStageWindow   - Set initial scene to FXGLStartupScene
15:43:22.328 [JavaFX Application Thread] DEBUG PrimaryStageWindow   - Opening main window
15:43:22.422 [JavaFX Application Thread] DEBUG PrimaryStageWindow   - Window border size: (14.6666259765625, 37.33331298828125)
15:43:22.422 [JavaFX Application Thread] DEBUG PrimaryStageWindow   - Scaled size: 1280.0 x 720.0
15:43:22.423 [JavaFX Application Thread] DEBUG PrimaryStageWindow   - Scaled ratio: (1.0, 1.0)
15:43:22.423 [JavaFX Application Thread] DEBUG PrimaryStageWindow   - Scene size: 1280.0 x 720.0
15:43:22.423 [JavaFX Application Thread] DEBUG PrimaryStageWindow   - Stage size: 1294.6666259765625 x 757.3333129882812
15:43:22.427 [FXGL Background Thread 1 ] DEBUG Engine               - Initializing environment variables
15:43:22.471 [FXGL Background Thread 1 ] DEBUG FXGLAssetLoaderServi - User app class for loading assets: class org.example.rougevolley.RougeVolleyFXGL
15:43:22.471 [FXGL Background Thread 1 ] DEBUG GameApplicationServi - Applying CSS: fxgl_dark.css
15:43:22.471 [FXGL Background Thread 1 ] DEBUG FXGLAssetLoaderServi - Loading from file system: jar:file:/C:/Users/19559/.m2/repository/com/github/almasb/fxgl/21.1/fxgl-21.1.jar!/fxglassets/ui/css/fxgl_dark.css
15:43:22.501 [FXGL Background Thread 1 ] DEBUG GameApplicationServi - Initializing application scenes
15:43:22.579 [FXGL Background Thread 1 ] DEBUG GameWorld            - Game world initialized
15:43:22.626 [FXGL Background Thread 1 ] DEBUG PhysicsWorld         - Physics world initialized: appHeight=720, physics.ppm=50.0
15:43:22.626 [FXGL Background Thread 1 ] DEBUG PhysicsWorld         - Using strategy: BRUTE_FORCE
15:43:22.628 [FXGL Background Thread 1 ] DEBUG GameScene            - Game scene initialized: 1280x720
15:43:22.636 [FXGL Background Thread 1 ] DEBUG FXGL.DefaultMenu     - createMenuBodyMainMenu()
15:43:22.644 [FXGL Background Thread 1 ] DEBUG FXGL.DefaultMenu     - createOptionsMenu()
15:43:22.652 [FXGL Background Thread 1 ] DEBUG FXGLAssetLoaderServi - Loading from file system: jar:file:/C:/Users/19559/.m2/repository/com/github/almasb/fxgl/21.1/fxgl-21.1.jar!/fxglassets/textures/particles/smoke.png
15:43:22.755 [FXGL Background Thread 1 ] DEBUG FXGLAssetLoaderServi - Loading from file system: jar:file:/C:/Users/19559/.m2/repository/com/github/almasb/fxgl/21.1/fxgl-21.1.jar!/fxglassets/textures/particles/trace_horizontal.png
15:43:22.778 [FXGL Background Thread 1 ] DEBUG FXGL.DefaultMenu     - createMenuBodyGameMenu()
15:43:22.780 [FXGL Background Thread 1 ] DEBUG FXGL.DefaultMenu     - createOptionsMenu()
15:43:22.788 [FXGL Background Thread 1 ] DEBUG GameApplicationServi - Application scenes initialized
15:43:22.797 [FXGL Background Thread 1 ] DEBUG SystemBundleService  - Loading FXGL system data
15:43:22.799 [FXGL Background Thread 1 ] DEBUG FileSystemAccess     - Reading from: C:\Users\19559\IdeaProjects\RougeVolley\system\fxgl.bundle
15:43:22.806 [FXGL Background Thread 1 ] DEBUG SystemBundleService  - Bundle FXGL: {}
15:43:22.806 [FXGL Background Thread 1 ] DEBUG UpdaterService       - Checking for updates
15:43:22.809 [FXGL Background Thread 4 ] DEBUG FXGLApplication      - Loading fonts
15:43:22.809 [FXGL Background Thread 4 ] DEBUG FXGLAssetLoaderServi - Loading from file system: jar:file:/C:/Users/19559/.m2/repository/com/github/almasb/fxgl/21.1/fxgl-21.1.jar!/fxglassets/ui/fonts/VarelaRound-Regular.ttf
15:43:22.809 [FXGL Background Thread 1 ] DEBUG FXGLApplication      - Loading default localization
15:43:22.810 [FXGL Background Thread 1 ] DEBUG FXGLAssetLoaderServi - Loading from file system: jar:file:/C:/Users/19559/.m2/repository/com/github/almasb/fxgl/21.1/fxgl-21.1.jar!/fxglassets/languages/english.lang
15:43:22.844 [FXGL Background Thread 4 ] DEBUG FXGLAssetLoaderServi - Loading from file system: jar:file:/C:/Users/19559/.m2/repository/com/github/almasb/fxgl/21.1/fxgl-21.1.jar!/fxglassets/ui/fonts/Abel-Regular.ttf
15:43:22.846 [FXGL Background Thread 4 ] DEBUG FXGLAssetLoaderServi - Loading from file system: jar:file:/C:/Users/19559/.m2/repository/com/github/almasb/fxgl/21.1/fxgl-21.1.jar!/fxglassets/ui/fonts/TerminalLandMono-Regular.otf
15:43:22.848 [FXGL Background Thread 4 ] DEBUG FXGLAssetLoaderServi - Loading from file system: jar:file:/C:/Users/19559/.m2/repository/com/github/almasb/fxgl/21.1/fxgl-21.1.jar!/fxglassets/ui/fonts/Courier-Prime.ttf
15:43:22.856 [JavaFX Application Thread] DEBUG FXGLApplication      - Registering font factories with UI factory
15:43:22.868 [FXGL Background Thread 1 ] INFO  FXGLApplication      - FXGL initialization took: 0.441 sec
15:43:22.879 [JavaFX Application Thread] DEBUG Input                - Registered new binding: Move up - W
15:43:22.879 [JavaFX Application Thread] DEBUG Input                - Registered new binding: Move down - S
15:43:22.879 [JavaFX Application Thread] DEBUG Input                - Registered new binding: Move left - A
15:43:22.879 [JavaFX Application Thread] DEBUG Input                - Registered new binding: Move right - D
15:43:22.879 [JavaFX Application Thread] DEBUG Input                - Registered new binding: Attack - Space
15:43:22.880 [JavaFX Application Thread] DEBUG FXGLAssetLoaderServi - Loading from file system: jar:file:/C:/Users/19559/.m2/repository/com/github/almasb/fxgl/21.1/fxgl-21.1.jar!/fxglassets/textures/fxgl_icon.png
15:43:22.894 [JavaFX Application Thread] DEBUG FXGLAssetLoaderServi - Loading from file system: jar:file:/C:/Users/19559/.m2/repository/com/github/almasb/fxgl/21.1/fxgl-21.1.jar!/fxglassets/textures/fxgl_default_cursor.png
15:43:22.897 [JavaFX Application Thread] DEBUG Input                - Registered new binding: Screenshot - CTRL+8
15:43:22.899 [JavaFX Application Thread] DEBUG Input                - Registered new binding: System info dump - CTRL+9
15:43:22.899 [JavaFX Application Thread] DEBUG Input                - Registered new binding: Restart - CTRL+R
15:43:22.900 [JavaFX Application Thread] DEBUG Input                - Registered new binding: Toggle Debug Camera - CTRL+7
15:43:22.905 [JavaFX Application Thread] DEBUG LoopRunner           - Starting loop
15:43:22.905 [JavaFX Application Thread] DEBUG LoopRunner           - Initializing JavaFX AnimationTimerLoop
15:43:22.910 [JavaFX Application Thread] DEBUG Input                - Clearing active input actions
15:43:22.916 [JavaFX Application Thread] DEBUG GameApplicationServi - Removing overlay from FXGLStartupScene and adding to FXGLMainMenuDummyScene
15:43:22.916 [JavaFX Application Thread] DEBUG PrimaryStageWindow   - FXGLStartupScene -> FXGLMainMenuDummyScene
15:43:22.916 [JavaFX Application Thread] DEBUG PrimaryStageWindow   - Push state: FXGLDefaultMenu
15:43:22.952 [JavaFX Application Thread] DEBUG Input                - Clearing active input actions
15:43:22.975 [JavaFX Application Thread] DEBUG GameApplicationServi - Removing overlay from FXGLMainMenuDummyScene and adding to FXGLDefaultMenu
15:43:22.975 [JavaFX Application Thread] DEBUG PrimaryStageWindow   - FXGLMainMenuDummyScene -> FXGLDefaultMenu
15:43:25.809 [FXGL Background Thread 3 ] DEBUG Engine               - Logging environment variables
15:43:25.809 [FXGL Background Thread 3 ] DEBUG Engine               - achievements: []
15:43:25.809 [FXGL Background Thread 3 ] DEBUG Engine               - actualHeight: 720.0
15:43:25.809 [FXGL Background Thread 3 ] DEBUG Engine               - actualHeightProperty: ReadOnlyDoubleProperty [value: 720.0]
15:43:25.809 [FXGL Background Thread 3 ] DEBUG Engine               - actualWidth: 1280.0
15:43:25.809 [FXGL Background Thread 3 ] DEBUG Engine               - actualWidthProperty: ReadOnlyDoubleProperty [value: 1280.0]
15:43:25.809 [FXGL Background Thread 3 ] DEBUG Engine               - appIcon: fxgl_icon.png
15:43:25.809 [FXGL Background Thread 3 ] DEBUG Engine               - applicationMode: DEVELOPER
15:43:25.809 [FXGL Background Thread 3 ] DEBUG Engine               - cSSList: [fxgl_dark.css]
15:43:25.809 [FXGL Background Thread 3 ] DEBUG Engine               - collisionDetectionStrategy: BRUTE_FORCE
15:43:25.809 [FXGL Background Thread 3 ] DEBUG Engine               - configClass: Optional.empty
15:43:25.809 [FXGL Background Thread 3 ] DEBUG Engine               - credits: []
15:43:25.810 [FXGL Background Thread 3 ] DEBUG Engine               - defaultCursor: CursorInfo(imageName=fxgl_default_cursor.png, hotspotX=7.0, hotspotY=6.0)
15:43:25.810 [FXGL Background Thread 3 ] DEBUG Engine               - devBBoxColorProperty: ObjectProperty [value: 0xff0000ff]
15:43:25.810 [FXGL Background Thread 3 ] DEBUG Engine               - devEnableDebugCameraProperty: BooleanProperty [value: false]
15:43:25.810 [FXGL Background Thread 3 ] DEBUG Engine               - devSensorColorProperty: ObjectProperty [value: 0xffff00ff]
15:43:25.810 [FXGL Background Thread 3 ] DEBUG Engine               - devShowBBoxProperty: BooleanProperty [value: false]
15:43:25.810 [FXGL Background Thread 3 ] DEBUG Engine               - devShowPositionProperty: BooleanProperty [value: false]
15:43:25.810 [FXGL Background Thread 3 ] DEBUG Engine               - enabledMenuItems: []
15:43:25.810 [FXGL Background Thread 3 ] DEBUG Engine               - engineServices: [class com.almasb.fxgl.app.services.FXGLAssetLoaderService, class com.almasb.fxgl.app.FXGLApplication$GameApplicationService, class com.almasb.fxgl.app.services.FXGLDialogService, class com.almasb.fxgl.app.services.IOTaskExecutorService, class com.almasb.fxgl.io.FileSystemService, class com.almasb.fxgl.localization.LocalizationService, class com.almasb.fxgl.app.services.SystemBundleService, class com.almasb.fxgl.profile.SaveLoadService, class com.almasb.fxgl.ui.FXGLUIFactoryServiceProvider, class com.almasb.fxgl.ui.FXGLDialogFactoryServiceProvider, class com.almasb.fxgl.audio.AudioPlayer, class com.almasb.fxgl.notification.impl.NotificationServiceProvider, class com.almasb.fxgl.achievement.AchievementService, class com.almasb.fxgl.cutscene.CutsceneService, class com.almasb.fxgl.minigames.MiniGameService, class com.almasb.fxgl.net.NetService, class com.almasb.fxgl.app.services.UpdaterService, class com.almasb.fxgl.dev.DevService]
15:43:25.810 [FXGL Background Thread 3 ] DEBUG Engine               - fontGame: Abel-Regular.ttf
15:43:25.811 [FXGL Background Thread 3 ] DEBUG Engine               - fontMono: TerminalLandMono-Regular.otf
15:43:25.811 [FXGL Background Thread 3 ] DEBUG Engine               - fontSizeScaleUI: 1.0
15:43:25.811 [FXGL Background Thread 3 ] DEBUG Engine               - fontText: Courier-Prime.ttf
15:43:25.811 [FXGL Background Thread 3 ] DEBUG Engine               - fontUI: VarelaRound-Regular.ttf
15:43:25.811 [FXGL Background Thread 3 ] DEBUG Engine               - fullScreen: BooleanProperty [value: false]
15:43:25.811 [FXGL Background Thread 3 ] DEBUG Engine               - gameDifficulty: MEDIUM
15:43:25.811 [FXGL Background Thread 3 ] DEBUG Engine               - gameDifficultyProperty: ObjectProperty [value: MEDIUM]
15:43:25.811 [FXGL Background Thread 3 ] DEBUG Engine               - globalMusicVolume: 0.5
15:43:25.811 [FXGL Background Thread 3 ] DEBUG Engine               - globalMusicVolumeProperty: DoubleProperty [value: 0.5]
15:43:25.811 [FXGL Background Thread 3 ] DEBUG Engine               - globalSoundVolume: 0.5
15:43:25.811 [FXGL Background Thread 3 ] DEBUG Engine               - globalSoundVolumeProperty: DoubleProperty [value: 0.5]
15:43:25.811 [FXGL Background Thread 3 ] DEBUG Engine               - height: 720
15:43:25.811 [FXGL Background Thread 3 ] DEBUG Engine               - is3D: false
15:43:25.811 [FXGL Background Thread 3 ] DEBUG Engine               - isAndroid: false
15:43:25.811 [FXGL Background Thread 3 ] DEBUG Engine               - isBrowser: false
15:43:25.811 [FXGL Background Thread 3 ] DEBUG Engine               - isClickFeedbackEnabled: false
15:43:25.811 [FXGL Background Thread 3 ] DEBUG Engine               - isCloseConfirmation: false
15:43:25.811 [FXGL Background Thread 3 ] DEBUG Engine               - isDesktop: true
15:43:25.811 [FXGL Background Thread 3 ] DEBUG Engine               - isDeveloperMenuEnabled: false
15:43:25.811 [FXGL Background Thread 3 ] DEBUG Engine               - isEmbedded: false
15:43:25.811 [FXGL Background Thread 3 ] DEBUG Engine               - isEntityPreloadEnabled: true
15:43:25.811 [FXGL Background Thread 3 ] DEBUG Engine               - isExperimentalTiledLargeMap: false
15:43:25.811 [FXGL Background Thread 3 ] DEBUG Engine               - isFileSystemWriteAllowed: true
15:43:25.811 [FXGL Background Thread 3 ] DEBUG Engine               - isFullScreenAllowed: false
15:43:25.811 [FXGL Background Thread 3 ] DEBUG Engine               - isFullScreenFromStart: false
15:43:25.811 [FXGL Background Thread 3 ] DEBUG Engine               - isGameMenuEnabled: true
15:43:25.811 [FXGL Background Thread 3 ] DEBUG Engine               - isIOS: false
15:43:25.811 [FXGL Background Thread 3 ] DEBUG Engine               - isIntroEnabled: false
15:43:25.811 [FXGL Background Thread 3 ] DEBUG Engine               - isLinux: false
15:43:25.811 [FXGL Background Thread 3 ] DEBUG Engine               - isMac: false
15:43:25.811 [FXGL Background Thread 3 ] DEBUG Engine               - isMainMenuEnabled: true
15:43:25.811 [FXGL Background Thread 3 ] DEBUG Engine               - isManualResizeEnabled: false
15:43:25.811 [FXGL Background Thread 3 ] DEBUG Engine               - isMobile: false
15:43:25.811 [FXGL Background Thread 3 ] DEBUG Engine               - isNative: false
15:43:25.811 [FXGL Background Thread 3 ] DEBUG Engine               - isPauseMusicWhenMinimized: true
15:43:25.811 [FXGL Background Thread 3 ] DEBUG Engine               - isPreserveResizeRatio: true
15:43:25.811 [FXGL Background Thread 3 ] DEBUG Engine               - isProfilingEnabled: false
15:43:25.811 [FXGL Background Thread 3 ] DEBUG Engine               - isScaleAffectedOnResize: true
15:43:25.811 [FXGL Background Thread 3 ] DEBUG Engine               - isSingleStep: false
15:43:25.811 [FXGL Background Thread 3 ] DEBUG Engine               - isUserProfileEnabled: false
15:43:25.811 [FXGL Background Thread 3 ] DEBUG Engine               - isWindows: true
15:43:25.812 [FXGL Background Thread 3 ] DEBUG Engine               - language: ObjectProperty [value: ENGLISH]
15:43:25.812 [FXGL Background Thread 3 ] DEBUG Engine               - menuKey: ESCAPE
15:43:25.812 [FXGL Background Thread 3 ] DEBUG Engine               - mouseSensitivity: 0.2
15:43:25.812 [FXGL Background Thread 3 ] DEBUG Engine               - notificationViewClass: class com.almasb.fxgl.notification.view.XboxNotificationView
15:43:25.812 [FXGL Background Thread 3 ] DEBUG Engine               - pixelsPerMeter: 50.0
15:43:25.812 [FXGL Background Thread 3 ] DEBUG Engine               - platform: WINDOWS
15:43:25.812 [FXGL Background Thread 3 ] DEBUG Engine               - prefHeightProperty: ReadOnlyDoubleProperty [value: 720.0]
15:43:25.812 [FXGL Background Thread 3 ] DEBUG Engine               - prefWidthProperty: ReadOnlyDoubleProperty [value: 1280.0]
15:43:25.812 [FXGL Background Thread 3 ] DEBUG Engine               - profileDir: profiles/
15:43:25.812 [FXGL Background Thread 3 ] DEBUG Engine               - profileName: StringProperty [value: DEFAULT]
15:43:25.812 [FXGL Background Thread 3 ] DEBUG Engine               - randomSeed: -1
15:43:25.812 [FXGL Background Thread 3 ] DEBUG Engine               - runtimeInfo: RuntimeInfo(platform=WINDOWS, version=21.1, build=27.03.2024 07.52)
15:43:25.812 [FXGL Background Thread 3 ] DEBUG Engine               - saveFileExt: sav
15:43:25.812 [FXGL Background Thread 3 ] DEBUG Engine               - scaledHeightProp$fxgl: DoubleProperty [bound, value: 720.0]
15:43:25.812 [FXGL Background Thread 3 ] DEBUG Engine               - scaledWidthProp$fxgl: DoubleProperty [bound, value: 1280.0]
15:43:25.812 [FXGL Background Thread 3 ] DEBUG Engine               - sceneFactory: com.almasb.fxgl.app.scene.SceneFactory@15a79448
15:43:25.812 [FXGL Background Thread 3 ] DEBUG Engine               - secondsIn24h: 60
15:43:25.812 [FXGL Background Thread 3 ] DEBUG Engine               - soundMenuBack: menu/back.wav
15:43:25.812 [FXGL Background Thread 3 ] DEBUG Engine               - soundMenuPress: menu/press.wav
15:43:25.812 [FXGL Background Thread 3 ] DEBUG Engine               - soundMenuSelect: menu/select.wav
15:43:25.812 [FXGL Background Thread 3 ] DEBUG Engine               - soundNotification: core/notification.wav
15:43:25.812 [FXGL Background Thread 3 ] DEBUG Engine               - stageStyle: DECORATED
15:43:25.812 [FXGL Background Thread 3 ] DEBUG Engine               - supportedLanguages: [ENGLISH, FRENCH, GERMAN, HUNGARIAN, RUSSIAN]
15:43:25.812 [FXGL Background Thread 3 ] DEBUG Engine               - ticksPerSecond: -1
15:43:25.812 [FXGL Background Thread 3 ] DEBUG Engine               - title: RougeVolley — 地牢探险
15:43:25.813 [FXGL Background Thread 3 ] DEBUG Engine               - urlGithub: https://github.com/AlmasB/FXGL
15:43:25.813 [FXGL Background Thread 3 ] DEBUG Engine               - urlLeaderboard: http://fxgl-top.herokuapp.com/
15:43:25.813 [FXGL Background Thread 3 ] DEBUG Engine               - urlPOM: https://raw.githubusercontent.com/AlmasB/FXGL/release/README.md
15:43:25.813 [FXGL Background Thread 3 ] DEBUG Engine               - userAppClass: class org.example.rougevolley.RougeVolleyFXGL
15:43:25.813 [FXGL Background Thread 3 ] DEBUG Engine               - version: 0.1
15:43:25.813 [FXGL Background Thread 3 ] DEBUG Engine               - versionCheckDays: 7
15:43:25.813 [FXGL Background Thread 3 ] DEBUG Engine               - width: 1280
15:43:25.813 [FXGL Background Thread 3 ] DEBUG Engine               - Logging services
15:43:25.813 [FXGL Background Thread 3 ] DEBUG Engine               - class com.almasb.fxgl.app.services.FXGLAssetLoaderService
15:43:25.813 [FXGL Background Thread 3 ] DEBUG Engine               - class com.almasb.fxgl.app.FXGLApplication$GameApplicationService
15:43:25.813 [FXGL Background Thread 3 ] DEBUG Engine               - class com.almasb.fxgl.app.services.FXGLDialogService
15:43:25.813 [FXGL Background Thread 3 ] DEBUG Engine               - class com.almasb.fxgl.app.services.IOTaskExecutorService
15:43:25.813 [FXGL Background Thread 3 ] DEBUG Engine               - class com.almasb.fxgl.io.FileSystemService
15:43:25.813 [FXGL Background Thread 3 ] DEBUG Engine               - class com.almasb.fxgl.localization.LocalizationService
15:43:25.813 [FXGL Background Thread 3 ] DEBUG Engine               - class com.almasb.fxgl.app.services.SystemBundleService
15:43:25.813 [FXGL Background Thread 3 ] DEBUG Engine               - class com.almasb.fxgl.profile.SaveLoadService
15:43:25.813 [FXGL Background Thread 3 ] DEBUG Engine               - class com.almasb.fxgl.ui.FXGLUIFactoryServiceProvider
15:43:25.813 [FXGL Background Thread 3 ] DEBUG Engine               - class com.almasb.fxgl.ui.FXGLDialogFactoryServiceProvider
15:43:25.813 [FXGL Background Thread 3 ] DEBUG Engine               - class com.almasb.fxgl.audio.AudioPlayer
15:43:25.813 [FXGL Background Thread 3 ] DEBUG Engine               - class com.almasb.fxgl.notification.impl.NotificationServiceProvider
15:43:25.813 [FXGL Background Thread 3 ] DEBUG Engine               - class com.almasb.fxgl.achievement.AchievementService
15:43:25.813 [FXGL Background Thread 3 ] DEBUG Engine               - class com.almasb.fxgl.cutscene.CutsceneService
15:43:25.813 [FXGL Background Thread 3 ] DEBUG Engine               - class com.almasb.fxgl.minigames.MiniGameService
15:43:25.813 [FXGL Background Thread 3 ] DEBUG Engine               - class com.almasb.fxgl.net.NetService
15:43:25.813 [FXGL Background Thread 3 ] DEBUG Engine               - class com.almasb.fxgl.app.services.UpdaterService
15:43:25.813 [FXGL Background Thread 3 ] DEBUG Engine               - class com.almasb.fxgl.dev.DevService
15:43:30.660 [JavaFX Application Thread] DEBUG Menu                 - fireExit()
15:43:30.662 [JavaFX Application Thread] DEBUG PrimaryStageWindow   - Push state: DialogSubScene
15:43:30.662 [JavaFX Application Thread] DEBUG Input                - Clearing active input actions
15:43:30.663 [JavaFX Application Thread] DEBUG GameApplicationServi - Removing overlay from FXGLDefaultMenu and adding to DialogSubScene
15:43:30.663 [JavaFX Application Thread] DEBUG PrimaryStageWindow   - FXGLDefaultMenu -> DialogSubScene
15:43:32.126 [JavaFX Application Thread] DEBUG PrimaryStageWindow   - Pop state: DialogSubScene
15:43:32.126 [JavaFX Application Thread] DEBUG Input                - Clearing active input actions
15:43:32.127 [JavaFX Application Thread] DEBUG GameApplicationServi - Removing overlay from DialogSubScene and adding to FXGLDefaultMenu
15:43:32.128 [JavaFX Application Thread] DEBUG PrimaryStageWindow   - FXGLDefaultMenu <- DialogSubScene
15:43:32.128 [JavaFX Application Thread] DEBUG FXGLApplication      - Exiting FXGL
15:43:32.128 [JavaFX Application Thread] DEBUG LoopRunner           - Stopping loop
15:43:32.128 [JavaFX Application Thread] DEBUG SystemBundleService  - Saving FXGL system data
15:43:32.132 [JavaFX Application Thread] DEBUG FileSystemAccess     - Writing to: C:\Users\19559\IdeaProjects\RougeVolley\system\fxgl.bundle
15:43:32.138 [JavaFX Application Thread] DEBUG Async                - Shutting down background threads
15:43:32.138 [JavaFX Application Thread] DEBUG PrimaryStageWindow   - Closing main window
15:43:32.184 [JavaFX Application Thread] DEBUG Logger               - Closing Logger
