16:40:54.745 [main                     ] DEBUG Logger               - Configured Logger
16:40:54.766 [main                     ] DEBUG GameApplication      - Logging settings
Title: RougeVolley — 地牢探险
Version: 0.1
Width: 1280
Height: 720
Fullscreen: false
Intro: false
Profiling: false
Single step:false
App Mode: DEVELOPER
Menu Key: ESCAPE
Stage Style: DECORATED
Scene Factory: class com.almasb.fxgl.app.scene.SceneFactory

16:40:55.177 [JavaFX Application Thread] DEBUG FXGLApplication      - Initializing FXGL
16:40:55.179 [JavaFX Application Thread] INFO  Engine               - FXGL-21.1 (27.03.2024 07.52) on WINDOWS (J:21.0.8 FX:21)
16:40:55.180 [JavaFX Application Thread] DEBUG Engine               - JRE Vendor Name: Microsoft
16:40:55.180 [JavaFX Application Thread] DEBUG Engine               - Running on OS: Windows 11 version 10.0
16:40:55.180 [JavaFX Application Thread] DEBUG Engine               - Architecture: amd64
16:40:55.180 [JavaFX Application Thread] INFO  Engine               - Source code and latest versions at: https://github.com/AlmasB/FXGL
16:40:55.180 [JavaFX Application Thread] INFO  Engine               -       Ask questions and discuss at: https://github.com/AlmasB/FXGL/discussions
16:40:55.180 [JavaFX Application Thread] INFO  Engine               -              Join the FXGL chat at: https://gitter.im/AlmasB/FXGL
16:40:55.248 [JavaFX Application Thread] DEBUG PrimaryStageWindow   - Creating a JavaFX scene
16:40:55.278 [JavaFX Application Thread] DEBUG PrimaryStageWindow   - Target settings size: 1280.0 x 720.0
16:40:55.278 [JavaFX Application Thread] DEBUG PrimaryStageWindow   - Scaled scene size:    1280.0 x 720.0
16:40:55.278 [JavaFX Application Thread] DEBUG PrimaryStageWindow   - Scaled ratio: (1.0, 1.0)
16:40:55.279 [JavaFX Application Thread] DEBUG PrimaryStageWindow   - Set initial scene to FXGLStartupScene
16:40:55.280 [JavaFX Application Thread] DEBUG PrimaryStageWindow   - Opening main window
16:40:55.379 [JavaFX Application Thread] DEBUG PrimaryStageWindow   - Window border size: (14.6666259765625, 37.33331298828125)
16:40:55.379 [JavaFX Application Thread] DEBUG PrimaryStageWindow   - Scaled size: 1280.0 x 720.0
16:40:55.379 [JavaFX Application Thread] DEBUG PrimaryStageWindow   - Scaled ratio: (1.0, 1.0)
16:40:55.379 [JavaFX Application Thread] DEBUG PrimaryStageWindow   - Scene size: 1280.0 x 720.0
16:40:55.380 [JavaFX Application Thread] DEBUG PrimaryStageWindow   - Stage size: 1294.6666259765625 x 757.3333129882812
16:40:55.384 [FXGL Background Thread 1 ] DEBUG Engine               - Initializing environment variables
16:40:55.427 [FXGL Background Thread 1 ] DEBUG FXGLAssetLoaderServi - User app class for loading assets: class org.example.rougevolley.RougeVolleyFXGL
16:40:55.427 [FXGL Background Thread 1 ] DEBUG GameApplicationServi - Applying CSS: fxgl_dark.css
16:40:55.427 [FXGL Background Thread 1 ] DEBUG FXGLAssetLoaderServi - Loading from file system: jar:file:/C:/Users/19559/.m2/repository/com/github/almasb/fxgl/21.1/fxgl-21.1.jar!/fxglassets/ui/css/fxgl_dark.css
16:40:55.462 [FXGL Background Thread 1 ] DEBUG GameApplicationServi - Initializing application scenes
16:40:55.543 [FXGL Background Thread 1 ] DEBUG GameWorld            - Game world initialized
16:40:55.605 [FXGL Background Thread 1 ] DEBUG PhysicsWorld         - Physics world initialized: appHeight=720, physics.ppm=50.0
16:40:55.605 [FXGL Background Thread 1 ] DEBUG PhysicsWorld         - Using strategy: BRUTE_FORCE
16:40:55.608 [FXGL Background Thread 1 ] DEBUG GameScene            - Game scene initialized: 1280x720
16:40:55.616 [FXGL Background Thread 1 ] DEBUG FXGL.DefaultMenu     - createMenuBodyMainMenu()
16:40:55.624 [FXGL Background Thread 1 ] DEBUG FXGL.DefaultMenu     - createOptionsMenu()
16:40:55.632 [FXGL Background Thread 1 ] DEBUG FXGLAssetLoaderServi - Loading from file system: jar:file:/C:/Users/19559/.m2/repository/com/github/almasb/fxgl/21.1/fxgl-21.1.jar!/fxglassets/textures/particles/smoke.png
16:40:55.736 [FXGL Background Thread 1 ] DEBUG FXGLAssetLoaderServi - Loading from file system: jar:file:/C:/Users/19559/.m2/repository/com/github/almasb/fxgl/21.1/fxgl-21.1.jar!/fxglassets/textures/particles/trace_horizontal.png
16:40:55.764 [FXGL Background Thread 1 ] DEBUG FXGL.DefaultMenu     - createMenuBodyGameMenu()
16:40:55.766 [FXGL Background Thread 1 ] DEBUG FXGL.DefaultMenu     - createOptionsMenu()
16:40:55.774 [FXGL Background Thread 1 ] DEBUG GameApplicationServi - Application scenes initialized
16:40:55.782 [FXGL Background Thread 1 ] DEBUG SystemBundleService  - Loading FXGL system data
16:40:55.784 [FXGL Background Thread 1 ] DEBUG FileSystemAccess     - Reading from: C:\Users\19559\IdeaProjects\RougeVolley\system\fxgl.bundle
16:40:55.791 [FXGL Background Thread 1 ] DEBUG SystemBundleService  - Bundle FXGL: {}
16:40:55.791 [FXGL Background Thread 1 ] DEBUG UpdaterService       - Checking for updates
16:40:55.793 [FXGL Background Thread 4 ] DEBUG FXGLApplication      - Loading fonts
16:40:55.793 [FXGL Background Thread 1 ] DEBUG FXGLApplication      - Loading default localization
16:40:55.794 [FXGL Background Thread 4 ] DEBUG FXGLAssetLoaderServi - Loading from file system: jar:file:/C:/Users/19559/.m2/repository/com/github/almasb/fxgl/21.1/fxgl-21.1.jar!/fxglassets/ui/fonts/VarelaRound-Regular.ttf
16:40:55.794 [FXGL Background Thread 1 ] DEBUG FXGLAssetLoaderServi - Loading from file system: jar:file:/C:/Users/19559/.m2/repository/com/github/almasb/fxgl/21.1/fxgl-21.1.jar!/fxglassets/languages/english.lang
16:40:55.818 [FXGL Background Thread 4 ] DEBUG FXGLAssetLoaderServi - Loading from file system: jar:file:/C:/Users/19559/.m2/repository/com/github/almasb/fxgl/21.1/fxgl-21.1.jar!/fxglassets/ui/fonts/Abel-Regular.ttf
16:40:55.820 [FXGL Background Thread 4 ] DEBUG FXGLAssetLoaderServi - Loading from file system: jar:file:/C:/Users/19559/.m2/repository/com/github/almasb/fxgl/21.1/fxgl-21.1.jar!/fxglassets/ui/fonts/TerminalLandMono-Regular.otf
16:40:55.822 [FXGL Background Thread 4 ] DEBUG FXGLAssetLoaderServi - Loading from file system: jar:file:/C:/Users/19559/.m2/repository/com/github/almasb/fxgl/21.1/fxgl-21.1.jar!/fxglassets/ui/fonts/Courier-Prime.ttf
16:40:55.829 [JavaFX Application Thread] DEBUG FXGLApplication      - Registering font factories with UI factory
16:40:55.844 [FXGL Background Thread 1 ] INFO  FXGLApplication      - FXGL initialization took: 0.459 sec
16:40:55.859 [JavaFX Application Thread] DEBUG Input                - Registered new binding: Move up - W
16:40:55.859 [JavaFX Application Thread] DEBUG Input                - Registered new binding: Move down - S
16:40:55.860 [JavaFX Application Thread] DEBUG Input                - Registered new binding: Move left - A
16:40:55.860 [JavaFX Application Thread] DEBUG Input                - Registered new binding: Move right - D
16:40:55.861 [JavaFX Application Thread] DEBUG Input                - Registered new binding: Attack - Space
16:40:55.861 [JavaFX Application Thread] DEBUG FXGLAssetLoaderServi - Loading from file system: jar:file:/C:/Users/19559/.m2/repository/com/github/almasb/fxgl/21.1/fxgl-21.1.jar!/fxglassets/textures/fxgl_icon.png
16:40:55.877 [JavaFX Application Thread] DEBUG FXGLAssetLoaderServi - Loading from file system: jar:file:/C:/Users/19559/.m2/repository/com/github/almasb/fxgl/21.1/fxgl-21.1.jar!/fxglassets/textures/fxgl_default_cursor.png
16:40:55.881 [JavaFX Application Thread] DEBUG Input                - Registered new binding: Screenshot - CTRL+8
16:40:55.882 [JavaFX Application Thread] DEBUG Input                - Registered new binding: System info dump - CTRL+9
16:40:55.883 [JavaFX Application Thread] DEBUG Input                - Registered new binding: Restart - CTRL+R
16:40:55.885 [JavaFX Application Thread] DEBUG Input                - Registered new binding: Toggle Debug Camera - CTRL+7
16:40:55.892 [JavaFX Application Thread] DEBUG LoopRunner           - Starting loop
16:40:55.892 [JavaFX Application Thread] DEBUG LoopRunner           - Initializing JavaFX AnimationTimerLoop
16:40:55.897 [JavaFX Application Thread] DEBUG Input                - Clearing active input actions
16:40:55.901 [JavaFX Application Thread] DEBUG GameApplicationServi - Removing overlay from FXGLStartupScene and adding to FXGLMainMenuDummyScene
16:40:55.902 [JavaFX Application Thread] DEBUG PrimaryStageWindow   - FXGLStartupScene -> FXGLMainMenuDummyScene
16:40:55.902 [JavaFX Application Thread] DEBUG PrimaryStageWindow   - Push state: FXGLDefaultMenu
16:40:55.916 [JavaFX Application Thread] DEBUG Input                - Clearing active input actions
16:40:55.933 [JavaFX Application Thread] DEBUG GameApplicationServi - Removing overlay from FXGLMainMenuDummyScene and adding to FXGLDefaultMenu
16:40:55.933 [JavaFX Application Thread] DEBUG PrimaryStageWindow   - FXGLMainMenuDummyScene -> FXGLDefaultMenu
16:40:56.793 [FXGL Background Thread 2 ] INFO  UpdaterService       - Your current version:  21.1
16:40:56.794 [FXGL Background Thread 2 ] INFO  UpdaterService       - Latest stable version: 25
16:40:57.295 [JavaFX Application Thread] DEBUG LoopRunner           - Pausing loop
16:40:58.794 [FXGL Background Thread 3 ] DEBUG Engine               - Logging environment variables
16:40:58.794 [FXGL Background Thread 3 ] DEBUG Engine               - achievements: []
16:40:58.794 [FXGL Background Thread 3 ] DEBUG Engine               - actualHeight: 720.0
16:40:58.794 [FXGL Background Thread 3 ] DEBUG Engine               - actualHeightProperty: ReadOnlyDoubleProperty [value: 720.0]
16:40:58.794 [FXGL Background Thread 3 ] DEBUG Engine               - actualWidth: 1280.0
16:40:58.794 [FXGL Background Thread 3 ] DEBUG Engine               - actualWidthProperty: ReadOnlyDoubleProperty [value: 1280.0]
16:40:58.794 [FXGL Background Thread 3 ] DEBUG Engine               - appIcon: fxgl_icon.png
16:40:58.794 [FXGL Background Thread 3 ] DEBUG Engine               - applicationMode: DEVELOPER
16:40:58.795 [FXGL Background Thread 3 ] DEBUG Engine               - cSSList: [fxgl_dark.css]
16:40:58.795 [FXGL Background Thread 3 ] DEBUG Engine               - collisionDetectionStrategy: BRUTE_FORCE
16:40:58.795 [FXGL Background Thread 3 ] DEBUG Engine               - configClass: Optional.empty
16:40:58.795 [FXGL Background Thread 3 ] DEBUG Engine               - credits: []
16:40:58.795 [FXGL Background Thread 3 ] DEBUG Engine               - defaultCursor: CursorInfo(imageName=fxgl_default_cursor.png, hotspotX=7.0, hotspotY=6.0)
16:40:58.795 [FXGL Background Thread 3 ] DEBUG Engine               - devBBoxColorProperty: ObjectProperty [value: 0xff0000ff]
16:40:58.795 [FXGL Background Thread 3 ] DEBUG Engine               - devEnableDebugCameraProperty: BooleanProperty [value: false]
16:40:58.795 [FXGL Background Thread 3 ] DEBUG Engine               - devSensorColorProperty: ObjectProperty [value: 0xffff00ff]
16:40:58.795 [FXGL Background Thread 3 ] DEBUG Engine               - devShowBBoxProperty: BooleanProperty [value: false]
16:40:58.796 [FXGL Background Thread 3 ] DEBUG Engine               - devShowPositionProperty: BooleanProperty [value: false]
16:40:58.796 [FXGL Background Thread 3 ] DEBUG Engine               - enabledMenuItems: []
16:40:58.796 [FXGL Background Thread 3 ] DEBUG Engine               - engineServices: [class com.almasb.fxgl.app.services.FXGLAssetLoaderService, class com.almasb.fxgl.app.FXGLApplication$GameApplicationService, class com.almasb.fxgl.app.services.FXGLDialogService, class com.almasb.fxgl.app.services.IOTaskExecutorService, class com.almasb.fxgl.io.FileSystemService, class com.almasb.fxgl.localization.LocalizationService, class com.almasb.fxgl.app.services.SystemBundleService, class com.almasb.fxgl.profile.SaveLoadService, class com.almasb.fxgl.ui.FXGLUIFactoryServiceProvider, class com.almasb.fxgl.ui.FXGLDialogFactoryServiceProvider, class com.almasb.fxgl.audio.AudioPlayer, class com.almasb.fxgl.notification.impl.NotificationServiceProvider, class com.almasb.fxgl.achievement.AchievementService, class com.almasb.fxgl.cutscene.CutsceneService, class com.almasb.fxgl.minigames.MiniGameService, class com.almasb.fxgl.net.NetService, class com.almasb.fxgl.app.services.UpdaterService, class com.almasb.fxgl.dev.DevService]
16:40:58.796 [FXGL Background Thread 3 ] DEBUG Engine               - fontGame: Abel-Regular.ttf
16:40:58.796 [FXGL Background Thread 3 ] DEBUG Engine               - fontMono: TerminalLandMono-Regular.otf
16:40:58.796 [FXGL Background Thread 3 ] DEBUG Engine               - fontSizeScaleUI: 1.0
16:40:58.796 [FXGL Background Thread 3 ] DEBUG Engine               - fontText: Courier-Prime.ttf
16:40:58.796 [FXGL Background Thread 3 ] DEBUG Engine               - fontUI: VarelaRound-Regular.ttf
16:40:58.796 [FXGL Background Thread 3 ] DEBUG Engine               - fullScreen: BooleanProperty [value: false]
16:40:58.796 [FXGL Background Thread 3 ] DEBUG Engine               - gameDifficulty: MEDIUM
16:40:58.796 [FXGL Background Thread 3 ] DEBUG Engine               - gameDifficultyProperty: ObjectProperty [value: MEDIUM]
16:40:58.796 [FXGL Background Thread 3 ] DEBUG Engine               - globalMusicVolume: 0.5
16:40:58.796 [FXGL Background Thread 3 ] DEBUG Engine               - globalMusicVolumeProperty: DoubleProperty [value: 0.5]
16:40:58.796 [FXGL Background Thread 3 ] DEBUG Engine               - globalSoundVolume: 0.5
16:40:58.796 [FXGL Background Thread 3 ] DEBUG Engine               - globalSoundVolumeProperty: DoubleProperty [value: 0.5]
16:40:58.796 [FXGL Background Thread 3 ] DEBUG Engine               - height: 720
16:40:58.796 [FXGL Background Thread 3 ] DEBUG Engine               - is3D: false
16:40:58.796 [FXGL Background Thread 3 ] DEBUG Engine               - isAndroid: false
16:40:58.796 [FXGL Background Thread 3 ] DEBUG Engine               - isBrowser: false
16:40:58.796 [FXGL Background Thread 3 ] DEBUG Engine               - isClickFeedbackEnabled: false
16:40:58.796 [FXGL Background Thread 3 ] DEBUG Engine               - isCloseConfirmation: false
16:40:58.796 [FXGL Background Thread 3 ] DEBUG Engine               - isDesktop: true
16:40:58.796 [FXGL Background Thread 3 ] DEBUG Engine               - isDeveloperMenuEnabled: false
16:40:58.796 [FXGL Background Thread 3 ] DEBUG Engine               - isEmbedded: false
16:40:58.796 [FXGL Background Thread 3 ] DEBUG Engine               - isEntityPreloadEnabled: true
16:40:58.796 [FXGL Background Thread 3 ] DEBUG Engine               - isExperimentalTiledLargeMap: false
16:40:58.796 [FXGL Background Thread 3 ] DEBUG Engine               - isFileSystemWriteAllowed: true
16:40:58.796 [FXGL Background Thread 3 ] DEBUG Engine               - isFullScreenAllowed: false
16:40:58.796 [FXGL Background Thread 3 ] DEBUG Engine               - isFullScreenFromStart: false
16:40:58.796 [FXGL Background Thread 3 ] DEBUG Engine               - isGameMenuEnabled: true
16:40:58.796 [FXGL Background Thread 3 ] DEBUG Engine               - isIOS: false
16:40:58.796 [FXGL Background Thread 3 ] DEBUG Engine               - isIntroEnabled: false
16:40:58.796 [FXGL Background Thread 3 ] DEBUG Engine               - isLinux: false
16:40:58.796 [FXGL Background Thread 3 ] DEBUG Engine               - isMac: false
16:40:58.796 [FXGL Background Thread 3 ] DEBUG Engine               - isMainMenuEnabled: true
16:40:58.796 [FXGL Background Thread 3 ] DEBUG Engine               - isManualResizeEnabled: false
16:40:58.796 [FXGL Background Thread 3 ] DEBUG Engine               - isMobile: false
16:40:58.796 [FXGL Background Thread 3 ] DEBUG Engine               - isNative: false
16:40:58.796 [FXGL Background Thread 3 ] DEBUG Engine               - isPauseMusicWhenMinimized: true
16:40:58.796 [FXGL Background Thread 3 ] DEBUG Engine               - isPreserveResizeRatio: true
16:40:58.796 [FXGL Background Thread 3 ] DEBUG Engine               - isProfilingEnabled: false
16:40:58.796 [FXGL Background Thread 3 ] DEBUG Engine               - isScaleAffectedOnResize: true
16:40:58.796 [FXGL Background Thread 3 ] DEBUG Engine               - isSingleStep: false
16:40:58.796 [FXGL Background Thread 3 ] DEBUG Engine               - isUserProfileEnabled: false
16:40:58.796 [FXGL Background Thread 3 ] DEBUG Engine               - isWindows: true
16:40:58.797 [FXGL Background Thread 3 ] DEBUG Engine               - language: ObjectProperty [value: ENGLISH]
16:40:58.797 [FXGL Background Thread 3 ] DEBUG Engine               - menuKey: ESCAPE
16:40:58.797 [FXGL Background Thread 3 ] DEBUG Engine               - mouseSensitivity: 0.2
16:40:58.797 [FXGL Background Thread 3 ] DEBUG Engine               - notificationViewClass: class com.almasb.fxgl.notification.view.XboxNotificationView
16:40:58.797 [FXGL Background Thread 3 ] DEBUG Engine               - pixelsPerMeter: 50.0
16:40:58.797 [FXGL Background Thread 3 ] DEBUG Engine               - platform: WINDOWS
16:40:58.797 [FXGL Background Thread 3 ] DEBUG Engine               - prefHeightProperty: ReadOnlyDoubleProperty [value: 720.0]
16:40:58.797 [FXGL Background Thread 3 ] DEBUG Engine               - prefWidthProperty: ReadOnlyDoubleProperty [value: 1280.0]
16:40:58.797 [FXGL Background Thread 3 ] DEBUG Engine               - profileDir: profiles/
16:40:58.797 [FXGL Background Thread 3 ] DEBUG Engine               - profileName: StringProperty [value: DEFAULT]
16:40:58.797 [FXGL Background Thread 3 ] DEBUG Engine               - randomSeed: -1
16:40:58.797 [FXGL Background Thread 3 ] DEBUG Engine               - runtimeInfo: RuntimeInfo(platform=WINDOWS, version=21.1, build=27.03.2024 07.52)
16:40:58.797 [FXGL Background Thread 3 ] DEBUG Engine               - saveFileExt: sav
16:40:58.797 [FXGL Background Thread 3 ] DEBUG Engine               - scaledHeightProp$fxgl: DoubleProperty [bound, value: 720.0]
16:40:58.797 [FXGL Background Thread 3 ] DEBUG Engine               - scaledWidthProp$fxgl: DoubleProperty [bound, value: 1280.0]
16:40:58.797 [FXGL Background Thread 3 ] DEBUG Engine               - sceneFactory: com.almasb.fxgl.app.scene.SceneFactory@1b607954
16:40:58.797 [FXGL Background Thread 3 ] DEBUG Engine               - secondsIn24h: 60
16:40:58.797 [FXGL Background Thread 3 ] DEBUG Engine               - soundMenuBack: menu/back.wav
16:40:58.797 [FXGL Background Thread 3 ] DEBUG Engine               - soundMenuPress: menu/press.wav
16:40:58.797 [FXGL Background Thread 3 ] DEBUG Engine               - soundMenuSelect: menu/select.wav
16:40:58.797 [FXGL Background Thread 3 ] DEBUG Engine               - soundNotification: core/notification.wav
16:40:58.797 [FXGL Background Thread 3 ] DEBUG Engine               - stageStyle: DECORATED
16:40:58.797 [FXGL Background Thread 3 ] DEBUG Engine               - supportedLanguages: [ENGLISH, FRENCH, GERMAN, HUNGARIAN, RUSSIAN]
16:40:58.797 [FXGL Background Thread 3 ] DEBUG Engine               - ticksPerSecond: -1
16:40:58.797 [FXGL Background Thread 3 ] DEBUG Engine               - title: RougeVolley — 地牢探险
16:40:58.797 [FXGL Background Thread 3 ] DEBUG Engine               - urlGithub: https://github.com/AlmasB/FXGL
16:40:58.797 [FXGL Background Thread 3 ] DEBUG Engine               - urlLeaderboard: http://fxgl-top.herokuapp.com/
16:40:58.797 [FXGL Background Thread 3 ] DEBUG Engine               - urlPOM: https://raw.githubusercontent.com/AlmasB/FXGL/release/README.md
16:40:58.797 [FXGL Background Thread 3 ] DEBUG Engine               - userAppClass: class org.example.rougevolley.RougeVolleyFXGL
16:40:58.797 [FXGL Background Thread 3 ] DEBUG Engine               - version: 0.1
16:40:58.797 [FXGL Background Thread 3 ] DEBUG Engine               - versionCheckDays: 7
16:40:58.797 [FXGL Background Thread 3 ] DEBUG Engine               - width: 1280
16:40:58.797 [FXGL Background Thread 3 ] DEBUG Engine               - Logging services
16:40:58.797 [FXGL Background Thread 3 ] DEBUG Engine               - class com.almasb.fxgl.app.services.FXGLAssetLoaderService
16:40:58.797 [FXGL Background Thread 3 ] DEBUG Engine               - class com.almasb.fxgl.app.FXGLApplication$GameApplicationService
16:40:58.797 [FXGL Background Thread 3 ] DEBUG Engine               - class com.almasb.fxgl.app.services.FXGLDialogService
16:40:58.797 [FXGL Background Thread 3 ] DEBUG Engine               - class com.almasb.fxgl.app.services.IOTaskExecutorService
16:40:58.797 [FXGL Background Thread 3 ] DEBUG Engine               - class com.almasb.fxgl.io.FileSystemService
16:40:58.797 [FXGL Background Thread 3 ] DEBUG Engine               - class com.almasb.fxgl.localization.LocalizationService
16:40:58.797 [FXGL Background Thread 3 ] DEBUG Engine               - class com.almasb.fxgl.app.services.SystemBundleService
16:40:58.797 [FXGL Background Thread 3 ] DEBUG Engine               - class com.almasb.fxgl.profile.SaveLoadService
16:40:58.797 [FXGL Background Thread 3 ] DEBUG Engine               - class com.almasb.fxgl.ui.FXGLUIFactoryServiceProvider
16:40:58.797 [FXGL Background Thread 3 ] DEBUG Engine               - class com.almasb.fxgl.ui.FXGLDialogFactoryServiceProvider
16:40:58.797 [FXGL Background Thread 3 ] DEBUG Engine               - class com.almasb.fxgl.audio.AudioPlayer
16:40:58.797 [FXGL Background Thread 3 ] DEBUG Engine               - class com.almasb.fxgl.notification.impl.NotificationServiceProvider
16:40:58.797 [FXGL Background Thread 3 ] DEBUG Engine               - class com.almasb.fxgl.achievement.AchievementService
16:40:58.797 [FXGL Background Thread 3 ] DEBUG Engine               - class com.almasb.fxgl.cutscene.CutsceneService
16:40:58.797 [FXGL Background Thread 3 ] DEBUG Engine               - class com.almasb.fxgl.minigames.MiniGameService
16:40:58.797 [FXGL Background Thread 3 ] DEBUG Engine               - class com.almasb.fxgl.net.NetService
16:40:58.797 [FXGL Background Thread 3 ] DEBUG Engine               - class com.almasb.fxgl.app.services.UpdaterService
16:40:58.797 [FXGL Background Thread 3 ] DEBUG Engine               - class com.almasb.fxgl.dev.DevService
16:41:06.010 [JavaFX Application Thread] DEBUG LoopRunner           - Resuming loop
16:41:12.219 [JavaFX Application Thread] DEBUG FXGL.DefaultMenu     - createContentGameplay()
16:41:13.306 [JavaFX Application Thread] DEBUG FXGL.DefaultMenu     - createContentControls()
16:41:14.337 [JavaFX Application Thread] DEBUG FXGL.DefaultMenu     - createContentVideo()
16:41:18.542 [JavaFX Application Thread] DEBUG PrimaryStageWindow   - Push state: PressAnyKeyState
16:41:18.542 [JavaFX Application Thread] DEBUG Input                - Clearing active input actions
16:41:18.542 [JavaFX Application Thread] DEBUG GameApplicationServi - Removing overlay from FXGLDefaultMenu and adding to PressAnyKeyState
16:41:18.543 [JavaFX Application Thread] DEBUG PrimaryStageWindow   - FXGLDefaultMenu -> PressAnyKeyState
16:41:20.272 [JavaFX Application Thread] DEBUG PrimaryStageWindow   - Pop state: PressAnyKeyState
16:41:20.272 [JavaFX Application Thread] DEBUG Input                - Clearing active input actions
16:41:20.272 [JavaFX Application Thread] DEBUG GameApplicationServi - Removing overlay from PressAnyKeyState and adding to FXGLDefaultMenu
16:41:20.273 [JavaFX Application Thread] DEBUG PrimaryStageWindow   - FXGLDefaultMenu <- PressAnyKeyState
16:41:23.429 [JavaFX Application Thread] DEBUG Menu                 - fireNewGame()
16:41:23.429 [JavaFX Application Thread] DEBUG GameApplicationServi - Starting new game
16:41:23.429 [JavaFX Application Thread] DEBUG PrimaryStageWindow   - Pop state: FXGLDefaultMenu
16:41:23.429 [JavaFX Application Thread] DEBUG Input                - Clearing active input actions
16:41:23.429 [JavaFX Application Thread] DEBUG GameApplicationServi - Removing overlay from FXGLDefaultMenu and adding to FXGLMainMenuDummyScene
16:41:23.429 [JavaFX Application Thread] DEBUG PrimaryStageWindow   - FXGLMainMenuDummyScene <- FXGLDefaultMenu
16:41:23.429 [JavaFX Application Thread] DEBUG Input                - Clearing active input actions
16:41:23.433 [JavaFX Application Thread] DEBUG GameApplicationServi - Removing overlay from FXGLMainMenuDummyScene and adding to FXGLLoadingScene
16:41:23.433 [JavaFX Application Thread] DEBUG PrimaryStageWindow   - FXGLMainMenuDummyScene -> FXGLLoadingScene
16:41:23.433 [JavaFX Application Thread] DEBUG GameApplicationServi - Clearing previous game
16:41:23.433 [JavaFX Application Thread] DEBUG GameScene            - Clearing game scene
16:41:23.433 [JavaFX Application Thread] DEBUG GameWorld            - Clearing game world
16:41:23.433 [JavaFX Application Thread] DEBUG PhysicsWorld         - Clearing physics world
16:41:23.435 [FXGL Background Thread 2 ] DEBUG FXGLApplication      - Initializing game
16:41:23.437 [FXGL Background Thread 2 ] INFO  RougeVolleyFXGL      - RougeVolley initializing...
16:41:23.440 [FXGL Background Thread 2 ] INFO  GameLoop             - GameLoop initializing, fixed timestep = 0.016666666666666666
16:41:23.441 [FXGL Background Thread 2 ] INFO  GameLoop             - GameLoop started
16:41:23.443 [FXGL Background Thread 2 ] DEBUG SceneManager         - Scene pushed: MenuScene (stack depth: 1)
16:41:23.443 [FXGL Background Thread 2 ] INFO  DungeonScene         - DungeonScene onInit
16:41:23.443 [FXGL Background Thread 2 ] INFO  DungeonScene         - DungeonScene onEnter
16:41:23.447 [FXGL Background Thread 2 ] INFO  BSPGenerator         - BSP generated: depth=4, rooms=15, corridors=14, pool.created=29
16:41:23.457 [FXGL Background Thread 2 ] INFO  SpawnManager         - Dungeon populated: 15 rooms
16:41:23.457 [FXGL Background Thread 2 ] INFO  DungeonScene         - Dungeon generated: 15 rooms, 14 corridors
16:41:23.457 [FXGL Background Thread 2 ] DEBUG SceneManager         - Scene pushed: DungeonScene (stack depth: 2)
16:41:23.460 [FXGL Background Thread 2 ] INFO  RougeVolleyFXGL      - RougeVolley initialized. seed=2582288763649102559
16:41:23.460 [FXGL Background Thread 2 ] INFO  FXGLApplication      - Game initialization took: 0.025 sec
16:41:23.463 [JavaFX Application Thread] DEBUG Input                - Clearing active input actions
16:41:23.465 [JavaFX Application Thread] DEBUG GameApplicationServi - Removing overlay from FXGLLoadingScene and adding to GameScene
16:41:23.465 [JavaFX Application Thread] DEBUG PrimaryStageWindow   - FXGLLoadingScene -> GameScene
16:41:33.522 [JavaFX Application Thread] DEBUG FXGLApplication      - Exiting FXGL
16:41:33.522 [JavaFX Application Thread] DEBUG LoopRunner           - Stopping loop
16:41:33.522 [JavaFX Application Thread] DEBUG SystemBundleService  - Saving FXGL system data
16:41:33.524 [JavaFX Application Thread] DEBUG FileSystemAccess     - Writing to: C:\Users\19559\IdeaProjects\RougeVolley\system\fxgl.bundle
16:41:33.527 [JavaFX Application Thread] DEBUG Async                - Shutting down background threads
16:41:33.528 [JavaFX Application Thread] DEBUG PrimaryStageWindow   - Closing main window
16:41:33.567 [JavaFX Application Thread] DEBUG Logger               - Closing Logger
