16:14:35.536 [main                     ] DEBUG Logger               - Configured Logger
16:14:35.580 [main                     ] DEBUG GameApplication      - Logging settings
Title: RougeVolley — 地牢探险
Version: 0.1.0
Width: 1280
Height: 720
Fullscreen: false
Intro: false
Profiling: false
Single step:false
App Mode: DEVELOPER
Menu Key: ESCAPE
Stage Style: DECORATED
Scene Factory: class com.almasb.fxgl.app.scene.SceneFactory

16:14:36.345 [JavaFX Application Thread] DEBUG FXGLApplication      - Initializing FXGL
16:14:36.350 [JavaFX Application Thread] INFO  Engine               - FXGL-21.1 (27.03.2024 07.52) on WINDOWS (J:21.0.2 FX:21)
16:14:36.351 [JavaFX Application Thread] DEBUG Engine               - JRE Vendor Name: Oracle Corporation
16:14:36.351 [JavaFX Application Thread] DEBUG Engine               - Running on OS: Windows 10 version 10.0
16:14:36.351 [JavaFX Application Thread] DEBUG Engine               - Architecture: amd64
16:14:36.351 [JavaFX Application Thread] INFO  Engine               - Source code and latest versions at: https://github.com/AlmasB/FXGL
16:14:36.352 [JavaFX Application Thread] INFO  Engine               -       Ask questions and discuss at: https://github.com/AlmasB/FXGL/discussions
16:14:36.352 [JavaFX Application Thread] INFO  Engine               -              Join the FXGL chat at: https://gitter.im/AlmasB/FXGL
16:14:36.536 [JavaFX Application Thread] DEBUG PrimaryStageWindow   - Creating a JavaFX scene
16:14:36.536 [JavaFX Application Thread] DEBUG PrimaryStageWindow   - Target size > screen size
16:14:36.616 [JavaFX Application Thread] DEBUG PrimaryStageWindow   - Target settings size: 1280.0 x 720.0
16:14:36.616 [JavaFX Application Thread] DEBUG PrimaryStageWindow   - Scaled scene size:    1199.0 x 688.0
16:14:36.617 [JavaFX Application Thread] DEBUG PrimaryStageWindow   - Scaled ratio: (0.93671875, 0.9555555555555556)
16:14:36.618 [JavaFX Application Thread] DEBUG PrimaryStageWindow   - Set initial scene to FXGLStartupScene
16:14:36.622 [JavaFX Application Thread] DEBUG PrimaryStageWindow   - Opening main window
16:14:36.910 [JavaFX Application Thread] DEBUG PrimaryStageWindow   - Window border size: (15.0, 37.33331298828125)
16:14:36.910 [JavaFX Application Thread] DEBUG PrimaryStageWindow   - Scaled size: 1199.0 x 688.0
16:14:36.910 [JavaFX Application Thread] DEBUG PrimaryStageWindow   - Scaled ratio: (0.93671875, 0.93671875)
16:14:36.910 [JavaFX Application Thread] DEBUG PrimaryStageWindow   - Scene size: 1199.0 x 688.0
16:14:36.911 [JavaFX Application Thread] DEBUG PrimaryStageWindow   - Stage size: 1214.0 x 725.3333129882812
16:14:36.920 [FXGL Background Thread 1 ] DEBUG Engine               - Initializing environment variables
16:14:36.987 [FXGL Background Thread 1 ] DEBUG FXGLAssetLoaderServi - User app class for loading assets: class org.example.rougevolley.RougeVolleyFXGL
16:14:36.988 [FXGL Background Thread 1 ] DEBUG GameApplicationServi - Applying CSS: fxgl_dark.css
16:14:36.989 [FXGL Background Thread 1 ] DEBUG FXGLAssetLoaderServi - Loading from file system: jar:file:/C:/Users/hp/.m2/repository/com/github/almasb/fxgl/21.1/fxgl-21.1.jar!/fxglassets/ui/css/fxgl_dark.css
16:14:37.048 [FXGL Background Thread 1 ] DEBUG GameApplicationServi - Initializing application scenes
16:14:37.190 [FXGL Background Thread 1 ] DEBUG GameWorld            - Game world initialized
16:14:37.254 [FXGL Background Thread 1 ] DEBUG PhysicsWorld         - Physics world initialized: appHeight=720, physics.ppm=50.0
16:14:37.254 [FXGL Background Thread 1 ] DEBUG PhysicsWorld         - Using strategy: BRUTE_FORCE
16:14:37.257 [FXGL Background Thread 1 ] DEBUG GameScene            - Game scene initialized: 1280x720
16:14:37.258 [FXGL Background Thread 1 ] DEBUG GameApplicationServi - Application scenes initialized
16:14:37.283 [FXGL Background Thread 1 ] DEBUG SystemBundleService  - Loading FXGL system data
16:14:37.286 [FXGL Background Thread 1 ] DEBUG FileSystemAccess     - Reading from: C:\Users\hp\IdeaProjects\RougeVolley\system\fxgl.bundle
16:14:37.295 [FXGL Background Thread 1 ] DEBUG SystemBundleService  - Bundle FXGL: {}
16:14:37.295 [FXGL Background Thread 1 ] DEBUG UpdaterService       - Checking for updates
16:14:37.303 [FXGL Background Thread 4 ] DEBUG FXGLApplication      - Loading fonts
16:14:37.303 [FXGL Background Thread 4 ] DEBUG FXGLAssetLoaderServi - Loading from file system: jar:file:/C:/Users/hp/.m2/repository/com/github/almasb/fxgl/21.1/fxgl-21.1.jar!/fxglassets/ui/fonts/VarelaRound-Regular.ttf
16:14:37.304 [FXGL Background Thread 1 ] DEBUG FXGLApplication      - Loading default localization
16:14:37.305 [FXGL Background Thread 1 ] DEBUG FXGLAssetLoaderServi - Loading from file system: jar:file:/C:/Users/hp/.m2/repository/com/github/almasb/fxgl/21.1/fxgl-21.1.jar!/fxglassets/languages/english.lang
16:14:37.329 [FXGL Background Thread 1 ] INFO  FXGLApplication      - FXGL initialization took: 0.408 sec
16:14:37.339 [JavaFX Application Thread] DEBUG Input                - Registered new binding: Move Up - W
16:14:37.339 [JavaFX Application Thread] DEBUG Input                - Registered new binding: Move Up Arrow - Up
16:14:37.339 [JavaFX Application Thread] DEBUG Input                - Registered new binding: Move Down - S
16:14:37.340 [JavaFX Application Thread] DEBUG Input                - Registered new binding: Move Down Arrow - Down
16:14:37.340 [JavaFX Application Thread] DEBUG Input                - Registered new binding: Move Left - A
16:14:37.340 [JavaFX Application Thread] DEBUG Input                - Registered new binding: Move Left Arrow - Left
16:14:37.340 [JavaFX Application Thread] DEBUG Input                - Registered new binding: Move Right - D
16:14:37.340 [JavaFX Application Thread] DEBUG Input                - Registered new binding: Move Right Arrow - Right
16:14:37.341 [JavaFX Application Thread] DEBUG Input                - Registered new binding: Fire - LMB
16:14:37.342 [JavaFX Application Thread] DEBUG FXGLAssetLoaderServi - Loading from file system: jar:file:/C:/Users/hp/.m2/repository/com/github/almasb/fxgl/21.1/fxgl-21.1.jar!/fxglassets/textures/fxgl_icon.png
16:14:37.363 [FXGL Background Thread 4 ] DEBUG FXGLAssetLoaderServi - Loading from file system: jar:file:/C:/Users/hp/.m2/repository/com/github/almasb/fxgl/21.1/fxgl-21.1.jar!/fxglassets/ui/fonts/Abel-Regular.ttf
16:14:37.368 [FXGL Background Thread 4 ] DEBUG FXGLAssetLoaderServi - Loading from file system: jar:file:/C:/Users/hp/.m2/repository/com/github/almasb/fxgl/21.1/fxgl-21.1.jar!/fxglassets/ui/fonts/TerminalLandMono-Regular.otf
16:14:37.374 [FXGL Background Thread 4 ] DEBUG FXGLAssetLoaderServi - Loading from file system: jar:file:/C:/Users/hp/.m2/repository/com/github/almasb/fxgl/21.1/fxgl-21.1.jar!/fxglassets/ui/fonts/Courier-Prime.ttf
16:14:37.404 [JavaFX Application Thread] DEBUG FXGLAssetLoaderServi - Loading from file system: jar:file:/C:/Users/hp/.m2/repository/com/github/almasb/fxgl/21.1/fxgl-21.1.jar!/fxglassets/textures/fxgl_default_cursor.png
16:14:37.407 [JavaFX Application Thread] DEBUG Input                - Registered new binding: Screenshot - CTRL+8
16:14:37.408 [JavaFX Application Thread] DEBUG Input                - Registered new binding: System info dump - CTRL+9
16:14:37.409 [JavaFX Application Thread] DEBUG Input                - Registered new binding: Restart - CTRL+R
16:14:37.410 [JavaFX Application Thread] DEBUG Input                - Registered new binding: Toggle Debug Camera - CTRL+7
16:14:37.413 [JavaFX Application Thread] DEBUG LoopRunner           - Starting loop
16:14:37.413 [JavaFX Application Thread] DEBUG LoopRunner           - Initializing JavaFX AnimationTimerLoop
16:14:37.415 [JavaFX Application Thread] DEBUG GameApplicationServi - Starting new game
16:14:37.416 [JavaFX Application Thread] DEBUG Input                - Clearing active input actions
16:14:37.431 [JavaFX Application Thread] DEBUG GameApplicationServi - Removing overlay from FXGLStartupScene and adding to FXGLLoadingScene
16:14:37.431 [JavaFX Application Thread] DEBUG PrimaryStageWindow   - FXGLStartupScene -> FXGLLoadingScene
16:14:37.431 [JavaFX Application Thread] DEBUG GameApplicationServi - Clearing previous game
16:14:37.431 [JavaFX Application Thread] DEBUG GameScene            - Clearing game scene
16:14:37.431 [JavaFX Application Thread] DEBUG GameWorld            - Clearing game world
16:14:37.431 [JavaFX Application Thread] DEBUG PhysicsWorld         - Clearing physics world
16:14:37.434 [JavaFX Application Thread] DEBUG FXGLApplication      - Registering font factories with UI factory
16:14:37.434 [FXGL Background Thread 4 ] DEBUG FXGLApplication      - Initializing game
16:14:37.438 [FXGL Background Thread 4 ] INFO  RougeVolleyFXGL      - RougeVolley initializing... seed=-3058750335143244283
16:14:37.449 [FXGL Background Thread 4 ] INFO  RougeVolleyFXGL      - Spawned 8 test enemies
16:14:37.450 [FXGL Background Thread 4 ] INFO  RougeVolleyFXGL      - RougeVolley initialized. Player at (1500.0, 1500.0)
16:14:37.451 [FXGL Background Thread 4 ] INFO  FXGLApplication      - Game initialization took: 0.017 sec
16:14:37.520 [JavaFX Application Thread] DEBUG Input                - Clearing active input actions
16:14:37.532 [JavaFX Application Thread] DEBUG GameApplicationServi - Removing overlay from FXGLLoadingScene and adding to GameScene
16:14:37.533 [JavaFX Application Thread] DEBUG PrimaryStageWindow   - FXGLLoadingScene -> GameScene
16:14:38.384 [FXGL Background Thread 2 ] INFO  UpdaterService       - Your current version:  21.1
16:14:38.385 [FXGL Background Thread 2 ] INFO  UpdaterService       - Latest stable version: 25
16:14:40.299 [FXGL Background Thread 3 ] DEBUG Engine               - Logging environment variables
16:14:40.299 [FXGL Background Thread 3 ] DEBUG Engine               - achievements: []
16:14:40.299 [FXGL Background Thread 3 ] DEBUG Engine               - actualHeight: 688.0
16:14:40.299 [FXGL Background Thread 3 ] DEBUG Engine               - actualHeightProperty: ReadOnlyDoubleProperty [value: 688.0]
16:14:40.299 [FXGL Background Thread 3 ] DEBUG Engine               - actualWidth: 1199.0
16:14:40.299 [FXGL Background Thread 3 ] DEBUG Engine               - actualWidthProperty: ReadOnlyDoubleProperty [value: 1199.0]
16:14:40.299 [FXGL Background Thread 3 ] DEBUG Engine               - appIcon: fxgl_icon.png
16:14:40.299 [FXGL Background Thread 3 ] DEBUG Engine               - applicationMode: DEVELOPER
16:14:40.300 [FXGL Background Thread 3 ] DEBUG Engine               - cSSList: [fxgl_dark.css]
16:14:40.300 [FXGL Background Thread 3 ] DEBUG Engine               - collisionDetectionStrategy: BRUTE_FORCE
16:14:40.300 [FXGL Background Thread 3 ] DEBUG Engine               - configClass: Optional.empty
16:14:40.300 [FXGL Background Thread 3 ] DEBUG Engine               - credits: []
16:14:40.301 [FXGL Background Thread 3 ] DEBUG Engine               - defaultCursor: CursorInfo(imageName=fxgl_default_cursor.png, hotspotX=7.0, hotspotY=6.0)
16:14:40.301 [FXGL Background Thread 3 ] DEBUG Engine               - devBBoxColorProperty: ObjectProperty [value: 0xff0000ff]
16:14:40.301 [FXGL Background Thread 3 ] DEBUG Engine               - devEnableDebugCameraProperty: BooleanProperty [value: false]
16:14:40.301 [FXGL Background Thread 3 ] DEBUG Engine               - devSensorColorProperty: ObjectProperty [value: 0xffff00ff]
16:14:40.301 [FXGL Background Thread 3 ] DEBUG Engine               - devShowBBoxProperty: BooleanProperty [value: false]
16:14:40.301 [FXGL Background Thread 3 ] DEBUG Engine               - devShowPositionProperty: BooleanProperty [value: false]
16:14:40.301 [FXGL Background Thread 3 ] DEBUG Engine               - enabledMenuItems: []
16:14:40.301 [FXGL Background Thread 3 ] DEBUG Engine               - engineServices: [class com.almasb.fxgl.app.services.FXGLAssetLoaderService, class com.almasb.fxgl.app.FXGLApplication$GameApplicationService, class com.almasb.fxgl.app.services.FXGLDialogService, class com.almasb.fxgl.app.services.IOTaskExecutorService, class com.almasb.fxgl.io.FileSystemService, class com.almasb.fxgl.localization.LocalizationService, class com.almasb.fxgl.app.services.SystemBundleService, class com.almasb.fxgl.profile.SaveLoadService, class com.almasb.fxgl.ui.FXGLUIFactoryServiceProvider, class com.almasb.fxgl.ui.FXGLDialogFactoryServiceProvider, class com.almasb.fxgl.audio.AudioPlayer, class com.almasb.fxgl.notification.impl.NotificationServiceProvider, class com.almasb.fxgl.achievement.AchievementService, class com.almasb.fxgl.cutscene.CutsceneService, class com.almasb.fxgl.minigames.MiniGameService, class com.almasb.fxgl.net.NetService, class com.almasb.fxgl.app.services.UpdaterService, class com.almasb.fxgl.dev.DevService]
16:14:40.301 [FXGL Background Thread 3 ] DEBUG Engine               - fontGame: Abel-Regular.ttf
16:14:40.301 [FXGL Background Thread 3 ] DEBUG Engine               - fontMono: TerminalLandMono-Regular.otf
16:14:40.301 [FXGL Background Thread 3 ] DEBUG Engine               - fontSizeScaleUI: 1.0
16:14:40.301 [FXGL Background Thread 3 ] DEBUG Engine               - fontText: Courier-Prime.ttf
16:14:40.301 [FXGL Background Thread 3 ] DEBUG Engine               - fontUI: VarelaRound-Regular.ttf
16:14:40.301 [FXGL Background Thread 3 ] DEBUG Engine               - fullScreen: BooleanProperty [value: false]
16:14:40.301 [FXGL Background Thread 3 ] DEBUG Engine               - gameDifficulty: MEDIUM
16:14:40.301 [FXGL Background Thread 3 ] DEBUG Engine               - gameDifficultyProperty: ObjectProperty [value: MEDIUM]
16:14:40.301 [FXGL Background Thread 3 ] DEBUG Engine               - globalMusicVolume: 0.5
16:14:40.301 [FXGL Background Thread 3 ] DEBUG Engine               - globalMusicVolumeProperty: DoubleProperty [value: 0.5]
16:14:40.301 [FXGL Background Thread 3 ] DEBUG Engine               - globalSoundVolume: 0.5
16:14:40.301 [FXGL Background Thread 3 ] DEBUG Engine               - globalSoundVolumeProperty: DoubleProperty [value: 0.5]
16:14:40.302 [FXGL Background Thread 3 ] DEBUG Engine               - height: 720
16:14:40.302 [FXGL Background Thread 3 ] DEBUG Engine               - is3D: false
16:14:40.302 [FXGL Background Thread 3 ] DEBUG Engine               - isAndroid: false
16:14:40.302 [FXGL Background Thread 3 ] DEBUG Engine               - isBrowser: false
16:14:40.302 [FXGL Background Thread 3 ] DEBUG Engine               - isClickFeedbackEnabled: false
16:14:40.302 [FXGL Background Thread 3 ] DEBUG Engine               - isCloseConfirmation: false
16:14:40.302 [FXGL Background Thread 3 ] DEBUG Engine               - isDesktop: true
16:14:40.302 [FXGL Background Thread 3 ] DEBUG Engine               - isDeveloperMenuEnabled: false
16:14:40.302 [FXGL Background Thread 3 ] DEBUG Engine               - isEmbedded: false
16:14:40.302 [FXGL Background Thread 3 ] DEBUG Engine               - isEntityPreloadEnabled: true
16:14:40.302 [FXGL Background Thread 3 ] DEBUG Engine               - isExperimentalTiledLargeMap: false
16:14:40.302 [FXGL Background Thread 3 ] DEBUG Engine               - isFileSystemWriteAllowed: true
16:14:40.302 [FXGL Background Thread 3 ] DEBUG Engine               - isFullScreenAllowed: false
16:14:40.302 [FXGL Background Thread 3 ] DEBUG Engine               - isFullScreenFromStart: false
16:14:40.302 [FXGL Background Thread 3 ] DEBUG Engine               - isGameMenuEnabled: false
16:14:40.303 [FXGL Background Thread 3 ] DEBUG Engine               - isIOS: false
16:14:40.303 [FXGL Background Thread 3 ] DEBUG Engine               - isIntroEnabled: false
16:14:40.303 [FXGL Background Thread 3 ] DEBUG Engine               - isLinux: false
16:14:40.303 [FXGL Background Thread 3 ] DEBUG Engine               - isMac: false
16:14:40.303 [FXGL Background Thread 3 ] DEBUG Engine               - isMainMenuEnabled: false
16:14:40.303 [FXGL Background Thread 3 ] DEBUG Engine               - isManualResizeEnabled: false
16:14:40.303 [FXGL Background Thread 3 ] DEBUG Engine               - isMobile: false
16:14:40.303 [FXGL Background Thread 3 ] DEBUG Engine               - isNative: false
16:14:40.303 [FXGL Background Thread 3 ] DEBUG Engine               - isPauseMusicWhenMinimized: true
16:14:40.303 [FXGL Background Thread 3 ] DEBUG Engine               - isPreserveResizeRatio: true
16:14:40.303 [FXGL Background Thread 3 ] DEBUG Engine               - isProfilingEnabled: false
16:14:40.303 [FXGL Background Thread 3 ] DEBUG Engine               - isScaleAffectedOnResize: true
16:14:40.303 [FXGL Background Thread 3 ] DEBUG Engine               - isSingleStep: false
16:14:40.303 [FXGL Background Thread 3 ] DEBUG Engine               - isUserProfileEnabled: false
16:14:40.303 [FXGL Background Thread 3 ] DEBUG Engine               - isWindows: true
16:14:40.303 [FXGL Background Thread 3 ] DEBUG Engine               - language: ObjectProperty [value: ENGLISH]
16:14:40.303 [FXGL Background Thread 3 ] DEBUG Engine               - menuKey: ESCAPE
16:14:40.303 [FXGL Background Thread 3 ] DEBUG Engine               - mouseSensitivity: 0.2
16:14:40.303 [FXGL Background Thread 3 ] DEBUG Engine               - notificationViewClass: class com.almasb.fxgl.notification.view.XboxNotificationView
16:14:40.303 [FXGL Background Thread 3 ] DEBUG Engine               - pixelsPerMeter: 50.0
16:14:40.303 [FXGL Background Thread 3 ] DEBUG Engine               - platform: WINDOWS
16:14:40.303 [FXGL Background Thread 3 ] DEBUG Engine               - prefHeightProperty: ReadOnlyDoubleProperty [value: 720.0]
16:14:40.303 [FXGL Background Thread 3 ] DEBUG Engine               - prefWidthProperty: ReadOnlyDoubleProperty [value: 1280.0]
16:14:40.303 [FXGL Background Thread 3 ] DEBUG Engine               - profileDir: profiles/
16:14:40.303 [FXGL Background Thread 3 ] DEBUG Engine               - profileName: StringProperty [value: DEFAULT]
16:14:40.303 [FXGL Background Thread 3 ] DEBUG Engine               - randomSeed: -1
16:14:40.304 [FXGL Background Thread 3 ] DEBUG Engine               - runtimeInfo: RuntimeInfo(platform=WINDOWS, version=21.1, build=27.03.2024 07.52)
16:14:40.304 [FXGL Background Thread 3 ] DEBUG Engine               - saveFileExt: sav
16:14:40.304 [FXGL Background Thread 3 ] DEBUG Engine               - scaledHeightProp$fxgl: DoubleProperty [bound, value: 688.0]
16:14:40.304 [FXGL Background Thread 3 ] DEBUG Engine               - scaledWidthProp$fxgl: DoubleProperty [bound, value: 1199.0]
16:14:40.304 [FXGL Background Thread 3 ] DEBUG Engine               - sceneFactory: com.almasb.fxgl.app.scene.SceneFactory@3b1daf80
16:14:40.304 [FXGL Background Thread 3 ] DEBUG Engine               - secondsIn24h: 60
16:14:40.304 [FXGL Background Thread 3 ] DEBUG Engine               - soundMenuBack: menu/back.wav
16:14:40.304 [FXGL Background Thread 3 ] DEBUG Engine               - soundMenuPress: menu/press.wav
16:14:40.304 [FXGL Background Thread 3 ] DEBUG Engine               - soundMenuSelect: menu/select.wav
16:14:40.304 [FXGL Background Thread 3 ] DEBUG Engine               - soundNotification: core/notification.wav
16:14:40.304 [FXGL Background Thread 3 ] DEBUG Engine               - stageStyle: DECORATED
16:14:40.304 [FXGL Background Thread 3 ] DEBUG Engine               - supportedLanguages: [ENGLISH, FRENCH, GERMAN, HUNGARIAN, RUSSIAN]
16:14:40.304 [FXGL Background Thread 3 ] DEBUG Engine               - ticksPerSecond: -1
16:14:40.304 [FXGL Background Thread 3 ] DEBUG Engine               - title: RougeVolley — 地牢探险
16:14:40.304 [FXGL Background Thread 3 ] DEBUG Engine               - urlGithub: https://github.com/AlmasB/FXGL
16:14:40.304 [FXGL Background Thread 3 ] DEBUG Engine               - urlLeaderboard: http://fxgl-top.herokuapp.com/
16:14:40.304 [FXGL Background Thread 3 ] DEBUG Engine               - urlPOM: https://raw.githubusercontent.com/AlmasB/FXGL/release/README.md
16:14:40.304 [FXGL Background Thread 3 ] DEBUG Engine               - userAppClass: class org.example.rougevolley.RougeVolleyFXGL
16:14:40.304 [FXGL Background Thread 3 ] DEBUG Engine               - version: 0.1.0
16:14:40.304 [FXGL Background Thread 3 ] DEBUG Engine               - versionCheckDays: 7
16:14:40.304 [FXGL Background Thread 3 ] DEBUG Engine               - width: 1280
16:14:40.304 [FXGL Background Thread 3 ] DEBUG Engine               - Logging services
16:14:40.304 [FXGL Background Thread 3 ] DEBUG Engine               - class com.almasb.fxgl.app.services.FXGLAssetLoaderService
16:14:40.304 [FXGL Background Thread 3 ] DEBUG Engine               - class com.almasb.fxgl.app.FXGLApplication$GameApplicationService
16:14:40.304 [FXGL Background Thread 3 ] DEBUG Engine               - class com.almasb.fxgl.app.services.FXGLDialogService
16:14:40.304 [FXGL Background Thread 3 ] DEBUG Engine               - class com.almasb.fxgl.app.services.IOTaskExecutorService
16:14:40.304 [FXGL Background Thread 3 ] DEBUG Engine               - class com.almasb.fxgl.io.FileSystemService
16:14:40.304 [FXGL Background Thread 3 ] DEBUG Engine               - class com.almasb.fxgl.localization.LocalizationService
16:14:40.304 [FXGL Background Thread 3 ] DEBUG Engine               - class com.almasb.fxgl.app.services.SystemBundleService
16:14:40.304 [FXGL Background Thread 3 ] DEBUG Engine               - class com.almasb.fxgl.profile.SaveLoadService
16:14:40.305 [FXGL Background Thread 3 ] DEBUG Engine               - class com.almasb.fxgl.ui.FXGLUIFactoryServiceProvider
16:14:40.305 [FXGL Background Thread 3 ] DEBUG Engine               - class com.almasb.fxgl.ui.FXGLDialogFactoryServiceProvider
16:14:40.305 [FXGL Background Thread 3 ] DEBUG Engine               - class com.almasb.fxgl.audio.AudioPlayer
16:14:40.305 [FXGL Background Thread 3 ] DEBUG Engine               - class com.almasb.fxgl.notification.impl.NotificationServiceProvider
16:14:40.305 [FXGL Background Thread 3 ] DEBUG Engine               - class com.almasb.fxgl.achievement.AchievementService
16:14:40.305 [FXGL Background Thread 3 ] DEBUG Engine               - class com.almasb.fxgl.cutscene.CutsceneService
16:14:40.305 [FXGL Background Thread 3 ] DEBUG Engine               - class com.almasb.fxgl.minigames.MiniGameService
16:14:40.305 [FXGL Background Thread 3 ] DEBUG Engine               - class com.almasb.fxgl.net.NetService
16:14:40.305 [FXGL Background Thread 3 ] DEBUG Engine               - class com.almasb.fxgl.app.services.UpdaterService
16:14:40.305 [FXGL Background Thread 3 ] DEBUG Engine               - class com.almasb.fxgl.dev.DevService
16:14:41.458 [JavaFX Application Thread] DEBUG EventBus             - Firing event: javafx.event.Event[source=javafx.event.Event$$Lambda/0x00000161ba170800@49c40d39]
16:14:41.760 [JavaFX Application Thread] DEBUG EventBus             - Firing event: javafx.event.Event[source=javafx.event.Event$$Lambda/0x00000161ba170800@49c40d39]
16:14:42.158 [JavaFX Application Thread] DEBUG EventBus             - Firing event: javafx.event.Event[source=javafx.event.Event$$Lambda/0x00000161ba170800@49c40d39]
16:14:42.429 [JavaFX Application Thread] DEBUG EventBus             - Firing event: javafx.event.Event[source=javafx.event.Event$$Lambda/0x00000161ba170800@49c40d39]
16:14:42.685 [JavaFX Application Thread] DEBUG EventBus             - Firing event: javafx.event.Event[source=javafx.event.Event$$Lambda/0x00000161ba170800@49c40d39]
16:14:42.974 [JavaFX Application Thread] DEBUG EventBus             - Firing event: javafx.event.Event[source=javafx.event.Event$$Lambda/0x00000161ba170800@49c40d39]
16:14:43.213 [JavaFX Application Thread] DEBUG EventBus             - Firing event: javafx.event.Event[source=javafx.event.Event$$Lambda/0x00000161ba170800@49c40d39]
16:14:43.502 [JavaFX Application Thread] DEBUG EventBus             - Firing event: javafx.event.Event[source=javafx.event.Event$$Lambda/0x00000161ba170800@49c40d39]
16:14:44.445 [JavaFX Application Thread] DEBUG EventBus             - Firing event: javafx.event.Event[source=javafx.event.Event$$Lambda/0x00000161ba170800@49c40d39]
16:14:44.717 [JavaFX Application Thread] DEBUG EventBus             - Firing event: javafx.event.Event[source=javafx.event.Event$$Lambda/0x00000161ba170800@49c40d39]
16:14:44.717 [JavaFX Application Thread] INFO  DamageSystem         - Enemy destroyed
16:14:44.717 [JavaFX Application Thread] DEBUG EventBus             - Firing event: javafx.event.Event[source=javafx.event.Event$$Lambda/0x00000161ba170800@49c40d39]
16:14:44.989 [JavaFX Application Thread] DEBUG EventBus             - Firing event: javafx.event.Event[source=javafx.event.Event$$Lambda/0x00000161ba170800@49c40d39]
16:14:45.582 [JavaFX Application Thread] DEBUG EventBus             - Firing event: javafx.event.Event[source=javafx.event.Event$$Lambda/0x00000161ba170800@49c40d39]
16:14:46.078 [JavaFX Application Thread] DEBUG EventBus             - Firing event: javafx.event.Event[source=javafx.event.Event$$Lambda/0x00000161ba170800@49c40d39]
16:14:46.589 [JavaFX Application Thread] DEBUG EventBus             - Firing event: javafx.event.Event[source=javafx.event.Event$$Lambda/0x00000161ba170800@49c40d39]
16:14:47.245 [JavaFX Application Thread] DEBUG EventBus             - Firing event: javafx.event.Event[source=javafx.event.Event$$Lambda/0x00000161ba170800@49c40d39]
16:14:55.598 [JavaFX Application Thread] DEBUG EventBus             - Firing event: javafx.event.Event[source=javafx.event.Event$$Lambda/0x00000161ba170800@49c40d39]
16:14:56.237 [JavaFX Application Thread] DEBUG EventBus             - Firing event: javafx.event.Event[source=javafx.event.Event$$Lambda/0x00000161ba170800@49c40d39]
16:14:56.797 [JavaFX Application Thread] DEBUG EventBus             - Firing event: javafx.event.Event[source=javafx.event.Event$$Lambda/0x00000161ba170800@49c40d39]
16:14:57.310 [JavaFX Application Thread] DEBUG EventBus             - Firing event: javafx.event.Event[source=javafx.event.Event$$Lambda/0x00000161ba170800@49c40d39]
16:14:57.822 [JavaFX Application Thread] DEBUG EventBus             - Firing event: javafx.event.Event[source=javafx.event.Event$$Lambda/0x00000161ba170800@49c40d39]
16:14:58.366 [JavaFX Application Thread] DEBUG EventBus             - Firing event: javafx.event.Event[source=javafx.event.Event$$Lambda/0x00000161ba170800@49c40d39]
16:14:58.941 [JavaFX Application Thread] DEBUG EventBus             - Firing event: javafx.event.Event[source=javafx.event.Event$$Lambda/0x00000161ba170800@49c40d39]
16:14:59.469 [JavaFX Application Thread] DEBUG EventBus             - Firing event: javafx.event.Event[source=javafx.event.Event$$Lambda/0x00000161ba170800@49c40d39]
16:15:00.045 [JavaFX Application Thread] DEBUG EventBus             - Firing event: javafx.event.Event[source=javafx.event.Event$$Lambda/0x00000161ba170800@49c40d39]
16:15:01.325 [JavaFX Application Thread] DEBUG EventBus             - Firing event: javafx.event.Event[source=javafx.event.Event$$Lambda/0x00000161ba170800@49c40d39]
16:15:01.965 [JavaFX Application Thread] DEBUG EventBus             - Firing event: javafx.event.Event[source=javafx.event.Event$$Lambda/0x00000161ba170800@49c40d39]
16:15:02.478 [JavaFX Application Thread] DEBUG EventBus             - Firing event: javafx.event.Event[source=javafx.event.Event$$Lambda/0x00000161ba170800@49c40d39]
16:15:03.070 [JavaFX Application Thread] DEBUG EventBus             - Firing event: javafx.event.Event[source=javafx.event.Event$$Lambda/0x00000161ba170800@49c40d39]
16:15:03.630 [JavaFX Application Thread] DEBUG EventBus             - Firing event: javafx.event.Event[source=javafx.event.Event$$Lambda/0x00000161ba170800@49c40d39]
16:15:04.222 [JavaFX Application Thread] DEBUG EventBus             - Firing event: javafx.event.Event[source=javafx.event.Event$$Lambda/0x00000161ba170800@49c40d39]
16:15:04.829 [JavaFX Application Thread] DEBUG EventBus             - Firing event: javafx.event.Event[source=javafx.event.Event$$Lambda/0x00000161ba170800@49c40d39]
16:15:05.438 [JavaFX Application Thread] DEBUG EventBus             - Firing event: javafx.event.Event[source=javafx.event.Event$$Lambda/0x00000161ba170800@49c40d39]
16:15:05.965 [JavaFX Application Thread] DEBUG EventBus             - Firing event: javafx.event.Event[source=javafx.event.Event$$Lambda/0x00000161ba170800@49c40d39]
16:15:06.573 [JavaFX Application Thread] DEBUG EventBus             - Firing event: javafx.event.Event[source=javafx.event.Event$$Lambda/0x00000161ba170800@49c40d39]
16:15:07.101 [JavaFX Application Thread] DEBUG EventBus             - Firing event: javafx.event.Event[source=javafx.event.Event$$Lambda/0x00000161ba170800@49c40d39]
16:15:07.630 [JavaFX Application Thread] DEBUG EventBus             - Firing event: javafx.event.Event[source=javafx.event.Event$$Lambda/0x00000161ba170800@49c40d39]
16:15:08.141 [JavaFX Application Thread] DEBUG EventBus             - Firing event: javafx.event.Event[source=javafx.event.Event$$Lambda/0x00000161ba170800@49c40d39]
16:15:08.717 [JavaFX Application Thread] DEBUG EventBus             - Firing event: javafx.event.Event[source=javafx.event.Event$$Lambda/0x00000161ba170800@49c40d39]
16:15:09.247 [JavaFX Application Thread] DEBUG EventBus             - Firing event: javafx.event.Event[source=javafx.event.Event$$Lambda/0x00000161ba170800@49c40d39]
16:15:09.757 [JavaFX Application Thread] DEBUG EventBus             - Firing event: javafx.event.Event[source=javafx.event.Event$$Lambda/0x00000161ba170800@49c40d39]
16:15:10.333 [JavaFX Application Thread] DEBUG EventBus             - Firing event: javafx.event.Event[source=javafx.event.Event$$Lambda/0x00000161ba170800@49c40d39]
16:15:10.909 [JavaFX Application Thread] DEBUG EventBus             - Firing event: javafx.event.Event[source=javafx.event.Event$$Lambda/0x00000161ba170800@49c40d39]
16:15:11.422 [JavaFX Application Thread] DEBUG EventBus             - Firing event: javafx.event.Event[source=javafx.event.Event$$Lambda/0x00000161ba170800@49c40d39]
16:15:11.949 [JavaFX Application Thread] DEBUG EventBus             - Firing event: javafx.event.Event[source=javafx.event.Event$$Lambda/0x00000161ba170800@49c40d39]
16:15:12.461 [JavaFX Application Thread] DEBUG EventBus             - Firing event: javafx.event.Event[source=javafx.event.Event$$Lambda/0x00000161ba170800@49c40d39]
16:15:13.022 [JavaFX Application Thread] DEBUG EventBus             - Firing event: javafx.event.Event[source=javafx.event.Event$$Lambda/0x00000161ba170800@49c40d39]
16:15:14.893 [JavaFX Application Thread] DEBUG EventBus             - Firing event: javafx.event.Event[source=javafx.event.Event$$Lambda/0x00000161ba170800@49c40d39]
16:15:15.673 [JavaFX Application Thread] DEBUG FXGLApplication      - Exiting FXGL
16:15:15.673 [JavaFX Application Thread] DEBUG LoopRunner           - Stopping loop
16:15:15.673 [JavaFX Application Thread] DEBUG SystemBundleService  - Saving FXGL system data
16:15:15.675 [JavaFX Application Thread] DEBUG FileSystemAccess     - Writing to: C:\Users\hp\IdeaProjects\RougeVolley\system\fxgl.bundle
16:15:15.677 [JavaFX Application Thread] DEBUG Async                - Shutting down background threads
16:15:15.677 [JavaFX Application Thread] DEBUG PrimaryStageWindow   - Closing main window
16:15:15.692 [JavaFX Application Thread] DEBUG Logger               - Closing Logger
