18:28:04.312 [main                     ] DEBUG Logger               - Configured Logger
18:28:04.330 [main                     ] DEBUG GameApplication      - Logging settings
Title: RougeVolley — 地牢探险
Version: 0.1.0
Width: 1280
Height: 720
Fullscreen: false
Intro: false
Profiling: false
Single step:false
App Mode: DEVELOPER
Menu Key: ESCAPE
Stage Style: DECORATED
Scene Factory: class com.almasb.fxgl.app.scene.SceneFactory

18:28:04.700 [JavaFX Application Thread] DEBUG FXGLApplication      - Initializing FXGL
18:28:04.702 [JavaFX Application Thread] INFO  Engine               - FXGL-21.1 (27.03.2024 07.52) on WINDOWS (J:21.0.8 FX:21)
18:28:04.702 [JavaFX Application Thread] DEBUG Engine               - JRE Vendor Name: Microsoft
18:28:04.703 [JavaFX Application Thread] DEBUG Engine               - Running on OS: Windows 11 version 10.0
18:28:04.703 [JavaFX Application Thread] DEBUG Engine               - Architecture: amd64
18:28:04.703 [JavaFX Application Thread] INFO  Engine               - Source code and latest versions at: https://github.com/AlmasB/FXGL
18:28:04.703 [JavaFX Application Thread] INFO  Engine               -       Ask questions and discuss at: https://github.com/AlmasB/FXGL/discussions
18:28:04.703 [JavaFX Application Thread] INFO  Engine               -              Join the FXGL chat at: https://gitter.im/AlmasB/FXGL
18:28:04.765 [JavaFX Application Thread] DEBUG PrimaryStageWindow   - Creating a JavaFX scene
18:28:04.792 [JavaFX Application Thread] DEBUG PrimaryStageWindow   - Target settings size: 1280.0 x 720.0
18:28:04.793 [JavaFX Application Thread] DEBUG PrimaryStageWindow   - Scaled scene size:    1280.0 x 720.0
18:28:04.793 [JavaFX Application Thread] DEBUG PrimaryStageWindow   - Scaled ratio: (1.0, 1.0)
18:28:04.793 [JavaFX Application Thread] DEBUG PrimaryStageWindow   - Set initial scene to FXGLStartupScene
18:28:04.795 [JavaFX Application Thread] DEBUG PrimaryStageWindow   - Opening main window
18:28:04.878 [JavaFX Application Thread] DEBUG PrimaryStageWindow   - Window border size: (14.6666259765625, 37.33331298828125)
18:28:04.879 [JavaFX Application Thread] DEBUG PrimaryStageWindow   - Scaled size: 1280.0 x 720.0
18:28:04.879 [JavaFX Application Thread] DEBUG PrimaryStageWindow   - Scaled ratio: (1.0, 1.0)
18:28:04.879 [JavaFX Application Thread] DEBUG PrimaryStageWindow   - Scene size: 1280.0 x 720.0
18:28:04.879 [JavaFX Application Thread] DEBUG PrimaryStageWindow   - Stage size: 1294.6666259765625 x 757.3333129882812
18:28:04.883 [FXGL Background Thread 1 ] DEBUG Engine               - Initializing environment variables
18:28:04.922 [FXGL Background Thread 1 ] DEBUG FXGLAssetLoaderServi - User app class for loading assets: class org.example.rougevolley.RougeVolleyFXGL
18:28:04.922 [FXGL Background Thread 1 ] DEBUG GameApplicationServi - Applying CSS: fxgl_dark.css
18:28:04.922 [FXGL Background Thread 1 ] DEBUG FXGLAssetLoaderServi - Loading from file system: jar:file:/C:/Users/19559/.m2/repository/com/github/almasb/fxgl/21.1/fxgl-21.1.jar!/fxglassets/ui/css/fxgl_dark.css
18:28:04.949 [FXGL Background Thread 1 ] DEBUG GameApplicationServi - Initializing application scenes
18:28:05.030 [FXGL Background Thread 1 ] DEBUG GameWorld            - Game world initialized
18:28:05.083 [FXGL Background Thread 1 ] DEBUG PhysicsWorld         - Physics world initialized: appHeight=720, physics.ppm=50.0
18:28:05.083 [FXGL Background Thread 1 ] DEBUG PhysicsWorld         - Using strategy: BRUTE_FORCE
18:28:05.085 [FXGL Background Thread 1 ] DEBUG GameScene            - Game scene initialized: 1280x720
18:28:05.085 [FXGL Background Thread 1 ] DEBUG GameApplicationServi - Application scenes initialized
18:28:05.096 [FXGL Background Thread 1 ] DEBUG SystemBundleService  - Loading FXGL system data
18:28:05.098 [FXGL Background Thread 1 ] DEBUG FileSystemAccess     - Reading from: C:\Users\19559\IdeaProjects\RougeVolley\system\fxgl.bundle
18:28:05.106 [FXGL Background Thread 1 ] DEBUG SystemBundleService  - Bundle FXGL: {}
18:28:05.106 [FXGL Background Thread 1 ] DEBUG UpdaterService       - Checking for updates
18:28:05.109 [FXGL Background Thread 4 ] DEBUG FXGLApplication      - Loading fonts
18:28:05.109 [FXGL Background Thread 4 ] DEBUG FXGLAssetLoaderServi - Loading from file system: jar:file:/C:/Users/19559/.m2/repository/com/github/almasb/fxgl/21.1/fxgl-21.1.jar!/fxglassets/ui/fonts/VarelaRound-Regular.ttf
18:28:05.109 [FXGL Background Thread 1 ] DEBUG FXGLApplication      - Loading default localization
18:28:05.109 [FXGL Background Thread 1 ] DEBUG FXGLAssetLoaderServi - Loading from file system: jar:file:/C:/Users/19559/.m2/repository/com/github/almasb/fxgl/21.1/fxgl-21.1.jar!/fxglassets/languages/english.lang
18:28:05.132 [FXGL Background Thread 4 ] DEBUG FXGLAssetLoaderServi - Loading from file system: jar:file:/C:/Users/19559/.m2/repository/com/github/almasb/fxgl/21.1/fxgl-21.1.jar!/fxglassets/ui/fonts/Abel-Regular.ttf
18:28:05.135 [FXGL Background Thread 4 ] DEBUG FXGLAssetLoaderServi - Loading from file system: jar:file:/C:/Users/19559/.m2/repository/com/github/almasb/fxgl/21.1/fxgl-21.1.jar!/fxglassets/ui/fonts/TerminalLandMono-Regular.otf
18:28:05.137 [FXGL Background Thread 4 ] DEBUG FXGLAssetLoaderServi - Loading from file system: jar:file:/C:/Users/19559/.m2/repository/com/github/almasb/fxgl/21.1/fxgl-21.1.jar!/fxglassets/ui/fonts/Courier-Prime.ttf
18:28:05.142 [JavaFX Application Thread] DEBUG FXGLApplication      - Registering font factories with UI factory
18:28:05.147 [FXGL Background Thread 1 ] INFO  FXGLApplication      - FXGL initialization took: 0.264 sec
18:28:05.156 [JavaFX Application Thread] DEBUG Input                - Registered new binding: Move Up - W
18:28:05.156 [JavaFX Application Thread] DEBUG Input                - Registered new binding: Move Up Arrow - Up
18:28:05.156 [JavaFX Application Thread] DEBUG Input                - Registered new binding: Move Down - S
18:28:05.156 [JavaFX Application Thread] DEBUG Input                - Registered new binding: Move Down Arrow - Down
18:28:05.156 [JavaFX Application Thread] DEBUG Input                - Registered new binding: Move Left - A
18:28:05.156 [JavaFX Application Thread] DEBUG Input                - Registered new binding: Move Left Arrow - Left
18:28:05.157 [JavaFX Application Thread] DEBUG Input                - Registered new binding: Move Right - D
18:28:05.157 [JavaFX Application Thread] DEBUG Input                - Registered new binding: Move Right Arrow - Right
18:28:05.159 [JavaFX Application Thread] DEBUG Input                - Registered new binding: Fire - LMB
18:28:05.159 [JavaFX Application Thread] DEBUG FXGLAssetLoaderServi - Loading from file system: jar:file:/C:/Users/19559/.m2/repository/com/github/almasb/fxgl/21.1/fxgl-21.1.jar!/fxglassets/textures/fxgl_icon.png
18:28:05.201 [JavaFX Application Thread] DEBUG FXGLAssetLoaderServi - Loading from file system: jar:file:/C:/Users/19559/.m2/repository/com/github/almasb/fxgl/21.1/fxgl-21.1.jar!/fxglassets/textures/fxgl_default_cursor.png
18:28:05.207 [JavaFX Application Thread] DEBUG Input                - Registered new binding: Screenshot - CTRL+8
18:28:05.208 [JavaFX Application Thread] DEBUG Input                - Registered new binding: System info dump - CTRL+9
18:28:05.209 [JavaFX Application Thread] DEBUG Input                - Registered new binding: Restart - CTRL+R
18:28:05.212 [JavaFX Application Thread] DEBUG Input                - Registered new binding: Toggle Debug Camera - CTRL+7
18:28:05.222 [JavaFX Application Thread] DEBUG LoopRunner           - Starting loop
18:28:05.222 [JavaFX Application Thread] DEBUG LoopRunner           - Initializing JavaFX AnimationTimerLoop
18:28:05.226 [JavaFX Application Thread] DEBUG GameApplicationServi - Starting new game
18:28:05.227 [JavaFX Application Thread] DEBUG Input                - Clearing active input actions
18:28:05.242 [JavaFX Application Thread] DEBUG GameApplicationServi - Removing overlay from FXGLStartupScene and adding to FXGLLoadingScene
18:28:05.243 [JavaFX Application Thread] DEBUG PrimaryStageWindow   - FXGLStartupScene -> FXGLLoadingScene
18:28:05.243 [JavaFX Application Thread] DEBUG GameApplicationServi - Clearing previous game
18:28:05.243 [JavaFX Application Thread] DEBUG GameScene            - Clearing game scene
18:28:05.243 [JavaFX Application Thread] DEBUG GameWorld            - Clearing game world
18:28:05.243 [JavaFX Application Thread] DEBUG PhysicsWorld         - Clearing physics world
18:28:05.245 [FXGL Background Thread 1 ] DEBUG FXGLApplication      - Initializing game
18:28:05.249 [FXGL Background Thread 1 ] INFO  RougeVolleyFXGL      - RougeVolley initializing... seed=-2219216163266738135
18:28:05.284 [FXGL Background Thread 1 ] INFO  UpgradeManager       - 已加载 5 个升级选项
18:28:05.311 [FXGL Background Thread 1 ] INFO  RougeVolleyFXGL      - RougeVolley initialized. Waiting for player to start.
18:28:05.311 [FXGL Background Thread 1 ] INFO  FXGLApplication      - Game initialization took: 0.066 sec
18:28:05.351 [JavaFX Application Thread] DEBUG Input                - Clearing active input actions
18:28:05.364 [JavaFX Application Thread] DEBUG GameApplicationServi - Removing overlay from FXGLLoadingScene and adding to GameScene
18:28:05.364 [JavaFX Application Thread] DEBUG PrimaryStageWindow   - FXGLLoadingScene -> GameScene
18:28:06.580 [FXGL Background Thread 2 ] INFO  UpdaterService       - Your current version:  21.1
18:28:06.580 [FXGL Background Thread 2 ] INFO  UpdaterService       - Latest stable version: 25
18:28:07.027 [JavaFX Application Thread] INFO  UpgradeManager       - 已加载 5 个升级选项
18:28:07.052 [JavaFX Application Thread] INFO  RougeVolleyFXGL      - RougeVolley initialized. Dungeon: 6 rooms. Player at (320.0, 256.0)
18:28:07.052 [JavaFX Application Thread] DEBUG EventBus             - Firing event: javafx.event.Event[source=javafx.event.Event$$Lambda/0x000002373a17aa70@3a6972ca]
18:28:07.054 [JavaFX Application Thread] INFO  RougeVolleyFXGL      - Spawned 8 test enemies
18:28:07.054 [JavaFX Application Thread] INFO  RougeVolleyFXGL      - New game started. Player at (320.0, 256.0)
18:28:07.942 [JavaFX Application Thread] DEBUG EventBus             - Firing event: javafx.event.Event[source=javafx.event.Event$$Lambda/0x000002373a17aa70@3a6972ca]
18:28:08.068 [JavaFX Application Thread] DEBUG EventBus             - Firing event: javafx.event.Event[source=javafx.event.Event$$Lambda/0x000002373a17aa70@3a6972ca]
18:28:08.108 [FXGL Background Thread 3 ] DEBUG Engine               - Logging environment variables
18:28:08.108 [FXGL Background Thread 3 ] DEBUG Engine               - achievements: []
18:28:08.108 [FXGL Background Thread 3 ] DEBUG Engine               - actualHeight: 720.0
18:28:08.108 [FXGL Background Thread 3 ] DEBUG Engine               - actualHeightProperty: ReadOnlyDoubleProperty [value: 720.0]
18:28:08.108 [FXGL Background Thread 3 ] DEBUG Engine               - actualWidth: 1280.0
18:28:08.108 [FXGL Background Thread 3 ] DEBUG Engine               - actualWidthProperty: ReadOnlyDoubleProperty [value: 1280.0]
18:28:08.108 [FXGL Background Thread 3 ] DEBUG Engine               - appIcon: fxgl_icon.png
18:28:08.108 [FXGL Background Thread 3 ] DEBUG Engine               - applicationMode: DEVELOPER
18:28:08.108 [FXGL Background Thread 3 ] DEBUG Engine               - cSSList: [fxgl_dark.css]
18:28:08.108 [FXGL Background Thread 3 ] DEBUG Engine               - collisionDetectionStrategy: BRUTE_FORCE
18:28:08.108 [FXGL Background Thread 3 ] DEBUG Engine               - configClass: Optional.empty
18:28:08.108 [FXGL Background Thread 3 ] DEBUG Engine               - credits: []
18:28:08.109 [FXGL Background Thread 3 ] DEBUG Engine               - defaultCursor: CursorInfo(imageName=fxgl_default_cursor.png, hotspotX=7.0, hotspotY=6.0)
18:28:08.111 [FXGL Background Thread 3 ] DEBUG Engine               - devBBoxColorProperty: ObjectProperty [value: 0xff0000ff]
18:28:08.111 [FXGL Background Thread 3 ] DEBUG Engine               - devEnableDebugCameraProperty: BooleanProperty [value: false]
18:28:08.111 [FXGL Background Thread 3 ] DEBUG Engine               - devSensorColorProperty: ObjectProperty [value: 0xffff00ff]
18:28:08.111 [FXGL Background Thread 3 ] DEBUG Engine               - devShowBBoxProperty: BooleanProperty [value: false]
18:28:08.111 [FXGL Background Thread 3 ] DEBUG Engine               - devShowPositionProperty: BooleanProperty [value: false]
18:28:08.111 [FXGL Background Thread 3 ] DEBUG Engine               - enabledMenuItems: []
18:28:08.111 [FXGL Background Thread 3 ] DEBUG Engine               - engineServices: [class com.almasb.fxgl.app.services.FXGLAssetLoaderService, class com.almasb.fxgl.app.FXGLApplication$GameApplicationService, class com.almasb.fxgl.app.services.FXGLDialogService, class com.almasb.fxgl.app.services.IOTaskExecutorService, class com.almasb.fxgl.io.FileSystemService, class com.almasb.fxgl.localization.LocalizationService, class com.almasb.fxgl.app.services.SystemBundleService, class com.almasb.fxgl.profile.SaveLoadService, class com.almasb.fxgl.ui.FXGLUIFactoryServiceProvider, class com.almasb.fxgl.ui.FXGLDialogFactoryServiceProvider, class com.almasb.fxgl.audio.AudioPlayer, class com.almasb.fxgl.notification.impl.NotificationServiceProvider, class com.almasb.fxgl.achievement.AchievementService, class com.almasb.fxgl.cutscene.CutsceneService, class com.almasb.fxgl.minigames.MiniGameService, class com.almasb.fxgl.net.NetService, class com.almasb.fxgl.app.services.UpdaterService, class com.almasb.fxgl.dev.DevService]
18:28:08.111 [FXGL Background Thread 3 ] DEBUG Engine               - fontGame: Abel-Regular.ttf
18:28:08.111 [FXGL Background Thread 3 ] DEBUG Engine               - fontMono: TerminalLandMono-Regular.otf
18:28:08.111 [FXGL Background Thread 3 ] DEBUG Engine               - fontSizeScaleUI: 1.0
18:28:08.111 [FXGL Background Thread 3 ] DEBUG Engine               - fontText: Courier-Prime.ttf
18:28:08.111 [FXGL Background Thread 3 ] DEBUG Engine               - fontUI: VarelaRound-Regular.ttf
18:28:08.111 [FXGL Background Thread 3 ] DEBUG Engine               - fullScreen: BooleanProperty [value: false]
18:28:08.111 [FXGL Background Thread 3 ] DEBUG Engine               - gameDifficulty: MEDIUM
18:28:08.111 [FXGL Background Thread 3 ] DEBUG Engine               - gameDifficultyProperty: ObjectProperty [value: MEDIUM]
18:28:08.111 [FXGL Background Thread 3 ] DEBUG Engine               - globalMusicVolume: 0.5
18:28:08.111 [FXGL Background Thread 3 ] DEBUG Engine               - globalMusicVolumeProperty: DoubleProperty [value: 0.5]
18:28:08.111 [FXGL Background Thread 3 ] DEBUG Engine               - globalSoundVolume: 0.5
18:28:08.111 [FXGL Background Thread 3 ] DEBUG Engine               - globalSoundVolumeProperty: DoubleProperty [value: 0.5]
18:28:08.111 [FXGL Background Thread 3 ] DEBUG Engine               - height: 720
18:28:08.111 [FXGL Background Thread 3 ] DEBUG Engine               - is3D: false
18:28:08.111 [FXGL Background Thread 3 ] DEBUG Engine               - isAndroid: false
18:28:08.111 [FXGL Background Thread 3 ] DEBUG Engine               - isBrowser: false
18:28:08.111 [FXGL Background Thread 3 ] DEBUG Engine               - isClickFeedbackEnabled: false
18:28:08.111 [FXGL Background Thread 3 ] DEBUG Engine               - isCloseConfirmation: false
18:28:08.111 [FXGL Background Thread 3 ] DEBUG Engine               - isDesktop: true
18:28:08.111 [FXGL Background Thread 3 ] DEBUG Engine               - isDeveloperMenuEnabled: false
18:28:08.111 [FXGL Background Thread 3 ] DEBUG Engine               - isEmbedded: false
18:28:08.111 [FXGL Background Thread 3 ] DEBUG Engine               - isEntityPreloadEnabled: true
18:28:08.111 [FXGL Background Thread 3 ] DEBUG Engine               - isExperimentalTiledLargeMap: false
18:28:08.111 [FXGL Background Thread 3 ] DEBUG Engine               - isFileSystemWriteAllowed: true
18:28:08.111 [FXGL Background Thread 3 ] DEBUG Engine               - isFullScreenAllowed: false
18:28:08.111 [FXGL Background Thread 3 ] DEBUG Engine               - isFullScreenFromStart: false
18:28:08.111 [FXGL Background Thread 3 ] DEBUG Engine               - isGameMenuEnabled: false
18:28:08.111 [FXGL Background Thread 3 ] DEBUG Engine               - isIOS: false
18:28:08.111 [FXGL Background Thread 3 ] DEBUG Engine               - isIntroEnabled: false
18:28:08.111 [FXGL Background Thread 3 ] DEBUG Engine               - isLinux: false
18:28:08.111 [FXGL Background Thread 3 ] DEBUG Engine               - isMac: false
18:28:08.111 [FXGL Background Thread 3 ] DEBUG Engine               - isMainMenuEnabled: false
18:28:08.111 [FXGL Background Thread 3 ] DEBUG Engine               - isManualResizeEnabled: false
18:28:08.111 [FXGL Background Thread 3 ] DEBUG Engine               - isMobile: false
18:28:08.112 [FXGL Background Thread 3 ] DEBUG Engine               - isNative: false
18:28:08.112 [FXGL Background Thread 3 ] DEBUG Engine               - isPauseMusicWhenMinimized: true
18:28:08.112 [FXGL Background Thread 3 ] DEBUG Engine               - isPreserveResizeRatio: true
18:28:08.112 [FXGL Background Thread 3 ] DEBUG Engine               - isProfilingEnabled: false
18:28:08.112 [FXGL Background Thread 3 ] DEBUG Engine               - isScaleAffectedOnResize: true
18:28:08.112 [FXGL Background Thread 3 ] DEBUG Engine               - isSingleStep: false
18:28:08.112 [FXGL Background Thread 3 ] DEBUG Engine               - isUserProfileEnabled: false
18:28:08.112 [FXGL Background Thread 3 ] DEBUG Engine               - isWindows: true
18:28:08.112 [FXGL Background Thread 3 ] DEBUG Engine               - language: ObjectProperty [value: ENGLISH]
18:28:08.112 [FXGL Background Thread 3 ] DEBUG Engine               - menuKey: ESCAPE
18:28:08.112 [FXGL Background Thread 3 ] DEBUG Engine               - mouseSensitivity: 0.2
18:28:08.112 [FXGL Background Thread 3 ] DEBUG Engine               - notificationViewClass: class com.almasb.fxgl.notification.view.XboxNotificationView
18:28:08.112 [FXGL Background Thread 3 ] DEBUG Engine               - pixelsPerMeter: 50.0
18:28:08.112 [FXGL Background Thread 3 ] DEBUG Engine               - platform: WINDOWS
18:28:08.112 [FXGL Background Thread 3 ] DEBUG Engine               - prefHeightProperty: ReadOnlyDoubleProperty [value: 720.0]
18:28:08.112 [FXGL Background Thread 3 ] DEBUG Engine               - prefWidthProperty: ReadOnlyDoubleProperty [value: 1280.0]
18:28:08.112 [FXGL Background Thread 3 ] DEBUG Engine               - profileDir: profiles/
18:28:08.112 [FXGL Background Thread 3 ] DEBUG Engine               - profileName: StringProperty [value: DEFAULT]
18:28:08.112 [FXGL Background Thread 3 ] DEBUG Engine               - randomSeed: -1
18:28:08.112 [FXGL Background Thread 3 ] DEBUG Engine               - runtimeInfo: RuntimeInfo(platform=WINDOWS, version=21.1, build=27.03.2024 07.52)
18:28:08.112 [FXGL Background Thread 3 ] DEBUG Engine               - saveFileExt: sav
18:28:08.112 [FXGL Background Thread 3 ] DEBUG Engine               - scaledHeightProp$fxgl: DoubleProperty [bound, value: 720.0]
18:28:08.112 [FXGL Background Thread 3 ] DEBUG Engine               - scaledWidthProp$fxgl: DoubleProperty [bound, value: 1280.0]
18:28:08.112 [FXGL Background Thread 3 ] DEBUG Engine               - sceneFactory: com.almasb.fxgl.app.scene.SceneFactory@4304acfe
18:28:08.112 [FXGL Background Thread 3 ] DEBUG Engine               - secondsIn24h: 60
18:28:08.112 [FXGL Background Thread 3 ] DEBUG Engine               - soundMenuBack: menu/back.wav
18:28:08.112 [FXGL Background Thread 3 ] DEBUG Engine               - soundMenuPress: menu/press.wav
18:28:08.112 [FXGL Background Thread 3 ] DEBUG Engine               - soundMenuSelect: menu/select.wav
18:28:08.112 [FXGL Background Thread 3 ] DEBUG Engine               - soundNotification: core/notification.wav
18:28:08.112 [FXGL Background Thread 3 ] DEBUG Engine               - stageStyle: DECORATED
18:28:08.112 [FXGL Background Thread 3 ] DEBUG Engine               - supportedLanguages: [ENGLISH, FRENCH, GERMAN, HUNGARIAN, RUSSIAN]
18:28:08.112 [FXGL Background Thread 3 ] DEBUG Engine               - ticksPerSecond: -1
18:28:08.112 [FXGL Background Thread 3 ] DEBUG Engine               - title: RougeVolley — 地牢探险
18:28:08.112 [FXGL Background Thread 3 ] DEBUG Engine               - urlGithub: https://github.com/AlmasB/FXGL
18:28:08.112 [FXGL Background Thread 3 ] DEBUG Engine               - urlLeaderboard: http://fxgl-top.herokuapp.com/
18:28:08.112 [FXGL Background Thread 3 ] DEBUG Engine               - urlPOM: https://raw.githubusercontent.com/AlmasB/FXGL/release/README.md
18:28:08.112 [FXGL Background Thread 3 ] DEBUG Engine               - userAppClass: class org.example.rougevolley.RougeVolleyFXGL
18:28:08.112 [FXGL Background Thread 3 ] DEBUG Engine               - version: 0.1.0
18:28:08.112 [FXGL Background Thread 3 ] DEBUG Engine               - versionCheckDays: 7
18:28:08.112 [FXGL Background Thread 3 ] DEBUG Engine               - width: 1280
18:28:08.112 [FXGL Background Thread 3 ] DEBUG Engine               - Logging services
18:28:08.112 [FXGL Background Thread 3 ] DEBUG Engine               - class com.almasb.fxgl.app.services.FXGLAssetLoaderService
18:28:08.112 [FXGL Background Thread 3 ] DEBUG Engine               - class com.almasb.fxgl.app.FXGLApplication$GameApplicationService
18:28:08.112 [FXGL Background Thread 3 ] DEBUG Engine               - class com.almasb.fxgl.app.services.FXGLDialogService
18:28:08.112 [FXGL Background Thread 3 ] DEBUG Engine               - class com.almasb.fxgl.app.services.IOTaskExecutorService
18:28:08.112 [FXGL Background Thread 3 ] DEBUG Engine               - class com.almasb.fxgl.io.FileSystemService
18:28:08.112 [FXGL Background Thread 3 ] DEBUG Engine               - class com.almasb.fxgl.localization.LocalizationService
18:28:08.112 [FXGL Background Thread 3 ] DEBUG Engine               - class com.almasb.fxgl.app.services.SystemBundleService
18:28:08.112 [FXGL Background Thread 3 ] DEBUG Engine               - class com.almasb.fxgl.profile.SaveLoadService
18:28:08.112 [FXGL Background Thread 3 ] DEBUG Engine               - class com.almasb.fxgl.ui.FXGLUIFactoryServiceProvider
18:28:08.112 [FXGL Background Thread 3 ] DEBUG Engine               - class com.almasb.fxgl.ui.FXGLDialogFactoryServiceProvider
18:28:08.112 [FXGL Background Thread 3 ] DEBUG Engine               - class com.almasb.fxgl.audio.AudioPlayer
18:28:08.112 [FXGL Background Thread 3 ] DEBUG Engine               - class com.almasb.fxgl.notification.impl.NotificationServiceProvider
18:28:08.112 [FXGL Background Thread 3 ] DEBUG Engine               - class com.almasb.fxgl.achievement.AchievementService
18:28:08.112 [FXGL Background Thread 3 ] DEBUG Engine               - class com.almasb.fxgl.cutscene.CutsceneService
18:28:08.112 [FXGL Background Thread 3 ] DEBUG Engine               - class com.almasb.fxgl.minigames.MiniGameService
18:28:08.112 [FXGL Background Thread 3 ] DEBUG Engine               - class com.almasb.fxgl.net.NetService
18:28:08.112 [FXGL Background Thread 3 ] DEBUG Engine               - class com.almasb.fxgl.app.services.UpdaterService
18:28:08.112 [FXGL Background Thread 3 ] DEBUG Engine               - class com.almasb.fxgl.dev.DevService
18:28:08.197 [JavaFX Application Thread] DEBUG EventBus             - Firing event: javafx.event.Event[source=javafx.event.Event$$Lambda/0x000002373a17aa70@3a6972ca]
18:28:08.324 [JavaFX Application Thread] DEBUG EventBus             - Firing event: javafx.event.Event[source=javafx.event.Event$$Lambda/0x000002373a17aa70@3a6972ca]
18:28:08.453 [JavaFX Application Thread] DEBUG EventBus             - Firing event: javafx.event.Event[source=javafx.event.Event$$Lambda/0x000002373a17aa70@3a6972ca]
18:28:08.547 [JavaFX Application Thread] DEBUG EventBus             - Firing event: javafx.event.Event[source=javafx.event.Event$$Lambda/0x000002373a17aa70@3a6972ca]
18:28:08.585 [JavaFX Application Thread] DEBUG EventBus             - Firing event: javafx.event.Event[source=javafx.event.Event$$Lambda/0x000002373a17aa70@3a6972ca]
18:28:08.676 [JavaFX Application Thread] DEBUG EventBus             - Firing event: javafx.event.Event[source=javafx.event.Event$$Lambda/0x000002373a17aa70@3a6972ca]
18:28:08.713 [JavaFX Application Thread] DEBUG EventBus             - Firing event: javafx.event.Event[source=javafx.event.Event$$Lambda/0x000002373a17aa70@3a6972ca]
18:28:08.805 [JavaFX Application Thread] DEBUG EventBus             - Firing event: javafx.event.Event[source=javafx.event.Event$$Lambda/0x000002373a17aa70@3a6972ca]
18:28:08.869 [JavaFX Application Thread] DEBUG EventBus             - Firing event: javafx.event.Event[source=javafx.event.Event$$Lambda/0x000002373a17aa70@3a6972ca]
18:28:08.949 [JavaFX Application Thread] DEBUG EventBus             - Firing event: javafx.event.Event[source=javafx.event.Event$$Lambda/0x000002373a17aa70@3a6972ca]
18:28:09.077 [JavaFX Application Thread] DEBUG EventBus             - Firing event: javafx.event.Event[source=javafx.event.Event$$Lambda/0x000002373a17aa70@3a6972ca]
18:28:09.205 [JavaFX Application Thread] DEBUG EventBus             - Firing event: javafx.event.Event[source=javafx.event.Event$$Lambda/0x000002373a17aa70@3a6972ca]
18:28:09.205 [JavaFX Application Thread] INFO  DamageSystem         - Enemy destroyed
18:28:09.205 [JavaFX Application Thread] DEBUG EventBus             - Firing event: javafx.event.Event[source=javafx.event.Event$$Lambda/0x000002373a17aa70@3a6972ca]
18:28:09.205 [JavaFX Application Thread] DEBUG EventBus             - Firing event: javafx.event.Event[source=javafx.event.Event$$Lambda/0x000002373a17aa70@3a6972ca]
18:28:09.382 [JavaFX Application Thread] DEBUG EventBus             - Firing event: javafx.event.Event[source=javafx.event.Event$$Lambda/0x000002373a17aa70@3a6972ca]
18:28:09.743 [JavaFX Application Thread] DEBUG EventBus             - Firing event: javafx.event.Event[source=javafx.event.Event$$Lambda/0x000002373a17aa70@3a6972ca]
18:28:10.110 [JavaFX Application Thread] DEBUG EventBus             - Firing event: javafx.event.Event[source=javafx.event.Event$$Lambda/0x000002373a17aa70@3a6972ca]
18:28:10.133 [JavaFX Application Thread] DEBUG EventBus             - Firing event: javafx.event.Event[source=javafx.event.Event$$Lambda/0x000002373a17aa70@3a6972ca]
18:28:10.476 [JavaFX Application Thread] DEBUG EventBus             - Firing event: javafx.event.Event[source=javafx.event.Event$$Lambda/0x000002373a17aa70@3a6972ca]
18:28:10.809 [JavaFX Application Thread] DEBUG EventBus             - Firing event: javafx.event.Event[source=javafx.event.Event$$Lambda/0x000002373a17aa70@3a6972ca]
18:28:10.834 [JavaFX Application Thread] DEBUG EventBus             - Firing event: javafx.event.Event[source=javafx.event.Event$$Lambda/0x000002373a17aa70@3a6972ca]
18:28:11.141 [JavaFX Application Thread] DEBUG EventBus             - Firing event: javafx.event.Event[source=javafx.event.Event$$Lambda/0x000002373a17aa70@3a6972ca]
18:28:11.168 [JavaFX Application Thread] DEBUG EventBus             - Firing event: javafx.event.Event[source=javafx.event.Event$$Lambda/0x000002373a17aa70@3a6972ca]
18:28:17.605 [JavaFX Application Thread] DEBUG EventBus             - Firing event: javafx.event.Event[source=javafx.event.Event$$Lambda/0x000002373a17aa70@3a6972ca]
18:28:17.664 [JavaFX Application Thread] DEBUG EventBus             - Firing event: javafx.event.Event[source=javafx.event.Event$$Lambda/0x000002373a17aa70@3a6972ca]
18:28:18.213 [JavaFX Application Thread] DEBUG EventBus             - Firing event: javafx.event.Event[source=javafx.event.Event$$Lambda/0x000002373a17aa70@3a6972ca]
18:28:18.289 [JavaFX Application Thread] DEBUG EventBus             - Firing event: javafx.event.Event[source=javafx.event.Event$$Lambda/0x000002373a17aa70@3a6972ca]
18:28:18.289 [JavaFX Application Thread] INFO  DamageSystem         - Enemy destroyed
18:28:18.289 [JavaFX Application Thread] DEBUG EventBus             - Firing event: javafx.event.Event[source=javafx.event.Event$$Lambda/0x000002373a17aa70@3a6972ca]
18:28:18.289 [JavaFX Application Thread] DEBUG EventBus             - Firing event: javafx.event.Event[source=javafx.event.Event$$Lambda/0x000002373a17aa70@3a6972ca]
18:28:19.285 [JavaFX Application Thread] DEBUG EventBus             - Firing event: javafx.event.Event[source=javafx.event.Event$$Lambda/0x000002373a17aa70@3a6972ca]
18:28:19.435 [JavaFX Application Thread] DEBUG EventBus             - Firing event: javafx.event.Event[source=javafx.event.Event$$Lambda/0x000002373a17aa70@3a6972ca]
18:28:19.653 [JavaFX Application Thread] DEBUG EventBus             - Firing event: javafx.event.Event[source=javafx.event.Event$$Lambda/0x000002373a17aa70@3a6972ca]
18:28:19.749 [JavaFX Application Thread] DEBUG EventBus             - Firing event: javafx.event.Event[source=javafx.event.Event$$Lambda/0x000002373a17aa70@3a6972ca]
18:28:23.477 [JavaFX Application Thread] DEBUG EventBus             - Firing event: javafx.event.Event[source=javafx.event.Event$$Lambda/0x000002373a17aa70@3a6972ca]
18:28:23.635 [JavaFX Application Thread] DEBUG EventBus             - Firing event: javafx.event.Event[source=javafx.event.Event$$Lambda/0x000002373a17aa70@3a6972ca]
18:28:24.581 [JavaFX Application Thread] DEBUG EventBus             - Firing event: javafx.event.Event[source=javafx.event.Event$$Lambda/0x000002373a17aa70@3a6972ca]
18:28:24.709 [JavaFX Application Thread] DEBUG EventBus             - Firing event: javafx.event.Event[source=javafx.event.Event$$Lambda/0x000002373a17aa70@3a6972ca]
18:28:25.185 [JavaFX Application Thread] DEBUG EventBus             - Firing event: javafx.event.Event[source=javafx.event.Event$$Lambda/0x000002373a17aa70@3a6972ca]
18:28:25.434 [JavaFX Application Thread] DEBUG EventBus             - Firing event: javafx.event.Event[source=javafx.event.Event$$Lambda/0x000002373a17aa70@3a6972ca]
18:28:25.664 [JavaFX Application Thread] DEBUG EventBus             - Firing event: javafx.event.Event[source=javafx.event.Event$$Lambda/0x000002373a17aa70@3a6972ca]
18:28:26.420 [JavaFX Application Thread] DEBUG EventBus             - Firing event: javafx.event.Event[source=javafx.event.Event$$Lambda/0x000002373a17aa70@3a6972ca]
18:28:26.560 [JavaFX Application Thread] DEBUG EventBus             - Firing event: javafx.event.Event[source=javafx.event.Event$$Lambda/0x000002373a17aa70@3a6972ca]
18:28:26.869 [JavaFX Application Thread] DEBUG EventBus             - Firing event: javafx.event.Event[source=javafx.event.Event$$Lambda/0x000002373a17aa70@3a6972ca]
18:28:26.992 [JavaFX Application Thread] DEBUG EventBus             - Firing event: javafx.event.Event[source=javafx.event.Event$$Lambda/0x000002373a17aa70@3a6972ca]
18:28:27.317 [JavaFX Application Thread] DEBUG EventBus             - Firing event: javafx.event.Event[source=javafx.event.Event$$Lambda/0x000002373a17aa70@3a6972ca]
18:28:27.493 [JavaFX Application Thread] DEBUG EventBus             - Firing event: javafx.event.Event[source=javafx.event.Event$$Lambda/0x000002373a17aa70@3a6972ca]
18:28:28.004 [JavaFX Application Thread] DEBUG EventBus             - Firing event: javafx.event.Event[source=javafx.event.Event$$Lambda/0x000002373a17aa70@3a6972ca]
18:28:28.209 [JavaFX Application Thread] DEBUG EventBus             - Firing event: javafx.event.Event[source=javafx.event.Event$$Lambda/0x000002373a17aa70@3a6972ca]
18:28:28.645 [JavaFX Application Thread] DEBUG EventBus             - Firing event: javafx.event.Event[source=javafx.event.Event$$Lambda/0x000002373a17aa70@3a6972ca]
18:28:28.852 [JavaFX Application Thread] DEBUG EventBus             - Firing event: javafx.event.Event[source=javafx.event.Event$$Lambda/0x000002373a17aa70@3a6972ca]
18:28:28.852 [JavaFX Application Thread] INFO  DamageSystem         - Enemy destroyed
18:28:28.852 [JavaFX Application Thread] DEBUG EventBus             - Firing event: javafx.event.Event[source=javafx.event.Event$$Lambda/0x000002373a17aa70@3a6972ca]
18:28:28.852 [JavaFX Application Thread] DEBUG EventBus             - Firing event: javafx.event.Event[source=javafx.event.Event$$Lambda/0x000002373a17aa70@3a6972ca]
18:28:29.365 [JavaFX Application Thread] DEBUG EventBus             - Firing event: javafx.event.Event[source=javafx.event.Event$$Lambda/0x000002373a17aa70@3a6972ca]
18:28:29.597 [JavaFX Application Thread] DEBUG EventBus             - Firing event: javafx.event.Event[source=javafx.event.Event$$Lambda/0x000002373a17aa70@3a6972ca]
18:28:29.793 [JavaFX Application Thread] DEBUG EventBus             - Firing event: javafx.event.Event[source=javafx.event.Event$$Lambda/0x000002373a17aa70@3a6972ca]
18:28:29.924 [JavaFX Application Thread] DEBUG EventBus             - Firing event: javafx.event.Event[source=javafx.event.Event$$Lambda/0x000002373a17aa70@3a6972ca]
18:28:30.121 [JavaFX Application Thread] DEBUG EventBus             - Firing event: javafx.event.Event[source=javafx.event.Event$$Lambda/0x000002373a17aa70@3a6972ca]
18:28:30.245 [JavaFX Application Thread] DEBUG EventBus             - Firing event: javafx.event.Event[source=javafx.event.Event$$Lambda/0x000002373a17aa70@3a6972ca]
18:28:30.434 [JavaFX Application Thread] DEBUG EventBus             - Firing event: javafx.event.Event[source=javafx.event.Event$$Lambda/0x000002373a17aa70@3a6972ca]
18:28:30.469 [JavaFX Application Thread] DEBUG EventBus             - Firing event: javafx.event.Event[source=javafx.event.Event$$Lambda/0x000002373a17aa70@3a6972ca]
18:28:30.709 [JavaFX Application Thread] DEBUG EventBus             - Firing event: javafx.event.Event[source=javafx.event.Event$$Lambda/0x000002373a17aa70@3a6972ca]
18:28:30.947 [JavaFX Application Thread] DEBUG EventBus             - Firing event: javafx.event.Event[source=javafx.event.Event$$Lambda/0x000002373a17aa70@3a6972ca]
18:28:31.184 [JavaFX Application Thread] DEBUG EventBus             - Firing event: javafx.event.Event[source=javafx.event.Event$$Lambda/0x000002373a17aa70@3a6972ca]
18:28:31.205 [JavaFX Application Thread] DEBUG EventBus             - Firing event: javafx.event.Event[source=javafx.event.Event$$Lambda/0x000002373a17aa70@3a6972ca]
18:28:31.467 [JavaFX Application Thread] DEBUG EventBus             - Firing event: javafx.event.Event[source=javafx.event.Event$$Lambda/0x000002373a17aa70@3a6972ca]
18:28:31.467 [JavaFX Application Thread] INFO  DamageSystem         - Enemy destroyed
18:28:31.468 [JavaFX Application Thread] DEBUG EventBus             - Firing event: javafx.event.Event[source=javafx.event.Event$$Lambda/0x000002373a17aa70@3a6972ca]
18:28:31.468 [JavaFX Application Thread] DEBUG EventBus             - Firing event: javafx.event.Event[source=javafx.event.Event$$Lambda/0x000002373a17aa70@3a6972ca]
18:28:31.484 [JavaFX Application Thread] DEBUG EventBus             - Firing event: javafx.event.Event[source=javafx.event.Event$$Lambda/0x000002373a17aa70@3a6972ca]
18:28:31.941 [JavaFX Application Thread] DEBUG EventBus             - Firing event: javafx.event.Event[source=javafx.event.Event$$Lambda/0x000002373a17aa70@3a6972ca]
18:28:32.389 [JavaFX Application Thread] DEBUG EventBus             - Firing event: javafx.event.Event[source=javafx.event.Event$$Lambda/0x000002373a17aa70@3a6972ca]
18:28:32.851 [JavaFX Application Thread] DEBUG EventBus             - Firing event: javafx.event.Event[source=javafx.event.Event$$Lambda/0x000002373a17aa70@3a6972ca]
18:28:33.305 [JavaFX Application Thread] DEBUG EventBus             - Firing event: javafx.event.Event[source=javafx.event.Event$$Lambda/0x000002373a17aa70@3a6972ca]
18:28:33.805 [JavaFX Application Thread] DEBUG EventBus             - Firing event: javafx.event.Event[source=javafx.event.Event$$Lambda/0x000002373a17aa70@3a6972ca]
18:28:34.306 [JavaFX Application Thread] DEBUG EventBus             - Firing event: javafx.event.Event[source=javafx.event.Event$$Lambda/0x000002373a17aa70@3a6972ca]
18:28:34.809 [JavaFX Application Thread] DEBUG EventBus             - Firing event: javafx.event.Event[source=javafx.event.Event$$Lambda/0x000002373a17aa70@3a6972ca]
18:28:35.309 [JavaFX Application Thread] DEBUG EventBus             - Firing event: javafx.event.Event[source=javafx.event.Event$$Lambda/0x000002373a17aa70@3a6972ca]
18:28:35.813 [JavaFX Application Thread] DEBUG EventBus             - Firing event: javafx.event.Event[source=javafx.event.Event$$Lambda/0x000002373a17aa70@3a6972ca]
18:28:36.312 [JavaFX Application Thread] DEBUG EventBus             - Firing event: javafx.event.Event[source=javafx.event.Event$$Lambda/0x000002373a17aa70@3a6972ca]
18:28:36.813 [JavaFX Application Thread] DEBUG EventBus             - Firing event: javafx.event.Event[source=javafx.event.Event$$Lambda/0x000002373a17aa70@3a6972ca]
18:28:37.317 [JavaFX Application Thread] DEBUG EventBus             - Firing event: javafx.event.Event[source=javafx.event.Event$$Lambda/0x000002373a17aa70@3a6972ca]
18:28:37.459 [JavaFX Application Thread] DEBUG EventBus             - Firing event: javafx.event.Event[source=javafx.event.Event$$Lambda/0x000002373a17aa70@3a6972ca]
18:28:37.817 [JavaFX Application Thread] DEBUG EventBus             - Firing event: javafx.event.Event[source=javafx.event.Event$$Lambda/0x000002373a17aa70@3a6972ca]
18:28:37.963 [JavaFX Application Thread] DEBUG EventBus             - Firing event: javafx.event.Event[source=javafx.event.Event$$Lambda/0x000002373a17aa70@3a6972ca]
18:28:38.549 [JavaFX Application Thread] DEBUG EventBus             - Firing event: javafx.event.Event[source=javafx.event.Event$$Lambda/0x000002373a17aa70@3a6972ca]
18:28:38.617 [JavaFX Application Thread] DEBUG EventBus             - Firing event: javafx.event.Event[source=javafx.event.Event$$Lambda/0x000002373a17aa70@3a6972ca]
18:28:39.421 [JavaFX Application Thread] DEBUG EventBus             - Firing event: javafx.event.Event[source=javafx.event.Event$$Lambda/0x000002373a17aa70@3a6972ca]
18:28:39.525 [JavaFX Application Thread] DEBUG EventBus             - Firing event: javafx.event.Event[source=javafx.event.Event$$Lambda/0x000002373a17aa70@3a6972ca]
18:28:39.626 [JavaFX Application Thread] DEBUG EventBus             - Firing event: javafx.event.Event[source=javafx.event.Event$$Lambda/0x000002373a17aa70@3a6972ca]
18:28:39.892 [JavaFX Application Thread] DEBUG EventBus             - Firing event: javafx.event.Event[source=javafx.event.Event$$Lambda/0x000002373a17aa70@3a6972ca]
18:28:40.146 [JavaFX Application Thread] DEBUG EventBus             - Firing event: javafx.event.Event[source=javafx.event.Event$$Lambda/0x000002373a17aa70@3a6972ca]
18:28:40.146 [JavaFX Application Thread] INFO  DamageSystem         - Enemy destroyed
18:28:40.146 [JavaFX Application Thread] DEBUG EventBus             - Firing event: javafx.event.Event[source=javafx.event.Event$$Lambda/0x000002373a17aa70@3a6972ca]
18:28:40.146 [JavaFX Application Thread] DEBUG EventBus             - Firing event: javafx.event.Event[source=javafx.event.Event$$Lambda/0x000002373a17aa70@3a6972ca]
18:28:40.467 [JavaFX Application Thread] DEBUG EventBus             - Firing event: javafx.event.Event[source=javafx.event.Event$$Lambda/0x000002373a17aa70@3a6972ca]
18:28:41.506 [JavaFX Application Thread] DEBUG EventBus             - Firing event: javafx.event.Event[source=javafx.event.Event$$Lambda/0x000002373a17aa70@3a6972ca]
18:28:41.509 [JavaFX Application Thread] INFO  RougeVolleyFXGL      - Transitioning E → room (1,0)
18:28:41.513 [JavaFX Application Thread] DEBUG EventBus             - Firing event: javafx.event.Event[source=javafx.event.Event$$Lambda/0x000002373a17aa70@3a6972ca]
18:28:41.513 [JavaFX Application Thread] INFO  RougeVolleyFXGL      - Entered room 大厅 @(1,0)
18:28:41.922 [JavaFX Application Thread] DEBUG EventBus             - Firing event: javafx.event.Event[source=javafx.event.Event$$Lambda/0x000002373a17aa70@3a6972ca]
18:28:44.892 [JavaFX Application Thread] DEBUG EventBus             - Firing event: javafx.event.Event[source=javafx.event.Event$$Lambda/0x000002373a17aa70@3a6972ca]
18:28:45.397 [JavaFX Application Thread] DEBUG EventBus             - Firing event: javafx.event.Event[source=javafx.event.Event$$Lambda/0x000002373a17aa70@3a6972ca]
18:28:45.892 [JavaFX Application Thread] DEBUG EventBus             - Firing event: javafx.event.Event[source=javafx.event.Event$$Lambda/0x000002373a17aa70@3a6972ca]
18:28:45.899 [JavaFX Application Thread] DEBUG EventBus             - Firing event: javafx.event.Event[source=javafx.event.Event$$Lambda/0x000002373a17aa70@3a6972ca]
18:28:46.373 [JavaFX Application Thread] DEBUG EventBus             - Firing event: javafx.event.Event[source=javafx.event.Event$$Lambda/0x000002373a17aa70@3a6972ca]
18:28:53.250 [JavaFX Application Thread] INFO  RougeVolleyFXGL      - Transitioning S → room (1,1)
18:28:53.253 [JavaFX Application Thread] DEBUG EventBus             - Firing event: javafx.event.Event[source=javafx.event.Event$$Lambda/0x000002373a17aa70@3a6972ca]
18:28:53.253 [JavaFX Application Thread] INFO  RougeVolleyFXGL      - Entered room 大厅 @(1,1)
18:29:00.722 [JavaFX Application Thread] DEBUG FXGLApplication      - Exiting FXGL
18:29:00.722 [JavaFX Application Thread] DEBUG LoopRunner           - Stopping loop
18:29:00.722 [JavaFX Application Thread] DEBUG SystemBundleService  - Saving FXGL system data
18:29:00.726 [JavaFX Application Thread] DEBUG FileSystemAccess     - Writing to: C:\Users\19559\IdeaProjects\RougeVolley\system\fxgl.bundle
18:29:00.728 [JavaFX Application Thread] DEBUG Async                - Shutting down background threads
18:29:00.728 [JavaFX Application Thread] DEBUG PrimaryStageWindow   - Closing main window
18:29:00.766 [JavaFX Application Thread] DEBUG Logger               - Closing Logger
