18:11:17.665 [main                     ] DEBUG Logger               - Configured Logger
18:11:17.681 [main                     ] DEBUG GameApplication      - Logging settings
Title: RougeVolley — 地牢探险
Version: 0.1.0
Width: 1280
Height: 720
Fullscreen: false
Intro: false
Profiling: false
Single step:false
App Mode: DEVELOPER
Menu Key: ESCAPE
Stage Style: DECORATED
Scene Factory: class com.almasb.fxgl.app.scene.SceneFactory

18:11:18.049 [JavaFX Application Thread] DEBUG FXGLApplication      - Initializing FXGL
18:11:18.052 [JavaFX Application Thread] INFO  Engine               - FXGL-21.1 (27.03.2024 07.52) on WINDOWS (J:21.0.8 FX:21)
18:11:18.052 [JavaFX Application Thread] DEBUG Engine               - JRE Vendor Name: Microsoft
18:11:18.053 [JavaFX Application Thread] DEBUG Engine               - Running on OS: Windows 11 version 10.0
18:11:18.053 [JavaFX Application Thread] DEBUG Engine               - Architecture: amd64
18:11:18.053 [JavaFX Application Thread] INFO  Engine               - Source code and latest versions at: https://github.com/AlmasB/FXGL
18:11:18.053 [JavaFX Application Thread] INFO  Engine               -       Ask questions and discuss at: https://github.com/AlmasB/FXGL/discussions
18:11:18.053 [JavaFX Application Thread] INFO  Engine               -              Join the FXGL chat at: https://gitter.im/AlmasB/FXGL
18:11:18.119 [JavaFX Application Thread] DEBUG PrimaryStageWindow   - Creating a JavaFX scene
18:11:18.149 [JavaFX Application Thread] DEBUG PrimaryStageWindow   - Target settings size: 1280.0 x 720.0
18:11:18.149 [JavaFX Application Thread] DEBUG PrimaryStageWindow   - Scaled scene size:    1280.0 x 720.0
18:11:18.149 [JavaFX Application Thread] DEBUG PrimaryStageWindow   - Scaled ratio: (1.0, 1.0)
18:11:18.150 [JavaFX Application Thread] DEBUG PrimaryStageWindow   - Set initial scene to FXGLStartupScene
18:11:18.151 [JavaFX Application Thread] DEBUG PrimaryStageWindow   - Opening main window
18:11:18.232 [JavaFX Application Thread] DEBUG PrimaryStageWindow   - Window border size: (14.6666259765625, 37.33331298828125)
18:11:18.232 [JavaFX Application Thread] DEBUG PrimaryStageWindow   - Scaled size: 1280.0 x 720.0
18:11:18.232 [JavaFX Application Thread] DEBUG PrimaryStageWindow   - Scaled ratio: (1.0, 1.0)
18:11:18.232 [JavaFX Application Thread] DEBUG PrimaryStageWindow   - Scene size: 1280.0 x 720.0
18:11:18.232 [JavaFX Application Thread] DEBUG PrimaryStageWindow   - Stage size: 1294.6666259765625 x 757.3333129882812
18:11:18.238 [FXGL Background Thread 1 ] DEBUG Engine               - Initializing environment variables
18:11:18.282 [FXGL Background Thread 1 ] DEBUG FXGLAssetLoaderServi - User app class for loading assets: class org.example.rougevolley.RougeVolleyFXGL
18:11:18.282 [FXGL Background Thread 1 ] DEBUG GameApplicationServi - Applying CSS: fxgl_dark.css
18:11:18.283 [FXGL Background Thread 1 ] DEBUG FXGLAssetLoaderServi - Loading from file system: jar:file:/C:/Users/19559/.m2/repository/com/github/almasb/fxgl/21.1/fxgl-21.1.jar!/fxglassets/ui/css/fxgl_dark.css
18:11:18.310 [FXGL Background Thread 1 ] DEBUG GameApplicationServi - Initializing application scenes
18:11:18.390 [FXGL Background Thread 1 ] DEBUG GameWorld            - Game world initialized
18:11:18.438 [FXGL Background Thread 1 ] DEBUG PhysicsWorld         - Physics world initialized: appHeight=720, physics.ppm=50.0
18:11:18.438 [FXGL Background Thread 1 ] DEBUG PhysicsWorld         - Using strategy: BRUTE_FORCE
18:11:18.440 [FXGL Background Thread 1 ] DEBUG GameScene            - Game scene initialized: 1280x720
18:11:18.440 [FXGL Background Thread 1 ] DEBUG GameApplicationServi - Application scenes initialized
18:11:18.451 [FXGL Background Thread 1 ] DEBUG SystemBundleService  - Loading FXGL system data
18:11:18.454 [FXGL Background Thread 1 ] DEBUG FileSystemAccess     - Reading from: C:\Users\19559\IdeaProjects\RougeVolley\system\fxgl.bundle
18:11:18.460 [FXGL Background Thread 1 ] DEBUG SystemBundleService  - Bundle FXGL: {}
18:11:18.460 [FXGL Background Thread 1 ] DEBUG UpdaterService       - Checking for updates
18:11:18.462 [FXGL Background Thread 4 ] DEBUG FXGLApplication      - Loading fonts
18:11:18.462 [FXGL Background Thread 4 ] DEBUG FXGLAssetLoaderServi - Loading from file system: jar:file:/C:/Users/19559/.m2/repository/com/github/almasb/fxgl/21.1/fxgl-21.1.jar!/fxglassets/ui/fonts/VarelaRound-Regular.ttf
18:11:18.462 [FXGL Background Thread 1 ] DEBUG FXGLApplication      - Loading default localization
18:11:18.463 [FXGL Background Thread 1 ] DEBUG FXGLAssetLoaderServi - Loading from file system: jar:file:/C:/Users/19559/.m2/repository/com/github/almasb/fxgl/21.1/fxgl-21.1.jar!/fxglassets/languages/english.lang
18:11:18.487 [FXGL Background Thread 4 ] DEBUG FXGLAssetLoaderServi - Loading from file system: jar:file:/C:/Users/19559/.m2/repository/com/github/almasb/fxgl/21.1/fxgl-21.1.jar!/fxglassets/ui/fonts/Abel-Regular.ttf
18:11:18.489 [FXGL Background Thread 4 ] DEBUG FXGLAssetLoaderServi - Loading from file system: jar:file:/C:/Users/19559/.m2/repository/com/github/almasb/fxgl/21.1/fxgl-21.1.jar!/fxglassets/ui/fonts/TerminalLandMono-Regular.otf
18:11:18.492 [FXGL Background Thread 4 ] DEBUG FXGLAssetLoaderServi - Loading from file system: jar:file:/C:/Users/19559/.m2/repository/com/github/almasb/fxgl/21.1/fxgl-21.1.jar!/fxglassets/ui/fonts/Courier-Prime.ttf
18:11:18.497 [FXGL Background Thread 1 ] INFO  FXGLApplication      - FXGL initialization took: 0.259 sec
18:11:18.497 [JavaFX Application Thread] DEBUG FXGLApplication      - Registering font factories with UI factory
18:11:18.504 [JavaFX Application Thread] DEBUG Input                - Registered new binding: Move Up - W
18:11:18.505 [JavaFX Application Thread] DEBUG Input                - Registered new binding: Move Up Arrow - Up
18:11:18.505 [JavaFX Application Thread] DEBUG Input                - Registered new binding: Move Down - S
18:11:18.505 [JavaFX Application Thread] DEBUG Input                - Registered new binding: Move Down Arrow - Down
18:11:18.505 [JavaFX Application Thread] DEBUG Input                - Registered new binding: Move Left - A
18:11:18.505 [JavaFX Application Thread] DEBUG Input                - Registered new binding: Move Left Arrow - Left
18:11:18.505 [JavaFX Application Thread] DEBUG Input                - Registered new binding: Move Right - D
18:11:18.506 [JavaFX Application Thread] DEBUG Input                - Registered new binding: Move Right Arrow - Right
18:11:18.507 [JavaFX Application Thread] DEBUG Input                - Registered new binding: Fire - LMB
18:11:18.507 [JavaFX Application Thread] DEBUG FXGLAssetLoaderServi - Loading from file system: jar:file:/C:/Users/19559/.m2/repository/com/github/almasb/fxgl/21.1/fxgl-21.1.jar!/fxglassets/textures/fxgl_icon.png
18:11:18.547 [JavaFX Application Thread] DEBUG FXGLAssetLoaderServi - Loading from file system: jar:file:/C:/Users/19559/.m2/repository/com/github/almasb/fxgl/21.1/fxgl-21.1.jar!/fxglassets/textures/fxgl_default_cursor.png
18:11:18.552 [JavaFX Application Thread] DEBUG Input                - Registered new binding: Screenshot - CTRL+8
18:11:18.553 [JavaFX Application Thread] DEBUG Input                - Registered new binding: System info dump - CTRL+9
18:11:18.554 [JavaFX Application Thread] DEBUG Input                - Registered new binding: Restart - CTRL+R
18:11:18.556 [JavaFX Application Thread] DEBUG Input                - Registered new binding: Toggle Debug Camera - CTRL+7
18:11:18.564 [JavaFX Application Thread] DEBUG LoopRunner           - Starting loop
18:11:18.565 [JavaFX Application Thread] DEBUG LoopRunner           - Initializing JavaFX AnimationTimerLoop
18:11:18.569 [JavaFX Application Thread] DEBUG GameApplicationServi - Starting new game
18:11:18.570 [JavaFX Application Thread] DEBUG Input                - Clearing active input actions
18:11:18.582 [JavaFX Application Thread] DEBUG GameApplicationServi - Removing overlay from FXGLStartupScene and adding to FXGLLoadingScene
18:11:18.582 [JavaFX Application Thread] DEBUG PrimaryStageWindow   - FXGLStartupScene -> FXGLLoadingScene
18:11:18.582 [JavaFX Application Thread] DEBUG GameApplicationServi - Clearing previous game
18:11:18.582 [JavaFX Application Thread] DEBUG GameScene            - Clearing game scene
18:11:18.582 [JavaFX Application Thread] DEBUG GameWorld            - Clearing game world
18:11:18.582 [JavaFX Application Thread] DEBUG PhysicsWorld         - Clearing physics world
18:11:18.585 [FXGL Background Thread 1 ] DEBUG FXGLApplication      - Initializing game
18:11:18.588 [FXGL Background Thread 1 ] INFO  RougeVolleyFXGL      - RougeVolley initializing... seed=-2915681158338529267
18:11:18.619 [FXGL Background Thread 1 ] INFO  UpgradeManager       - 已加载 3 个升级选项
18:11:18.647 [FXGL Background Thread 1 ] INFO  RougeVolleyFXGL      - RougeVolley initialized. Waiting for player to start.
18:11:18.648 [FXGL Background Thread 1 ] INFO  FXGLApplication      - Game initialization took: 0.062 sec
18:11:18.658 [JavaFX Application Thread] DEBUG Input                - Clearing active input actions
18:11:18.672 [JavaFX Application Thread] DEBUG GameApplicationServi - Removing overlay from FXGLLoadingScene and adding to GameScene
18:11:18.672 [JavaFX Application Thread] DEBUG PrimaryStageWindow   - FXGLLoadingScene -> GameScene
18:11:19.474 [FXGL Background Thread 2 ] INFO  UpdaterService       - Your current version:  21.1
18:11:19.474 [FXGL Background Thread 2 ] INFO  UpdaterService       - Latest stable version: 25
18:11:21.462 [FXGL Background Thread 3 ] DEBUG Engine               - Logging environment variables
18:11:21.462 [FXGL Background Thread 3 ] DEBUG Engine               - achievements: []
18:11:21.462 [FXGL Background Thread 3 ] DEBUG Engine               - actualHeight: 720.0
18:11:21.462 [FXGL Background Thread 3 ] DEBUG Engine               - actualHeightProperty: ReadOnlyDoubleProperty [value: 720.0]
18:11:21.462 [FXGL Background Thread 3 ] DEBUG Engine               - actualWidth: 1280.0
18:11:21.462 [FXGL Background Thread 3 ] DEBUG Engine               - actualWidthProperty: ReadOnlyDoubleProperty [value: 1280.0]
18:11:21.462 [FXGL Background Thread 3 ] DEBUG Engine               - appIcon: fxgl_icon.png
18:11:21.462 [FXGL Background Thread 3 ] DEBUG Engine               - applicationMode: DEVELOPER
18:11:21.462 [FXGL Background Thread 3 ] DEBUG Engine               - cSSList: [fxgl_dark.css]
18:11:21.462 [FXGL Background Thread 3 ] DEBUG Engine               - collisionDetectionStrategy: BRUTE_FORCE
18:11:21.462 [FXGL Background Thread 3 ] DEBUG Engine               - configClass: Optional.empty
18:11:21.462 [FXGL Background Thread 3 ] DEBUG Engine               - credits: []
18:11:21.463 [FXGL Background Thread 3 ] DEBUG Engine               - defaultCursor: CursorInfo(imageName=fxgl_default_cursor.png, hotspotX=7.0, hotspotY=6.0)
18:11:21.464 [FXGL Background Thread 3 ] DEBUG Engine               - devBBoxColorProperty: ObjectProperty [value: 0xff0000ff]
18:11:21.464 [FXGL Background Thread 3 ] DEBUG Engine               - devEnableDebugCameraProperty: BooleanProperty [value: false]
18:11:21.464 [FXGL Background Thread 3 ] DEBUG Engine               - devSensorColorProperty: ObjectProperty [value: 0xffff00ff]
18:11:21.464 [FXGL Background Thread 3 ] DEBUG Engine               - devShowBBoxProperty: BooleanProperty [value: false]
18:11:21.464 [FXGL Background Thread 3 ] DEBUG Engine               - devShowPositionProperty: BooleanProperty [value: false]
18:11:21.464 [FXGL Background Thread 3 ] DEBUG Engine               - enabledMenuItems: []
18:11:21.464 [FXGL Background Thread 3 ] DEBUG Engine               - engineServices: [class com.almasb.fxgl.app.services.FXGLAssetLoaderService, class com.almasb.fxgl.app.FXGLApplication$GameApplicationService, class com.almasb.fxgl.app.services.FXGLDialogService, class com.almasb.fxgl.app.services.IOTaskExecutorService, class com.almasb.fxgl.io.FileSystemService, class com.almasb.fxgl.localization.LocalizationService, class com.almasb.fxgl.app.services.SystemBundleService, class com.almasb.fxgl.profile.SaveLoadService, class com.almasb.fxgl.ui.FXGLUIFactoryServiceProvider, class com.almasb.fxgl.ui.FXGLDialogFactoryServiceProvider, class com.almasb.fxgl.audio.AudioPlayer, class com.almasb.fxgl.notification.impl.NotificationServiceProvider, class com.almasb.fxgl.achievement.AchievementService, class com.almasb.fxgl.cutscene.CutsceneService, class com.almasb.fxgl.minigames.MiniGameService, class com.almasb.fxgl.net.NetService, class com.almasb.fxgl.app.services.UpdaterService, class com.almasb.fxgl.dev.DevService]
18:11:21.464 [FXGL Background Thread 3 ] DEBUG Engine               - fontGame: Abel-Regular.ttf
18:11:21.464 [FXGL Background Thread 3 ] DEBUG Engine               - fontMono: TerminalLandMono-Regular.otf
18:11:21.464 [FXGL Background Thread 3 ] DEBUG Engine               - fontSizeScaleUI: 1.0
18:11:21.464 [FXGL Background Thread 3 ] DEBUG Engine               - fontText: Courier-Prime.ttf
18:11:21.464 [FXGL Background Thread 3 ] DEBUG Engine               - fontUI: VarelaRound-Regular.ttf
18:11:21.464 [FXGL Background Thread 3 ] DEBUG Engine               - fullScreen: BooleanProperty [value: false]
18:11:21.464 [FXGL Background Thread 3 ] DEBUG Engine               - gameDifficulty: MEDIUM
18:11:21.464 [FXGL Background Thread 3 ] DEBUG Engine               - gameDifficultyProperty: ObjectProperty [value: MEDIUM]
18:11:21.464 [FXGL Background Thread 3 ] DEBUG Engine               - globalMusicVolume: 0.5
18:11:21.464 [FXGL Background Thread 3 ] DEBUG Engine               - globalMusicVolumeProperty: DoubleProperty [value: 0.5]
18:11:21.464 [FXGL Background Thread 3 ] DEBUG Engine               - globalSoundVolume: 0.5
18:11:21.464 [FXGL Background Thread 3 ] DEBUG Engine               - globalSoundVolumeProperty: DoubleProperty [value: 0.5]
18:11:21.464 [FXGL Background Thread 3 ] DEBUG Engine               - height: 720
18:11:21.464 [FXGL Background Thread 3 ] DEBUG Engine               - is3D: false
18:11:21.464 [FXGL Background Thread 3 ] DEBUG Engine               - isAndroid: false
18:11:21.464 [FXGL Background Thread 3 ] DEBUG Engine               - isBrowser: false
18:11:21.464 [FXGL Background Thread 3 ] DEBUG Engine               - isClickFeedbackEnabled: false
18:11:21.464 [FXGL Background Thread 3 ] DEBUG Engine               - isCloseConfirmation: false
18:11:21.464 [FXGL Background Thread 3 ] DEBUG Engine               - isDesktop: true
18:11:21.464 [FXGL Background Thread 3 ] DEBUG Engine               - isDeveloperMenuEnabled: false
18:11:21.464 [FXGL Background Thread 3 ] DEBUG Engine               - isEmbedded: false
18:11:21.464 [FXGL Background Thread 3 ] DEBUG Engine               - isEntityPreloadEnabled: true
18:11:21.464 [FXGL Background Thread 3 ] DEBUG Engine               - isExperimentalTiledLargeMap: false
18:11:21.464 [FXGL Background Thread 3 ] DEBUG Engine               - isFileSystemWriteAllowed: true
18:11:21.464 [FXGL Background Thread 3 ] DEBUG Engine               - isFullScreenAllowed: false
18:11:21.464 [FXGL Background Thread 3 ] DEBUG Engine               - isFullScreenFromStart: false
18:11:21.464 [FXGL Background Thread 3 ] DEBUG Engine               - isGameMenuEnabled: false
18:11:21.465 [FXGL Background Thread 3 ] DEBUG Engine               - isIOS: false
18:11:21.465 [FXGL Background Thread 3 ] DEBUG Engine               - isIntroEnabled: false
18:11:21.465 [FXGL Background Thread 3 ] DEBUG Engine               - isLinux: false
18:11:21.465 [FXGL Background Thread 3 ] DEBUG Engine               - isMac: false
18:11:21.465 [FXGL Background Thread 3 ] DEBUG Engine               - isMainMenuEnabled: false
18:11:21.465 [FXGL Background Thread 3 ] DEBUG Engine               - isManualResizeEnabled: false
18:11:21.465 [FXGL Background Thread 3 ] DEBUG Engine               - isMobile: false
18:11:21.465 [FXGL Background Thread 3 ] DEBUG Engine               - isNative: false
18:11:21.465 [FXGL Background Thread 3 ] DEBUG Engine               - isPauseMusicWhenMinimized: true
18:11:21.465 [FXGL Background Thread 3 ] DEBUG Engine               - isPreserveResizeRatio: true
18:11:21.465 [FXGL Background Thread 3 ] DEBUG Engine               - isProfilingEnabled: false
18:11:21.465 [FXGL Background Thread 3 ] DEBUG Engine               - isScaleAffectedOnResize: true
18:11:21.465 [FXGL Background Thread 3 ] DEBUG Engine               - isSingleStep: false
18:11:21.465 [FXGL Background Thread 3 ] DEBUG Engine               - isUserProfileEnabled: false
18:11:21.465 [FXGL Background Thread 3 ] DEBUG Engine               - isWindows: true
18:11:21.465 [FXGL Background Thread 3 ] DEBUG Engine               - language: ObjectProperty [value: ENGLISH]
18:11:21.465 [FXGL Background Thread 3 ] DEBUG Engine               - menuKey: ESCAPE
18:11:21.465 [FXGL Background Thread 3 ] DEBUG Engine               - mouseSensitivity: 0.2
18:11:21.465 [FXGL Background Thread 3 ] DEBUG Engine               - notificationViewClass: class com.almasb.fxgl.notification.view.XboxNotificationView
18:11:21.465 [FXGL Background Thread 3 ] DEBUG Engine               - pixelsPerMeter: 50.0
18:11:21.465 [FXGL Background Thread 3 ] DEBUG Engine               - platform: WINDOWS
18:11:21.465 [FXGL Background Thread 3 ] DEBUG Engine               - prefHeightProperty: ReadOnlyDoubleProperty [value: 720.0]
18:11:21.465 [FXGL Background Thread 3 ] DEBUG Engine               - prefWidthProperty: ReadOnlyDoubleProperty [value: 1280.0]
18:11:21.465 [FXGL Background Thread 3 ] DEBUG Engine               - profileDir: profiles/
18:11:21.465 [FXGL Background Thread 3 ] DEBUG Engine               - profileName: StringProperty [value: DEFAULT]
18:11:21.465 [FXGL Background Thread 3 ] DEBUG Engine               - randomSeed: -1
18:11:21.465 [FXGL Background Thread 3 ] DEBUG Engine               - runtimeInfo: RuntimeInfo(platform=WINDOWS, version=21.1, build=27.03.2024 07.52)
18:11:21.465 [FXGL Background Thread 3 ] DEBUG Engine               - saveFileExt: sav
18:11:21.465 [FXGL Background Thread 3 ] DEBUG Engine               - scaledHeightProp$fxgl: DoubleProperty [bound, value: 720.0]
18:11:21.465 [FXGL Background Thread 3 ] DEBUG Engine               - scaledWidthProp$fxgl: DoubleProperty [bound, value: 1280.0]
18:11:21.465 [FXGL Background Thread 3 ] DEBUG Engine               - sceneFactory: com.almasb.fxgl.app.scene.SceneFactory@22bf8273
18:11:21.465 [FXGL Background Thread 3 ] DEBUG Engine               - secondsIn24h: 60
18:11:21.465 [FXGL Background Thread 3 ] DEBUG Engine               - soundMenuBack: menu/back.wav
18:11:21.465 [FXGL Background Thread 3 ] DEBUG Engine               - soundMenuPress: menu/press.wav
18:11:21.465 [FXGL Background Thread 3 ] DEBUG Engine               - soundMenuSelect: menu/select.wav
18:11:21.465 [FXGL Background Thread 3 ] DEBUG Engine               - soundNotification: core/notification.wav
18:11:21.465 [FXGL Background Thread 3 ] DEBUG Engine               - stageStyle: DECORATED
18:11:21.465 [FXGL Background Thread 3 ] DEBUG Engine               - supportedLanguages: [ENGLISH, FRENCH, GERMAN, HUNGARIAN, RUSSIAN]
18:11:21.466 [FXGL Background Thread 3 ] DEBUG Engine               - ticksPerSecond: -1
18:11:21.466 [FXGL Background Thread 3 ] DEBUG Engine               - title: RougeVolley — 地牢探险
18:11:21.466 [FXGL Background Thread 3 ] DEBUG Engine               - urlGithub: https://github.com/AlmasB/FXGL
18:11:21.466 [FXGL Background Thread 3 ] DEBUG Engine               - urlLeaderboard: http://fxgl-top.herokuapp.com/
18:11:21.466 [FXGL Background Thread 3 ] DEBUG Engine               - urlPOM: https://raw.githubusercontent.com/AlmasB/FXGL/release/README.md
18:11:21.466 [FXGL Background Thread 3 ] DEBUG Engine               - userAppClass: class org.example.rougevolley.RougeVolleyFXGL
18:11:21.466 [FXGL Background Thread 3 ] DEBUG Engine               - version: 0.1.0
18:11:21.466 [FXGL Background Thread 3 ] DEBUG Engine               - versionCheckDays: 7
18:11:21.466 [FXGL Background Thread 3 ] DEBUG Engine               - width: 1280
18:11:21.466 [FXGL Background Thread 3 ] DEBUG Engine               - Logging services
18:11:21.466 [FXGL Background Thread 3 ] DEBUG Engine               - class com.almasb.fxgl.app.services.FXGLAssetLoaderService
18:11:21.466 [FXGL Background Thread 3 ] DEBUG Engine               - class com.almasb.fxgl.app.FXGLApplication$GameApplicationService
18:11:21.466 [FXGL Background Thread 3 ] DEBUG Engine               - class com.almasb.fxgl.app.services.FXGLDialogService
18:11:21.466 [FXGL Background Thread 3 ] DEBUG Engine               - class com.almasb.fxgl.app.services.IOTaskExecutorService
18:11:21.466 [FXGL Background Thread 3 ] DEBUG Engine               - class com.almasb.fxgl.io.FileSystemService
18:11:21.466 [FXGL Background Thread 3 ] DEBUG Engine               - class com.almasb.fxgl.localization.LocalizationService
18:11:21.466 [FXGL Background Thread 3 ] DEBUG Engine               - class com.almasb.fxgl.app.services.SystemBundleService
18:11:21.466 [FXGL Background Thread 3 ] DEBUG Engine               - class com.almasb.fxgl.profile.SaveLoadService
18:11:21.466 [FXGL Background Thread 3 ] DEBUG Engine               - class com.almasb.fxgl.ui.FXGLUIFactoryServiceProvider
18:11:21.466 [FXGL Background Thread 3 ] DEBUG Engine               - class com.almasb.fxgl.ui.FXGLDialogFactoryServiceProvider
18:11:21.466 [FXGL Background Thread 3 ] DEBUG Engine               - class com.almasb.fxgl.audio.AudioPlayer
18:11:21.466 [FXGL Background Thread 3 ] DEBUG Engine               - class com.almasb.fxgl.notification.impl.NotificationServiceProvider
18:11:21.466 [FXGL Background Thread 3 ] DEBUG Engine               - class com.almasb.fxgl.achievement.AchievementService
18:11:21.466 [FXGL Background Thread 3 ] DEBUG Engine               - class com.almasb.fxgl.cutscene.CutsceneService
18:11:21.466 [FXGL Background Thread 3 ] DEBUG Engine               - class com.almasb.fxgl.minigames.MiniGameService
18:11:21.466 [FXGL Background Thread 3 ] DEBUG Engine               - class com.almasb.fxgl.net.NetService
18:11:21.466 [FXGL Background Thread 3 ] DEBUG Engine               - class com.almasb.fxgl.app.services.UpdaterService
18:11:21.466 [FXGL Background Thread 3 ] DEBUG Engine               - class com.almasb.fxgl.dev.DevService
18:11:21.922 [JavaFX Application Thread] INFO  UpgradeManager       - 已加载 3 个升级选项
18:11:21.956 [JavaFX Application Thread] INFO  RougeVolleyFXGL      - RougeVolley initialized. Dungeon: 6 rooms. Player at (320.0, 224.0)
18:11:21.956 [JavaFX Application Thread] DEBUG EventBus             - Firing event: javafx.event.Event[source=javafx.event.Event$$Lambda/0x000001365c17a630@7d105faa]
18:11:21.957 [JavaFX Application Thread] INFO  RougeVolleyFXGL      - Spawned 8 test enemies
18:11:21.957 [JavaFX Application Thread] INFO  RougeVolleyFXGL      - New game started. Player at (320.0, 224.0)
18:11:23.293 [JavaFX Application Thread] DEBUG EventBus             - Firing event: javafx.event.Event[source=javafx.event.Event$$Lambda/0x000001365c17a630@7d105faa]
18:11:23.367 [JavaFX Application Thread] DEBUG EventBus             - Firing event: javafx.event.Event[source=javafx.event.Event$$Lambda/0x000001365c17a630@7d105faa]
18:11:23.578 [JavaFX Application Thread] DEBUG EventBus             - Firing event: javafx.event.Event[source=javafx.event.Event$$Lambda/0x000001365c17a630@7d105faa]
18:11:23.633 [JavaFX Application Thread] DEBUG EventBus             - Firing event: javafx.event.Event[source=javafx.event.Event$$Lambda/0x000001365c17a630@7d105faa]
18:11:23.850 [JavaFX Application Thread] DEBUG EventBus             - Firing event: javafx.event.Event[source=javafx.event.Event$$Lambda/0x000001365c17a630@7d105faa]
18:11:23.945 [JavaFX Application Thread] DEBUG EventBus             - Firing event: javafx.event.Event[source=javafx.event.Event$$Lambda/0x000001365c17a630@7d105faa]
18:11:24.169 [JavaFX Application Thread] DEBUG EventBus             - Firing event: javafx.event.Event[source=javafx.event.Event$$Lambda/0x000001365c17a630@7d105faa]
18:11:24.233 [JavaFX Application Thread] DEBUG EventBus             - Firing event: javafx.event.Event[source=javafx.event.Event$$Lambda/0x000001365c17a630@7d105faa]
18:11:24.457 [JavaFX Application Thread] DEBUG EventBus             - Firing event: javafx.event.Event[source=javafx.event.Event$$Lambda/0x000001365c17a630@7d105faa]
18:11:24.525 [JavaFX Application Thread] DEBUG EventBus             - Firing event: javafx.event.Event[source=javafx.event.Event$$Lambda/0x000001365c17a630@7d105faa]
18:11:24.526 [JavaFX Application Thread] INFO  DamageSystem         - Enemy destroyed
18:11:24.526 [JavaFX Application Thread] DEBUG EventBus             - Firing event: javafx.event.Event[source=javafx.event.Event$$Lambda/0x000001365c17a630@7d105faa]
18:11:24.526 [JavaFX Application Thread] DEBUG EventBus             - Firing event: javafx.event.Event[source=javafx.event.Event$$Lambda/0x000001365c17a630@7d105faa]
18:11:24.809 [JavaFX Application Thread] DEBUG EventBus             - Firing event: javafx.event.Event[source=javafx.event.Event$$Lambda/0x000001365c17a630@7d105faa]
18:11:25.010 [JavaFX Application Thread] DEBUG EventBus             - Firing event: javafx.event.Event[source=javafx.event.Event$$Lambda/0x000001365c17a630@7d105faa]
18:11:25.126 [JavaFX Application Thread] DEBUG EventBus             - Firing event: javafx.event.Event[source=javafx.event.Event$$Lambda/0x000001365c17a630@7d105faa]
18:11:25.426 [JavaFX Application Thread] DEBUG EventBus             - Firing event: javafx.event.Event[source=javafx.event.Event$$Lambda/0x000001365c17a630@7d105faa]
18:11:25.542 [JavaFX Application Thread] DEBUG EventBus             - Firing event: javafx.event.Event[source=javafx.event.Event$$Lambda/0x000001365c17a630@7d105faa]
18:11:25.658 [JavaFX Application Thread] DEBUG EventBus             - Firing event: javafx.event.Event[source=javafx.event.Event$$Lambda/0x000001365c17a630@7d105faa]
18:11:25.767 [JavaFX Application Thread] DEBUG EventBus             - Firing event: javafx.event.Event[source=javafx.event.Event$$Lambda/0x000001365c17a630@7d105faa]
18:11:26.074 [JavaFX Application Thread] DEBUG EventBus             - Firing event: javafx.event.Event[source=javafx.event.Event$$Lambda/0x000001365c17a630@7d105faa]
18:11:26.183 [JavaFX Application Thread] DEBUG EventBus             - Firing event: javafx.event.Event[source=javafx.event.Event$$Lambda/0x000001365c17a630@7d105faa]
18:11:26.490 [JavaFX Application Thread] DEBUG EventBus             - Firing event: javafx.event.Event[source=javafx.event.Event$$Lambda/0x000001365c17a630@7d105faa]
18:11:26.602 [JavaFX Application Thread] DEBUG EventBus             - Firing event: javafx.event.Event[source=javafx.event.Event$$Lambda/0x000001365c17a630@7d105faa]
18:11:26.602 [JavaFX Application Thread] INFO  DamageSystem         - Enemy destroyed
18:11:26.602 [JavaFX Application Thread] DEBUG EventBus             - Firing event: javafx.event.Event[source=javafx.event.Event$$Lambda/0x000001365c17a630@7d105faa]
18:11:26.602 [JavaFX Application Thread] DEBUG EventBus             - Firing event: javafx.event.Event[source=javafx.event.Event$$Lambda/0x000001365c17a630@7d105faa]
18:11:27.785 [JavaFX Application Thread] DEBUG EventBus             - Firing event: javafx.event.Event[source=javafx.event.Event$$Lambda/0x000001365c17a630@7d105faa]
18:11:28.130 [JavaFX Application Thread] DEBUG EventBus             - Firing event: javafx.event.Event[source=javafx.event.Event$$Lambda/0x000001365c17a630@7d105faa]
18:11:39.827 [JavaFX Application Thread] DEBUG FXGLApplication      - Exiting FXGL
18:11:39.827 [JavaFX Application Thread] DEBUG LoopRunner           - Stopping loop
18:11:39.827 [JavaFX Application Thread] DEBUG SystemBundleService  - Saving FXGL system data
18:11:39.830 [JavaFX Application Thread] DEBUG FileSystemAccess     - Writing to: C:\Users\19559\IdeaProjects\RougeVolley\system\fxgl.bundle
18:11:39.831 [JavaFX Application Thread] DEBUG Async                - Shutting down background threads
18:11:39.832 [JavaFX Application Thread] DEBUG PrimaryStageWindow   - Closing main window
18:11:39.869 [JavaFX Application Thread] DEBUG Logger               - Closing Logger
